{"provider":"Microsoft-Windows-Sysmon","event_id":22,"Level":"4","Task":"22","time_created":"2025-06-10T16:01:50.4818112Z","EventRecordID":"113224","ExecutionProcessID":"2824","ExecutionThreadID":"4732","Channel":"Microsoft-Windows-Sysmon/Operational","host":"DC-01.kestrelag.com","Computer":"DC-01.kestrelag.com","RuleName":"-","UtcTime":"2025-06-10 16:01:50.481","ProcessGuid":"{83eb9c06-3c53-6840-9b79-f1e262f44f72}","ProcessId":"2372","QueryName":"_ldap._tcp.kestrelag.com","QueryStatus":"0","QueryResults":"0 100 389 DC-01.kestrelag.com;","Image":"C:\\Windows\\System32\\svchost.exe","User":"NT AUTHORITY\\LOCAL SERVICE"}
{"provider":"Microsoft-Windows-Sysmon","event_id":22,"Level":"4","Task":"22","time_created":"2025-06-10T16:01:50.8709193Z","EventRecordID":"113226","ExecutionProcessID":"2824","ExecutionThreadID":"1464","Channel":"Microsoft-Windows-Sysmon/Operational","host":"DC-01.kestrelag.com","Computer":"DC-01.kestrelag.com","RuleName":"-","UtcTime":"2025-06-10 16:01:50.870","ProcessGuid":"{83eb9c06-3c53-6840-9b79-f1e262f44f72}","ProcessId":"2372","QueryName":"_kerberos._tcp.kestrelag.com","QueryStatus":"0","QueryResults":"0 100 88 DC-01.kestrelag.com;","Image":"C:\\Windows\\System32\\svchost.exe","User":"NT AUTHORITY\\LOCAL SERVICE"}
{"provider":"Microsoft-Windows-Sysmon","event_id":22,"Level":"4","Task":"22","time_created":"2025-06-10T16:01:52.4220511Z","EventRecordID":"113229","ExecutionProcessID":"2824","ExecutionThreadID":"4208","Channel":"Microsoft-Windows-Sysmon/Operational","host":"DC-01.kestrelag.com","Computer":"DC-01.kestrelag.com","RuleName":"-","UtcTime":"2025-06-10 16:01:52.422","ProcessGuid":"{83eb9c06-3c53-6840-9b79-f1e262f44f72}","ProcessId":"2372","QueryName":"FS-01.kestrelag.com","QueryStatus":"0","QueryResults":"10.20.20.20;","Image":"C:\\Windows\\System32\\svchost.exe","User":"NT AUTHORITY\\LOCAL SERVICE"}
{"provider":"Microsoft-Windows-Sysmon","event_id":10,"Level":"4","Task":"10","time_created":"2025-06-10T16:02:03.6486223Z","EventRecordID":"356865","ExecutionProcessID":"2972","ExecutionThreadID":"2536","Channel":"Microsoft-Windows-Sysmon/Operational","host":"APP-01.kestrelag.com","Computer":"APP-01.kestrelag.com","RuleName":"-","UtcTime":"2025-06-10 16:02:03.648","SourceProcessGUID":"{01eec844-30dc-6844-08f8-381985f72980}","SourceProcessId":"3272","SourceImage":"C:\\Windows\\System32\\wbem\\WmiPrvSE.exe","SourceThreadId":"3648","SourceUser":"NT AUTHORITY\\NETWORK SERVICE","TargetProcessGUID":"{01eec844-30d1-6844-0496-deb55c9a5dde}","TargetProcessId":"2956","TargetImage":"C:\\Windows\\System32\\svchost.exe","TargetUser":"NT AUTHORITY\\SYSTEM","GrantedAccess":"0x1000","CallTrace":"C:\\Windows\\SYSTEM32\\ntdll.dll+9EAAE|C:\\Windows\\SYSTEM32\\RPCRT4.dll+7DF07|C:\\Windows\\SYSTEM32\\KERNELBASE.dll+2C61C"}
{"provider":"Microsoft-Windows-Sysmon","event_id":7,"Level":"4","Task":"7","time_created":"2025-06-10T16:02:18.0575892Z","EventRecordID":"113236","ExecutionProcessID":"2824","ExecutionThreadID":"1464","Channel":"Microsoft-Windows-Sysmon/Operational","host":"DC-01.kestrelag.com","Computer":"DC-01.kestrelag.com","RuleName":"-","UtcTime":"2025-06-10 16:02:18.057","ProcessGuid":"{83eb9c06-3c53-6840-79c6-31604a5ada0a}","ProcessId":"2376","Image":"C:\\Windows\\System32\\svchost.exe","ImageLoaded":"C:\\Program Files\\Cisco\\Cisco AnyConnect Secure Mobility Client\\vpnapi.dll","FileVersion":"5.1.4.74","Description":"Cisco Secure Client API","Product":"Cisco Secure Client","Company":"Cisco Systems, Inc.","OriginalFileName":"vpnapi.dll","Hashes":"SHA1=558BAB5949895B830CA45E75F09FB8934E7914BC,MD5=F77F3DA9BE8209A46C2E7A1CC27E40F2,SHA256=6BDA8E95531273676DF1C7BBF723070D6C6BF90250B5FBC99980B77F554B7A3F,IMPHASH=041B795A214B84F21AE78A14EE46F1B5","Signed":"true","Signature":"Cisco Systems, Inc.","SignatureStatus":"Valid"}
{"provider":"Microsoft-Windows-Sysmon","event_id":13,"Level":"4","Task":"13","time_created":"2025-06-10T16:02:20.6295316Z","EventRecordID":"113238","ExecutionProcessID":"2824","ExecutionThreadID":"1464","Channel":"Microsoft-Windows-Sysmon/Operational","host":"DC-01.kestrelag.com","Computer":"DC-01.kestrelag.com","RuleName":"-","EventType":"SetValue","UtcTime":"2025-06-10 16:02:20.629","ProcessGuid":"{83eb9c06-3c4d-6840-c63b-d50a7f627ba6}","ProcessId":"2332","Image":"C:\\Windows\\System32\\services.exe","User":"NT AUTHORITY\\SYSTEM","TargetObject":"HKLM\\SOFTWARE\\Microsoft\\Windows\\CurrentVersion\\Component Based Servicing\\Packages\\Package_for_KB5034122~31bf3856ad364e35~amd64~~10.0.17763.4\\CurrentState","Details":"DWORD (0x00000070)"}
{"provider":"Microsoft-Windows-Sysmon","event_id":13,"Level":"4","Task":"13","time_created":"2025-06-10T16:02:20.9324377Z","EventRecordID":"113239","ExecutionProcessID":"2824","ExecutionThreadID":"1464","Channel":"Microsoft-Windows-Sysmon/Operational","host":"DC-01.kestrelag.com","Computer":"DC-01.kestrelag.com","RuleName":"-","EventType":"SetValue","UtcTime":"2025-06-10 16:02:20.932","ProcessGuid":"{83eb9c06-3c58-6840-02ee-5fa814203eb4}","ProcessId":"2400","Image":"C:\\Windows\\System32\\svchost.exe","User":"NT AUTHORITY\\SYSTEM","TargetObject":"HKLM\\SOFTWARE\\Microsoft\\Windows\\CurrentVersion\\Component Based Servicing\\Packages\\Package_for_DotNetRollup~31bf3856ad364e35~amd64~~10.0.17763.58\\CurrentState","Details":"DWORD (0x00000070)"}
{"provider":"Microsoft-Windows-Sysmon","event_id":5,"Level":"4","Task":"5","time_created":"2025-06-10T16:02:29.4223814Z","EventRecordID":"113244","ExecutionProcessID":"2824","ExecutionThreadID":"4732","Channel":"Microsoft-Windows-Sysmon/Operational","host":"DC-01.kestrelag.com","Computer":"DC-01.kestrelag.com","RuleName":"-","UtcTime":"2025-06-10 16:02:29.422","ProcessGuid":"{83eb9c06-42e6-6848-2fd1-f63187e29003}","ProcessId":"7856","Image":"C:\\Windows\\System32\\dllhost.exe","User":"NT AUTHORITY\\SYSTEM"}
{"provider":"Microsoft-Windows-Sysmon","event_id":10,"Level":"4","Task":"10","time_created":"2025-06-10T16:02:36.3965244Z","EventRecordID":"356871","ExecutionProcessID":"2972","ExecutionThreadID":"2480","Channel":"Microsoft-Windows-Sysmon/Operational","host":"APP-01.kestrelag.com","Computer":"APP-01.kestrelag.com","RuleName":"-","UtcTime":"2025-06-10 16:02:36.396","SourceProcessGUID":"{01eec844-30e0-6844-e12e-595b0182bf71}","SourceProcessId":"3300","SourceImage":"C:\\ProgramData\\Microsoft\\Windows Defender\\Platform\\4.18.2301.6-0\\MpCmdRun.exe","SourceThreadId":"7844","SourceUser":"NT AUTHORITY\\SYSTEM","TargetProcessGUID":"{01eec844-30dc-6844-1327-bfc2763e8f9c}","TargetProcessId":"3208","TargetImage":"C:\\ProgramData\\Microsoft\\Windows Defender\\Platform\\4.18.2301.6-0\\MsMpEng.exe","TargetUser":"NT AUTHORITY\\SYSTEM","GrantedAccess":"0x1010","CallTrace":"C:\\Windows\\SYSTEM32\\ntdll.dll+9EAAE|C:\\Windows\\SYSTEM32\\RPCRT4.dll+7DF07|C:\\Windows\\SYSTEM32\\KERNELBASE.dll+2C61C"}
{"provider":"Microsoft-Windows-Sysmon","event_id":10,"Level":"4","Task":"10","time_created":"2025-06-10T16:02:40.0489769Z","EventRecordID":"184427","ExecutionProcessID":"1836","ExecutionThreadID":"2452","Channel":"Microsoft-Windows-Sysmon/Operational","host":"FS-01.kestrelag.com","Computer":"FS-01.kestrelag.com","RuleName":"-","UtcTime":"2025-06-10 16:02:40.048","SourceProcessGUID":"{73626057-6a53-6830-7239-531b408f7c72}","SourceProcessId":"3508","SourceImage":"C:\\Windows\\System32\\svchost.exe","SourceThreadId":"4776","SourceUser":"NT AUTHORITY\\SYSTEM","TargetProcessGUID":"{73626057-6a4e-6830-c8d4-3dd19f8e8c46}","TargetProcessId":"3468","TargetImage":"C:\\Windows\\System32\\lsass.exe","TargetUser":"NT AUTHORITY\\SYSTEM","GrantedAccess":"0x1400","CallTrace":"C:\\Windows\\SYSTEM32\\ntdll.dll+9E947|C:\\Windows\\SYSTEM32\\RPCRT4.dll+7C327|C:\\Windows\\SYSTEM32\\KERNELBASE.dll+2D1AC"}
{"provider":"Microsoft-Windows-Sysmon","event_id":1,"Level":"4","Task":"1","time_created":"2025-06-10T16:02:46.3796867Z","EventRecordID":"356873","ExecutionProcessID":"2972","ExecutionThreadID":"2480","Channel":"Microsoft-Windows-Sysmon/Operational","host":"APP-01.kestrelag.com","Computer":"APP-01.kestrelag.com","RuleName":"-","UtcTime":"2025-06-10 16:02:46.379","ProcessGuid":"{01eec844-5726-6848-dad1-b277ab5f5984}","ProcessId":"7400","Image":"C:\\Windows\\System32\\wbem\\WmiPrvSE.exe","FileVersion":"10.0.17763.1","Description":"WMI Provider Host","Product":"Microsoft Windows Operating System","Company":"Microsoft Corporation","OriginalFileName":"WmiPrvSE.exe","CommandLine":"WmiPrvSE.exe -Embedding","CurrentDirectory":"C:\\Windows\\System32\\","User":"NT AUTHORITY\\SYSTEM","LogonGuid":"{6e80e2f9-de2b-480b-83cd-330a62b589f6}","LogonId":"0x3e7","TerminalSessionId":"0","IntegrityLevel":"System","Hashes":"SHA1=6AD156D08BB4F9B25234F96E34E653FD71462DB9,MD5=30A5B57A08718348FAB95C22B5AECB52,SHA256=41F3A56D4D7DE7B7E4D6F1A6EAB3F159A1E5C8210760E3507918D6055AD0F8CF,IMPHASH=CDFFA5B4AF7AA0CE617D43ED10715987","ParentProcessGuid":"{01eec844-30cf-6844-0ccc-54da7a5d697b}","ParentProcessId":"2948","ParentImage":"C:\\Windows\\System32\\svchost.exe","ParentCommandLine":"svchost.exe -k DcomLaunch"}
{"provider":"Microsoft-Windows-Sysmon","event_id":5,"Level":"4","Task":"5","time_created":"2025-06-10T16:02:52.7608539Z","EventRecordID":"113249","ExecutionProcessID":"2824","ExecutionThreadID":"4732","Channel":"Microsoft-Windows-Sysmon/Operational","host":"DC-01.kestrelag.com","Computer":"DC-01.kestrelag.com","RuleName":"-","UtcTime":"2025-06-10 16:02:52.760","ProcessGuid":"{83eb9c06-1f8e-6848-ef48-b39f2393f11b}","ProcessId":"6284","Image":"C:\\Windows\\System32\\conhost.exe","User":"NT AUTHORITY\\SYSTEM"}
{"provider":"Microsoft-Windows-Sysmon","event_id":5,"Level":"4","Task":"5","time_created":"2025-06-10T16:03:25.2890465Z","EventRecordID":"356874","ExecutionProcessID":"2972","ExecutionThreadID":"2480","Channel":"Microsoft-Windows-Sysmon/Operational","host":"APP-01.kestrelag.com","Computer":"APP-01.kestrelag.com","RuleName":"-","UtcTime":"2025-06-10 16:03:25.289","ProcessGuid":"{01eec844-2f9d-6848-48cc-1f4bdb381302}","ProcessId":"6248","Image":"C:\\Windows\\System32\\dllhost.exe","User":"NT AUTHORITY\\SYSTEM"}
{"provider":"Microsoft-Windows-Sysmon","event_id":5,"Level":"4","Task":"5","time_created":"2025-06-10T16:03:26.4198817Z","EventRecordID":"113260","ExecutionProcessID":"2824","ExecutionThreadID":"4732","Channel":"Microsoft-Windows-Sysmon/Operational","host":"DC-01.kestrelag.com","Computer":"DC-01.kestrelag.com","RuleName":"-","UtcTime":"2025-06-10 16:03:26.419","ProcessGuid":"{83eb9c06-3126-6848-8f43-50f72ac6fa6f}","ProcessId":"7004","Image":"C:\\Windows\\System32\\usoclient.exe","User":"NT AUTHORITY\\SYSTEM"}
{"provider":"Microsoft-Windows-Sysmon","event_id":13,"Level":"4","Task":"13","time_created":"2025-06-10T16:03:26.7515074Z","EventRecordID":"356877","ExecutionProcessID":"2972","ExecutionThreadID":"2480","Channel":"Microsoft-Windows-Sysmon/Operational","host":"APP-01.kestrelag.com","Computer":"APP-01.kestrelag.com","RuleName":"-","EventType":"SetValue","UtcTime":"2025-06-10 16:03:26.751","ProcessGuid":"{01eec844-30cb-6844-c713-342d9b6db6df}","ProcessId":"2896","Image":"C:\\Windows\\System32\\services.exe","User":"NT AUTHORITY\\SYSTEM","TargetObject":"HKLM\\SOFTWARE\\Microsoft\\Windows\\CurrentVersion\\Explorer\\Shell Folders\\Common Startup","Details":"C:\\ProgramData\\Microsoft\\Windows\\Start Menu\\Programs\\Startup"}
{"provider":"Microsoft-Windows-Sysmon","event_id":1,"Level":"4","Task":"1","time_created":"2025-06-10T16:03:31.0373550Z","EventRecordID":"113264","ExecutionProcessID":"2824","ExecutionThreadID":"4208","Channel":"Microsoft-Windows-Sysmon/Operational","host":"DC-01.kestrelag.com","Computer":"DC-01.kestrelag.com","RuleName":"-","UtcTime":"2025-06-10 16:03:31.037","ProcessGuid":"{83eb9c06-5753-6848-8dac-124055759579}","ProcessId":"8148","Image":"C:\\Windows\\System32\\dllhost.exe","FileVersion":"10.0.17763.1","Description":"COM Surrogate","Product":"Microsoft Windows Operating System","Company":"Microsoft Corporation","OriginalFileName":"dllhost.exe","CommandLine":"dllhost.exe /Processid:{AB8902B4-09CA-4BB6-B78D-A8F59079A8D5}","CurrentDirectory":"C:\\Windows\\System32\\","User":"NT AUTHORITY\\SYSTEM","LogonGuid":"{a3d8ed8f-60dc-4557-8c5a-6fda4ef39281}","LogonId":"0x3e7","TerminalSessionId":"0","IntegrityLevel":"System","Hashes":"SHA1=E9843285F306715E9377A11649761552EAB1A78D,MD5=99E15BCE4A20CCD57152F4560FE025DD,SHA256=AE87276FEB54EB8E5D8CF628D65D2300337F1BDBEF5D6F1CDE2FBDBCDA2178B6,IMPHASH=9C46F35652CBE94C2DC7B1693268CB59","ParentProcessGuid":"{83eb9c06-3c50-6840-2e62-9271a2f53d72}","ParentProcessId":"2340","ParentImage":"C:\\Windows\\System32\\svchost.exe","ParentCommandLine":"svchost.exe -k DcomLaunch"}
{"provider":"Microsoft-Windows-Sysmon","event_id":10,"Level":"4","Task":"10","time_created":"2025-06-10T16:03:49.3385441Z","EventRecordID":"113308","ExecutionProcessID":"2824","ExecutionThreadID":"4208","Channel":"Microsoft-Windows-Sysmon/Operational","host":"DC-01.kestrelag.com","Computer":"DC-01.kestrelag.com","RuleName":"-","UtcTime":"2025-06-10 16:03:49.338","SourceProcessGUID":"{83eb9c06-3c62-6840-706a-7953947a2634}","SourceProcessId":"2432","SourceImage":"C:\\Windows\\System32\\dllhost.exe","SourceThreadId":"8060","SourceUser":"NT AUTHORITY\\SYSTEM","TargetProcessGUID":"{83eb9c06-3c6e-6840-a821-9a16dd0d7358}","TargetProcessId":"2504","TargetImage":"C:\\Windows\\System32\\winlogon.exe","TargetUser":"NT AUTHORITY\\SYSTEM","GrantedAccess":"0x0400","CallTrace":"C:\\Windows\\SYSTEM32\\ntdll.dll+9E796|C:\\Windows\\SYSTEM32\\RPCRT4.dll+7C732|C:\\Windows\\SYSTEM32\\KERNELBASE.dll+2D0BD"}
{"provider":"Microsoft-Windows-Sysmon","event_id":1,"Level":"4","Task":"1","time_created":"2025-06-10T16:04:15.2173462Z","EventRecordID":"184433","ExecutionProcessID":"1836","ExecutionThreadID":"2452","Channel":"Microsoft-Windows-Sysmon/Operational","host":"FS-01.kestrelag.com","Computer":"FS-01.kestrelag.com","RuleName":"-","UtcTime":"2025-06-10 16:04:15.217","ProcessGuid":"{73626057-577f-6848-d45e-b3fbd8d84460}","ProcessId":"7992","Image":"C:\\Windows\\System32\\svchost.exe","FileVersion":"10.0.17763.1","Description":"Host Process for Windows Services","Product":"Microsoft Windows Operating System","Company":"Microsoft Corporation","OriginalFileName":"svchost.exe","CommandLine":"svchost.exe -k netsvcs -p -s Winmgmt","CurrentDirectory":"C:\\Windows\\System32\\","User":"NT AUTHORITY\\SYSTEM","LogonGuid":"{67f6c453-3625-42d1-adcd-099656740ac3}","LogonId":"0x3e7","TerminalSessionId":"0","IntegrityLevel":"System","Hashes":"SHA1=FD5E52F6038DA3B46E67E5FFE69F1A7559330D6A,MD5=EB48672D9EF9F83CC59D0219312B398F,SHA256=A3EF6409F80683E76DC6B4A4A3DD02D3E25751B2088B9B18C8442471FF61DAF2,IMPHASH=B021D5C7B5AECC0A9822BE11A8A924DD","ParentProcessGuid":"{73626057-6a4d-6830-573e-775c161b88f4}","ParentProcessId":"3448","ParentImage":"C:\\Windows\\System32\\services.exe","ParentCommandLine":"services.exe"}
{"provider":"Microsoft-Windows-Sysmon","event_id":5,"Level":"4","Task":"5","time_created":"2025-06-10T16:04:22.5510643Z","EventRecordID":"113324","ExecutionProcessID":"2824","ExecutionThreadID":"4732","Channel":"Microsoft-Windows-Sysmon/Operational","host":"DC-01.kestrelag.com","Computer":"DC-01.kestrelag.com","RuleName":"-","UtcTime":"2025-06-10 16:04:22.551","ProcessGuid":"{83eb9c06-2632-6848-2d48-b3550f104ea3}","ProcessId":"6884","Image":"C:\\Windows\\System32\\wsqmcons.exe","User":"NT AUTHORITY\\SYSTEM"}
{"provider":"Microsoft-Windows-Sysmon","event_id":10,"Level":"4","Task":"10","time_created":"2025-06-10T16:04:32.5977794Z","EventRecordID":"113327","ExecutionProcessID":"2824","ExecutionThreadID":"4208","Channel":"Microsoft-Windows-Sysmon/Operational","host":"DC-01.kestrelag.com","Computer":"DC-01.kestrelag.com","RuleName":"-","UtcTime":"2025-06-10 16:04:32.597","SourceProcessGUID":"{83eb9c06-3c4d-6840-c63b-d50a7f627ba6}","SourceProcessId":"2332","SourceImage":"C:\\Windows\\System32\\services.exe","SourceThreadId":"9236","SourceUser":"NT AUTHORITY\\SYSTEM","TargetProcessGUID":"{83eb9c06-3c5e-6840-430c-36e4077ad2ab}","TargetProcessId":"2420","TargetImage":"C:\\ProgramData\\Microsoft\\Windows Defender\\Platform\\4.18.2301.6-0\\MsMpEng.exe","TargetUser":"NT AUTHORITY\\SYSTEM","GrantedAccess":"0x1010","CallTrace":"C:\\Windows\\SYSTEM32\\ntdll.dll+9E98D|C:\\Windows\\SYSTEM32\\KERNELBASE.dll+2C6D3|C:\\Windows\\SYSTEM32\\sechost.dll+13AC4"}
{"provider":"Microsoft-Windows-Sysmon","event_id":13,"Level":"4","Task":"13","time_created":"2025-06-10T16:04:32.8055814Z","EventRecordID":"356878","ExecutionProcessID":"2972","ExecutionThreadID":"1868","Channel":"Microsoft-Windows-Sysmon/Operational","host":"APP-01.kestrelag.com","Computer":"APP-01.kestrelag.com","RuleName":"-","EventType":"SetValue","UtcTime":"2025-06-10 16:04:32.805","ProcessGuid":"{01eec844-30da-6844-6c9a-d9ae4bf081f3}","ProcessId":"3192","Image":"C:\\Windows\\System32\\svchost.exe","User":"NT AUTHORITY\\SYSTEM","TargetObject":"HKLM\\SOFTWARE\\Microsoft\\Windows\\CurrentVersion\\Component Based Servicing\\Packages\\Package_for_DotNetRollup~31bf3856ad364e35~amd64~~10.0.17763.10\\CurrentState","Details":"DWORD (0x00000070)"}
{"provider":"Microsoft-Windows-Sysmon","event_id":1,"Level":"4","Task":"1","time_created":"2025-06-10T16:04:46.6889036Z","EventRecordID":"356881","ExecutionProcessID":"2972","ExecutionThreadID":"1868","Channel":"Microsoft-Windows-Sysmon/Operational","host":"APP-01.kestrelag.com","Computer":"APP-01.kestrelag.com","RuleName":"-","UtcTime":"2025-06-10 16:04:46.688","ProcessGuid":"{01eec844-579e-6848-c86c-b3e87edf508d}","ProcessId":"7224","Image":"C:\\Windows\\System32\\spoolsv.exe","FileVersion":"10.0.17763.1","Description":"Spooler SubSystem App","Product":"Microsoft Windows Operating System","Company":"Microsoft Corporation","OriginalFileName":"spoolsv.exe","CommandLine":"spoolsv.exe","CurrentDirectory":"C:\\Windows\\System32\\","User":"NT AUTHORITY\\SYSTEM","LogonGuid":"{6e80e2f9-de2b-480b-83cd-330a62b589f6}","LogonId":"0x3e7","TerminalSessionId":"0","IntegrityLevel":"System","Hashes":"SHA1=8B59008737D33B5BCA045151AF021AABD98439A3,MD5=4F536831C985CBDD3249858CF932D323,SHA256=07678F8EF3083FD98A053BD645A18CE0B942E4B233FBF3CF43F260265BEA96D7,IMPHASH=4513BBB7C5050F93AF0F3FAE3DF44DC9","ParentProcessGuid":"{01eec844-30cb-6844-c713-342d9b6db6df}","ParentProcessId":"2896","ParentImage":"C:\\Windows\\System32\\services.exe","ParentCommandLine":"services.exe"}
{"provider":"Microsoft-Windows-Sysmon","event_id":10,"Level":"4","Task":"10","time_created":"2025-06-10T16:05:30.4607274Z","EventRecordID":"184435","ExecutionProcessID":"1836","ExecutionThreadID":"2452","Channel":"Microsoft-Windows-Sysmon/Operational","host":"FS-01.kestrelag.com","Computer":"FS-01.kestrelag.com","RuleName":"-","UtcTime":"2025-06-10 16:05:30.460","SourceProcessGUID":"{73626057-6a5d-6830-6341-b8586d590491}","SourceProcessId":"3668","SourceImage":"C:\\Windows\\System32\\SearchIndexer.exe","SourceThreadId":"7248","SourceUser":"NT AUTHORITY\\SYSTEM","TargetProcessGUID":"{73626057-6a60-6830-603a-d1b13b13a27b}","TargetProcessId":"3744","TargetImage":"C:\\Windows\\System32\\SearchProtocolHost.exe","TargetUser":"NT AUTHORITY\\SYSTEM","GrantedAccess":"0x1000","CallTrace":"C:\\Windows\\SYSTEM32\\ntdll.dll+9E396|C:\\Windows\\SYSTEM32\\KERNELBASE.dll+2CE84|C:\\Windows\\SYSTEM32\\wbemcomn.dll+15BB6"}
{"provider":"Microsoft-Windows-Sysmon","event_id":13,"Level":"4","Task":"13","time_created":"2025-06-10T16:05:42.2766409Z","EventRecordID":"113334","ExecutionProcessID":"2824","ExecutionThreadID":"1464","Channel":"Microsoft-Windows-Sysmon/Operational","host":"DC-01.kestrelag.com","Computer":"DC-01.kestrelag.com","RuleName":"-","EventType":"SetValue","UtcTime":"2025-06-10 16:05:42.276","ProcessGuid":"{83eb9c06-3c58-6840-02ee-5fa814203eb4}","ProcessId":"2400","Image":"C:\\Windows\\System32\\svchost.exe","User":"NT AUTHORITY\\SYSTEM","TargetObject":"HKLM\\SOFTWARE\\Microsoft\\Windows\\CurrentVersion\\Component Based Servicing\\Packages\\Microsoft-Windows-Client-Features~31bf3856ad364e35~amd64~~10.0.17763.80\\CurrentState","Details":"DWORD (0x00000070)"}
{"provider":"Microsoft-Windows-Sysmon","event_id":1,"Level":"4","Task":"1","time_created":"2025-06-10T16:05:49.2794819Z","EventRecordID":"356883","ExecutionProcessID":"2972","ExecutionThreadID":"1868","Channel":"Microsoft-Windows-Sysmon/Operational","host":"APP-01.kestrelag.com","Computer":"APP-01.kestrelag.com","RuleName":"-","UtcTime":"2025-06-10 16:05:49.279","ProcessGuid":"{01eec844-57dd-6848-8560-74b45896ec31}","ProcessId":"7288","Image":"C:\\Windows\\System32\\conhost.exe","FileVersion":"10.0.17763.1","Description":"Console Window Host","Product":"Microsoft Windows Operating System","Company":"Microsoft Corporation","OriginalFileName":"conhost.exe","CommandLine":"conhost.exe 0x4","CurrentDirectory":"C:\\Windows\\System32\\","User":"NT AUTHORITY\\SYSTEM","LogonGuid":"{6e80e2f9-de2b-480b-83cd-330a62b589f6}","LogonId":"0x3e7","TerminalSessionId":"0","IntegrityLevel":"System","Hashes":"SHA1=557074AD8C63724D84703B56EC227FDE3FB2489A,MD5=DCB5E59D04CEF4B56E122A414818296C,SHA256=75F4776894793D4C6031A15418D586152AFD71CD2FB299182FCCB695A83E3403,IMPHASH=C0DA3B1C668315577E451FFE623DA443","ParentProcessGuid":"{01eec844-30ca-6844-0f9a-f707423126a3}","ParentProcessId":"2840","ParentImage":"C:\\Windows\\System32\\csrss.exe","ParentCommandLine":"csrss.exe"}
{"provider":"Microsoft-Windows-Sysmon","event_id":10,"Level":"4","Task":"10","time_created":"2025-06-10T16:06:03.2453524Z","EventRecordID":"113335","ExecutionProcessID":"2824","ExecutionThreadID":"4732","Channel":"Microsoft-Windows-Sysmon/Operational","host":"DC-01.kestrelag.com","Computer":"DC-01.kestrelag.com","RuleName":"-","UtcTime":"2025-06-10 16:06:03.245","SourceProcessGUID":"{83eb9c06-3c4b-6840-8c8c-98abbd047e91}","SourceProcessId":"2252","SourceImage":"C:\\Windows\\System32\\csrss.exe","SourceThreadId":"5108","SourceUser":"NT AUTHORITY\\SYSTEM","TargetProcessGUID":"{83eb9c06-3c4c-6840-9a7d-d55929bf8c83}","TargetProcessId":"2336","TargetImage":"C:\\Windows\\System32\\lsass.exe","TargetUser":"NT AUTHORITY\\SYSTEM","GrantedAccess":"0x1000","CallTrace":"C:\\Windows\\SYSTEM32\\ntdll.dll+9DA41|C:\\Windows\\SYSTEM32\\KERNELBASE.dll+2DD3E|C:\\Windows\\SYSTEM32\\advapi32.dll+4C3AA"}
{"provider":"Microsoft-Windows-Sysmon","event_id":5,"Level":"4","Task":"5","time_created":"2025-06-10T16:06:05.8765475Z","EventRecordID":"356914","ExecutionProcessID":"2972","ExecutionThreadID":"2536","Channel":"Microsoft-Windows-Sysmon/Operational","host":"APP-01.kestrelag.com","Computer":"APP-01.kestrelag.com","RuleName":"-","UtcTime":"2025-06-10 16:06:05.876","ProcessGuid":"{01eec844-3640-6848-8413-3d952ce937c8}","ProcessId":"6748","Image":"C:\\Windows\\System32\\MpCmdRun.exe","User":"NT AUTHORITY\\SYSTEM"}
{"provider":"Microsoft-Windows-Sysmon","event_id":1,"Level":"4","Task":"1","time_created":"2025-06-10T16:06:24.1764417Z","EventRecordID":"113349","ExecutionProcessID":"2824","ExecutionThreadID":"4208","Channel":"Microsoft-Windows-Sysmon/Operational","host":"DC-01.kestrelag.com","Computer":"DC-01.kestrelag.com","RuleName":"-","UtcTime":"2025-06-10 16:06:24.176","ProcessGuid":"{83eb9c06-5800-6848-b7a2-351d75c72861}","ProcessId":"8156","Image":"C:\\Windows\\System32\\dllhost.exe","FileVersion":"10.0.17763.1","Description":"COM Surrogate","Product":"Microsoft Windows Operating System","Company":"Microsoft Corporation","OriginalFileName":"dllhost.exe","CommandLine":"dllhost.exe /Processid:{AB8902B4-09CA-4BB6-B78D-A8F59079A8D5}","CurrentDirectory":"C:\\Windows\\System32\\","User":"NT AUTHORITY\\SYSTEM","LogonGuid":"{a3d8ed8f-60dc-4557-8c5a-6fda4ef39281}","LogonId":"0x3e7","TerminalSessionId":"0","IntegrityLevel":"System","Hashes":"SHA1=E9843285F306715E9377A11649761552EAB1A78D,MD5=99E15BCE4A20CCD57152F4560FE025DD,SHA256=AE87276FEB54EB8E5D8CF628D65D2300337F1BDBEF5D6F1CDE2FBDBCDA2178B6,IMPHASH=9C46F35652CBE94C2DC7B1693268CB59","ParentProcessGuid":"{83eb9c06-3c50-6840-2e62-9271a2f53d72}","ParentProcessId":"2340","ParentImage":"C:\\Windows\\System32\\svchost.exe","ParentCommandLine":"svchost.exe -k DcomLaunch"}
{"provider":"Microsoft-Windows-Sysmon","event_id":1,"Level":"4","Task":"1","time_created":"2025-06-10T16:06:24.9526140Z","EventRecordID":"356917","ExecutionProcessID":"2972","ExecutionThreadID":"1868","Channel":"Microsoft-Windows-Sysmon/Operational","host":"APP-01.kestrelag.com","Computer":"APP-01.kestrelag.com","RuleName":"-","UtcTime":"2025-06-10 16:06:24.952","ProcessGuid":"{01eec844-5800-6848-140c-b99831850f54}","ProcessId":"7472","Image":"C:\\Windows\\System32\\wsqmcons.exe","FileVersion":"10.0.17763.1","Description":"Windows SQM Consolidator","Product":"Microsoft Windows Operating System","Company":"Microsoft Corporation","OriginalFileName":"wsqmcons.exe","CommandLine":"wsqmcons.exe","CurrentDirectory":"C:\\Windows\\System32\\","User":"NT AUTHORITY\\SYSTEM","LogonGuid":"{6e80e2f9-de2b-480b-83cd-330a62b589f6}","LogonId":"0x3e7","TerminalSessionId":"0","IntegrityLevel":"System","Hashes":"SHA1=8A715D5D87965D5858C24C51A83F5CAF5FCD28C4,MD5=82480936095C372A12CDC27F2DF66821,SHA256=52B419E87B8F91CA40C54A78C989931F2D836A98E6887375237E8414851F3607,IMPHASH=221ED000F783E25325E78176C1AB8641","ParentProcessGuid":"{01eec844-30d1-6844-0496-deb55c9a5dde}","ParentProcessId":"2956","ParentImage":"C:\\Windows\\System32\\svchost.exe","ParentCommandLine":"svchost.exe -k LocalSystem"}
{"provider":"Microsoft-Windows-Sysmon","event_id":10,"Level":"4","Task":"10","time_created":"2025-06-10T16:06:41.5605721Z","EventRecordID":"184438","ExecutionProcessID":"1836","ExecutionThreadID":"2272","Channel":"Microsoft-Windows-Sysmon/Operational","host":"FS-01.kestrelag.com","Computer":"FS-01.kestrelag.com","RuleName":"-","UtcTime":"2025-06-10 16:06:41.560","SourceProcessGUID":"{73626057-6a4d-6830-573e-775c161b88f4}","SourceProcessId":"3448","SourceImage":"C:\\Windows\\System32\\services.exe","SourceThreadId":"4524","SourceUser":"NT AUTHORITY\\SYSTEM","TargetProcessGUID":"{73626057-6a4e-6830-c8d4-3dd19f8e8c46}","TargetProcessId":"3468","TargetImage":"C:\\Windows\\System32\\lsass.exe","TargetUser":"NT AUTHORITY\\SYSTEM","GrantedAccess":"0x0400","CallTrace":"C:\\Windows\\SYSTEM32\\ntdll.dll+9CF8A|C:\\Windows\\SYSTEM32\\KERNELBASE.dll+2D424|C:\\Windows\\SYSTEM32\\sechost.dll+1381F"}
{"provider":"Microsoft-Windows-Sysmon","event_id":1,"Level":"4","Task":"1","time_created":"2025-06-10T16:06:51.9991086Z","EventRecordID":"113353","ExecutionProcessID":"2824","ExecutionThreadID":"1464","Channel":"Microsoft-Windows-Sysmon/Operational","host":"DC-01.kestrelag.com","Computer":"DC-01.kestrelag.com","RuleName":"-","UtcTime":"2025-06-10 16:06:51.999","ProcessGuid":"{83eb9c06-581b-6848-e9dc-1742682fe80c}","ProcessId":"8492","Image":"C:\\Windows\\System32\\usoclient.exe","FileVersion":"10.0.17763.1","Description":"Update Session Orchestrator","Product":"Microsoft Windows Operating System","Company":"Microsoft Corporation","OriginalFileName":"UsoClient.exe","CommandLine":"usoclient.exe StartScan","CurrentDirectory":"C:\\Windows\\System32\\","User":"NT AUTHORITY\\SYSTEM","LogonGuid":"{a3d8ed8f-60dc-4557-8c5a-6fda4ef39281}","LogonId":"0x3e7","TerminalSessionId":"0","IntegrityLevel":"System","Hashes":"SHA1=C767054065B19A5450CFF1749D104FBB9EBBCF35,MD5=F42F3909AC031B335F1E786FB6BF598C,SHA256=43E9AAA397C85442B996052AF581B6B049EF03E4716AC3525AA695AA41967FCF,IMPHASH=E27D3E9AB8E8FD24AB0E373C60BBF32B","ParentProcessGuid":"{83eb9c06-3c58-6840-02ee-5fa814203eb4}","ParentProcessId":"2400","ParentImage":"C:\\Windows\\System32\\svchost.exe","ParentCommandLine":"svchost.exe -k wusvcs"}
{"provider":"Microsoft-Windows-Sysmon","event_id":13,"Level":"4","Task":"13","time_created":"2025-06-10T16:07:08.2188576Z","EventRecordID":"356923","ExecutionProcessID":"2972","ExecutionThreadID":"2536","Channel":"Microsoft-Windows-Sysmon/Operational","host":"APP-01.kestrelag.com","Computer":"APP-01.kestrelag.com","RuleName":"-","EventType":"SetValue","UtcTime":"2025-06-10 16:07:08.218","ProcessGuid":"{01eec844-30df-6844-9968-77335289deee}","ProcessId":"3288","Image":"C:\\Windows\\System32\\dllhost.exe","User":"NT AUTHORITY\\SYSTEM","TargetObject":"HKLM\\SOFTWARE\\Microsoft\\Windows\\CurrentVersion\\WINEVT\\Channels\\Microsoft-Windows-Sysmon/Operational\\Enabled","Details":"DWORD (0x00000001)"}
{"provider":"Microsoft-Windows-Sysmon","event_id":7,"Level":"4","Task":"7","time_created":"2025-06-10T16:07:08.6056576Z","EventRecordID":"113359","ExecutionProcessID":"2824","ExecutionThreadID":"1464","Channel":"Microsoft-Windows-Sysmon/Operational","host":"DC-01.kestrelag.com","Computer":"DC-01.kestrelag.com","RuleName":"-","UtcTime":"2025-06-10 16:07:08.605","ProcessGuid":"{83eb9c06-1683-6848-450f-7f33b243d570}","ProcessId":"6056","Image":"C:\\Windows\\System32\\taskhostw.exe","ImageLoaded":"C:\\ProgramData\\Microsoft\\Windows Defender\\Platform\\4.18.2301.6-0\\MpClient.dll","FileVersion":"10.0.19041.1","Description":"MpClient.dll system library","Product":"Microsoft Windows Operating System","Company":"Microsoft Corporation","OriginalFileName":"MpClient.dll","Hashes":"SHA1=4EBD0CB418B646D66B75B6D3F2B67E91F7B3B446,MD5=5F2E97046C77BE473616ED1279BEAA8E,SHA256=422A0693BDA99E6CDFF4A8A0C8BD30836EEF8EB07274C75EEF93A5821955DB34,IMPHASH=6D02D9D84BB1546D6814A7A1F16E72C7","Signed":"true","Signature":"Microsoft Corporation","SignatureStatus":"Valid"}
{"provider":"Microsoft-Windows-Sysmon","event_id":13,"Level":"4","Task":"13","time_created":"2025-06-10T16:07:14.4193918Z","EventRecordID":"184445","ExecutionProcessID":"1836","ExecutionThreadID":"2452","Channel":"Microsoft-Windows-Sysmon/Operational","host":"FS-01.kestrelag.com","Computer":"FS-01.kestrelag.com","RuleName":"-","EventType":"SetValue","UtcTime":"2025-06-10 16:07:14.419","ProcessGuid":"{73626057-6a63-6830-9aca-5aafa96f6427}","ProcessId":"3772","Image":"C:\\Windows\\System32\\msiexec.exe","User":"NT AUTHORITY\\SYSTEM","TargetObject":"HKLM\\SOFTWARE\\Microsoft\\Windows\\CurrentVersion\\Component Based Servicing\\Packages\\Package_for_RollupFix~31bf3856ad364e35~amd64~~10.0.17763.7\\CurrentState","Details":"DWORD (0x00000070)"}
{"provider":"Microsoft-Windows-Sysmon","event_id":10,"Level":"4","Task":"10","time_created":"2025-06-10T16:07:29.5459478Z","EventRecordID":"113361","ExecutionProcessID":"2824","ExecutionThreadID":"4208","Channel":"Microsoft-Windows-Sysmon/Operational","host":"DC-01.kestrelag.com","Computer":"DC-01.kestrelag.com","RuleName":"-","UtcTime":"2025-06-10 16:07:29.545","SourceProcessGUID":"{83eb9c06-3c5e-6840-430c-36e4077ad2ab}","SourceProcessId":"2420","SourceImage":"C:\\ProgramData\\Microsoft\\Windows Defender\\Platform\\4.18.2301.6-0\\MsMpEng.exe","SourceThreadId":"1628","SourceUser":"NT AUTHORITY\\SYSTEM","TargetProcessGUID":"{83eb9c06-3c6e-6840-a821-9a16dd0d7358}","TargetProcessId":"2504","TargetImage":"C:\\Windows\\System32\\winlogon.exe","TargetUser":"NT AUTHORITY\\SYSTEM","GrantedAccess":"0x1010","CallTrace":"C:\\Windows\\SYSTEM32\\ntdll.dll+9E4A8"}
{"provider":"Microsoft-Windows-Sysmon","event_id":10,"Level":"4","Task":"10","time_created":"2025-06-10T16:07:40.7471170Z","EventRecordID":"184449","ExecutionProcessID":"1836","ExecutionThreadID":"2272","Channel":"Microsoft-Windows-Sysmon/Operational","host":"FS-01.kestrelag.com","Computer":"FS-01.kestrelag.com","RuleName":"-","UtcTime":"2025-06-10 16:07:40.747","SourceProcessGUID":"{73626057-6a5a-6830-decf-94ef7dc2c111}","SourceProcessId":"3616","SourceImage":"C:\\ProgramData\\Microsoft\\Windows Defender\\Platform\\4.18.2301.6-0\\MsMpEng.exe","SourceThreadId":"5500","SourceUser":"NT AUTHORITY\\SYSTEM","TargetProcessGUID":"{73626057-6a4e-6830-c8d4-3dd19f8e8c46}","TargetProcessId":"3468","TargetImage":"C:\\Windows\\System32\\lsass.exe","TargetUser":"NT AUTHORITY\\SYSTEM","GrantedAccess":"0x1410","CallTrace":"C:\\Windows\\SYSTEM32\\ntdll.dll+9E0D2|C:\\Windows\\SYSTEM32\\KERNELBASE.dll+2C574"}
{"provider":"Microsoft-Windows-Sysmon","event_id":1,"Level":"4","Task":"1","time_created":"2025-06-10T16:07:56.1939710Z","EventRecordID":"113367","ExecutionProcessID":"2824","ExecutionThreadID":"4732","Channel":"Microsoft-Windows-Sysmon/Operational","host":"DC-01.kestrelag.com","Computer":"DC-01.kestrelag.com","RuleName":"-","UtcTime":"2025-06-10 16:07:56.193","ProcessGuid":"{83eb9c06-585c-6848-8188-18616633f754}","ProcessId":"8124","Image":"C:\\Windows\\System32\\wbem\\WmiPrvSE.exe","FileVersion":"10.0.17763.1","Description":"WMI Provider Host","Product":"Microsoft Windows Operating System","Company":"Microsoft Corporation","OriginalFileName":"WmiPrvSE.exe","CommandLine":"WmiPrvSE.exe -secured -Embedding","CurrentDirectory":"C:\\Windows\\System32\\","User":"NT AUTHORITY\\SYSTEM","LogonGuid":"{a3d8ed8f-60dc-4557-8c5a-6fda4ef39281}","LogonId":"0x3e7","TerminalSessionId":"0","IntegrityLevel":"System","Hashes":"SHA1=6AD156D08BB4F9B25234F96E34E653FD71462DB9,MD5=30A5B57A08718348FAB95C22B5AECB52,SHA256=41F3A56D4D7DE7B7E4D6F1A6EAB3F159A1E5C8210760E3507918D6055AD0F8CF,IMPHASH=CDFFA5B4AF7AA0CE617D43ED10715987","ParentProcessGuid":"{83eb9c06-3c50-6840-2e62-9271a2f53d72}","ParentProcessId":"2340","ParentImage":"C:\\Windows\\System32\\svchost.exe","ParentCommandLine":"svchost.exe -k DcomLaunch"}
{"provider":"Microsoft-Windows-Sysmon","event_id":13,"Level":"4","Task":"13","time_created":"2025-06-10T16:07:56.6917429Z","EventRecordID":"184480","ExecutionProcessID":"1836","ExecutionThreadID":"2272","Channel":"Microsoft-Windows-Sysmon/Operational","host":"FS-01.kestrelag.com","Computer":"FS-01.kestrelag.com","RuleName":"-","EventType":"SetValue","UtcTime":"2025-06-10 16:07:56.691","ProcessGuid":"{73626057-6a4d-6830-573e-775c161b88f4}","ProcessId":"3448","Image":"C:\\Windows\\System32\\services.exe","User":"NT AUTHORITY\\SYSTEM","TargetObject":"HKLM\\SOFTWARE\\Microsoft\\Windows\\CurrentVersion\\Component Based Servicing\\Packages\\Package_for_KB5034122~31bf3856ad364e35~amd64~~10.0.17763.30\\CurrentState","Details":"DWORD (0x00000070)"}
{"provider":"Microsoft-Windows-Sysmon","event_id":22,"Level":"4","Task":"22","time_created":"2025-06-10T16:07:58.8827175Z","EventRecordID":"113417","ExecutionProcessID":"2824","ExecutionThreadID":"4732","Channel":"Microsoft-Windows-Sysmon/Operational","host":"DC-01.kestrelag.com","Computer":"DC-01.kestrelag.com","RuleName":"-","UtcTime":"2025-06-10 16:07:58.882","ProcessGuid":"{83eb9c06-3c53-6840-9b79-f1e262f44f72}","ProcessId":"2372","QueryName":"receiver.citrix.com","QueryStatus":"0","QueryResults":"23.45.126.52;23.45.127.52;","Image":"C:\\Windows\\System32\\svchost.exe","User":"NT AUTHORITY\\LOCAL SERVICE"}
{"provider":"Microsoft-Windows-Sysmon","event_id":22,"Level":"4","Task":"22","time_created":"2025-06-10T16:07:59.4418279Z","EventRecordID":"113420","ExecutionProcessID":"2824","ExecutionThreadID":"4732","Channel":"Microsoft-Windows-Sysmon/Operational","host":"DC-01.kestrelag.com","Computer":"DC-01.kestrelag.com","RuleName":"-","UtcTime":"2025-06-10 16:07:59.441","ProcessGuid":"{83eb9c06-3c53-6840-9b79-f1e262f44f72}","ProcessId":"2372","QueryName":"receiver.citrix.com","QueryStatus":"0","QueryResults":"2a02:26f0:2d7f:0034::1;","Image":"C:\\Windows\\System32\\svchost.exe","User":"NT AUTHORITY\\LOCAL SERVICE"}
{"provider":"Microsoft-Windows-Sysmon","event_id":13,"Level":"4","Task":"13","time_created":"2025-06-10T16:08:14.7306797Z","EventRecordID":"184486","ExecutionProcessID":"1836","ExecutionThreadID":"2228","Channel":"Microsoft-Windows-Sysmon/Operational","host":"FS-01.kestrelag.com","Computer":"FS-01.kestrelag.com","RuleName":"-","EventType":"SetValue","UtcTime":"2025-06-10 16:08:14.730","ProcessGuid":"{73626057-6a63-6830-9aca-5aafa96f6427}","ProcessId":"3772","Image":"C:\\Windows\\System32\\msiexec.exe","User":"NT AUTHORITY\\SYSTEM","TargetObject":"HKLM\\SOFTWARE\\Microsoft\\Windows\\CurrentVersion\\Component Based Servicing\\Packages\\Package_for_KB5034122~31bf3856ad364e35~amd64~~10.0.17763.45\\CurrentState","Details":"DWORD (0x00000070)"}
{"provider":"Microsoft-Windows-Sysmon","event_id":5,"Level":"4","Task":"5","time_created":"2025-06-10T16:08:15.5985007Z","EventRecordID":"113466","ExecutionProcessID":"2824","ExecutionThreadID":"4732","Channel":"Microsoft-Windows-Sysmon/Operational","host":"DC-01.kestrelag.com","Computer":"DC-01.kestrelag.com","RuleName":"-","UtcTime":"2025-06-10 16:08:15.598","ProcessGuid":"{83eb9c06-2ef1-6848-6c9b-34ce3daecf04}","ProcessId":"6644","Image":"C:\\Windows\\System32\\conhost.exe","User":"NT AUTHORITY\\SYSTEM"}
{"provider":"Microsoft-Windows-Sysmon","event_id":13,"Level":"4","Task":"13","time_created":"2025-06-10T16:08:16.4558288Z","EventRecordID":"113473","ExecutionProcessID":"2824","ExecutionThreadID":"1464","Channel":"Microsoft-Windows-Sysmon/Operational","host":"DC-01.kestrelag.com","Computer":"DC-01.kestrelag.com","RuleName":"-","EventType":"SetValue","UtcTime":"2025-06-10 16:08:16.455","ProcessGuid":"{83eb9c06-3c50-6840-fff0-b83914b1f523}","ProcessId":"2368","Image":"C:\\Windows\\System32\\svchost.exe","User":"NT AUTHORITY\\NETWORK SERVICE","TargetObject":"HKLM\\SYSTEM\\CurrentControlSet\\Services\\Netlogon\\Parameters\\DynamicSiteName","Details":"Default-First-Site-Name"}
{"provider":"Microsoft-Windows-Sysmon","event_id":13,"Level":"4","Task":"13","time_created":"2025-06-10T16:08:48.7690123Z","EventRecordID":"113484","ExecutionProcessID":"2824","ExecutionThreadID":"4208","Channel":"Microsoft-Windows-Sysmon/Operational","host":"DC-01.kestrelag.com","Computer":"DC-01.kestrelag.com","RuleName":"-","EventType":"SetValue","UtcTime":"2025-06-10 16:08:48.769","ProcessGuid":"{83eb9c06-3c58-6840-02ee-5fa814203eb4}","ProcessId":"2400","Image":"C:\\Windows\\System32\\svchost.exe","User":"NT AUTHORITY\\SYSTEM","TargetObject":"HKLM\\SOFTWARE\\Microsoft\\Windows\\CurrentVersion\\Component Based Servicing\\Packages\\Package_for_ServicingStack~31bf3856ad364e35~amd64~~10.0.17763.29\\CurrentState","Details":"DWORD (0x00000070)"}
{"provider":"Microsoft-Windows-Sysmon","event_id":1,"Level":"4","Task":"1","time_created":"2025-06-10T16:08:50.1613898Z","EventRecordID":"184487","ExecutionProcessID":"1836","ExecutionThreadID":"2452","Channel":"Microsoft-Windows-Sysmon/Operational","host":"FS-01.kestrelag.com","Computer":"FS-01.kestrelag.com","RuleName":"-","UtcTime":"2025-06-10 16:08:50.161","ProcessGuid":"{73626057-5892-6848-9895-bb516989be11}","ProcessId":"7996","Image":"C:\\Windows\\WinSxS\\amd64_microsoft-windows-servicingstack_31bf3856ad364e35_10.0.17763.5329_none_7c91d6e7c9f7f1f5\\TiWorker.exe","FileVersion":"10.0.17763.5329","Description":"Windows Module Installer Worker","Product":"Microsoft Windows Operating System","Company":"Microsoft Corporation","OriginalFileName":"TiWorker.exe","CommandLine":"TiWorker.exe -Embedding","CurrentDirectory":"C:\\Windows\\System32\\","User":"NT AUTHORITY\\SYSTEM","LogonGuid":"{67f6c453-3625-42d1-adcd-099656740ac3}","LogonId":"0x3e7","TerminalSessionId":"0","IntegrityLevel":"System","Hashes":"SHA1=DFCEC41AA0EC233EC31C0EE54E13568005EC9338,MD5=C6FA6F18FDB062DC0371021D3CDC862D,SHA256=9144EE45736D7C21710276008109395FFBE50F687636251296390DFC2E168A05,IMPHASH=3B7A904FCD0C2F9BDAF7A3C1DB99406F","ParentProcessGuid":"{73626057-6a54-6830-3b9a-fd8334072425}","ParentProcessId":"3524","ParentImage":"C:\\Windows\\System32\\svchost.exe","ParentCommandLine":"svchost.exe -k netsvcs"}
{"provider":"Microsoft-Windows-Sysmon","event_id":13,"Level":"4","Task":"13","time_created":"2025-06-10T16:08:54.1032100Z","EventRecordID":"113491","ExecutionProcessID":"2824","ExecutionThreadID":"4208","Channel":"Microsoft-Windows-Sysmon/Operational","host":"DC-01.kestrelag.com","Computer":"DC-01.kestrelag.com","RuleName":"-","EventType":"SetValue","UtcTime":"2025-06-10 16:08:54.103","ProcessGuid":"{83eb9c06-3c68-6840-2daf-30b3835c0825}","ProcessId":"2452","Image":"C:\\ProgramData\\Microsoft\\Windows Defender\\Platform\\4.18.2301.6-0\\MpCmdRun.exe","User":"NT AUTHORITY\\SYSTEM","TargetObject":"HKLM\\SOFTWARE\\Microsoft\\Windows Defender\\Real-Time Protection\\DisableRealtimeMonitoring","Details":"DWORD (0x00000000)"}
{"provider":"Microsoft-Windows-Sysmon","event_id":1,"Level":"4","Task":"1","time_created":"2025-06-10T16:08:58.8355177Z","EventRecordID":"113497","ExecutionProcessID":"2824","ExecutionThreadID":"4208","Channel":"Microsoft-Windows-Sysmon/Operational","host":"DC-01.kestrelag.com","Computer":"DC-01.kestrelag.com","RuleName":"-","UtcTime":"2025-06-10 16:08:58.835","ProcessGuid":"{83eb9c06-589a-6848-2f2e-546da5fe0280}","ProcessId":"8204","Image":"C:\\Windows\\System32\\conhost.exe","FileVersion":"10.0.17763.1","Description":"Console Window Host","Product":"Microsoft Windows Operating System","Company":"Microsoft Corporation","OriginalFileName":"conhost.exe","CommandLine":"conhost.exe 0x4","CurrentDirectory":"C:\\Windows\\System32\\","User":"NT AUTHORITY\\SYSTEM","LogonGuid":"{a3d8ed8f-60dc-4557-8c5a-6fda4ef39281}","LogonId":"0x3e7","TerminalSessionId":"0","IntegrityLevel":"System","Hashes":"SHA1=557074AD8C63724D84703B56EC227FDE3FB2489A,MD5=DCB5E59D04CEF4B56E122A414818296C,SHA256=75F4776894793D4C6031A15418D586152AFD71CD2FB299182FCCB695A83E3403,IMPHASH=C0DA3B1C668315577E451FFE623DA443","ParentProcessGuid":"{83eb9c06-3c4b-6840-8c8c-98abbd047e91}","ParentProcessId":"2252","ParentImage":"C:\\Windows\\System32\\csrss.exe","ParentCommandLine":"csrss.exe"}
{"provider":"Microsoft-Windows-Sysmon","event_id":5,"Level":"4","Task":"5","time_created":"2025-06-10T16:10:16.1258829Z","EventRecordID":"184491","ExecutionProcessID":"1836","ExecutionThreadID":"2272","Channel":"Microsoft-Windows-Sysmon/Operational","host":"FS-01.kestrelag.com","Computer":"FS-01.kestrelag.com","RuleName":"-","UtcTime":"2025-06-10 16:10:16.125","ProcessGuid":"{73626057-4239-6848-86f7-d1ca3a5c961d}","ProcessId":"7512","Image":"C:\\Windows\\System32\\usoclient.exe","User":"NT AUTHORITY\\SYSTEM"}
{"provider":"Microsoft-Windows-Sysmon","event_id":5,"Level":"4","Task":"5","time_created":"2025-06-10T16:10:16.5751623Z","EventRecordID":"356929","ExecutionProcessID":"2972","ExecutionThreadID":"2480","Channel":"Microsoft-Windows-Sysmon/Operational","host":"APP-01.kestrelag.com","Computer":"APP-01.kestrelag.com","RuleName":"-","UtcTime":"2025-06-10 16:10:16.575","ProcessGuid":"{01eec844-3bf1-6848-cf8d-df5a0f2f4132}","ProcessId":"6668","Image":"C:\\Windows\\System32\\dllhost.exe","User":"NT AUTHORITY\\SYSTEM"}
{"provider":"Microsoft-Windows-Sysmon","event_id":5,"Level":"4","Task":"5","time_created":"2025-06-10T16:10:45.1237915Z","EventRecordID":"184492","ExecutionProcessID":"1836","ExecutionThreadID":"2272","Channel":"Microsoft-Windows-Sysmon/Operational","host":"FS-01.kestrelag.com","Computer":"FS-01.kestrelag.com","RuleName":"-","UtcTime":"2025-06-10 16:10:45.123","ProcessGuid":"{73626057-1497-6848-166a-9380708c7f79}","ProcessId":"6124","Image":"C:\\Windows\\WinSxS\\amd64_microsoft-windows-servicingstack_31bf3856ad364e35_10.0.17763.5329_none_7c91d6e7c9f7f1f5\\TiWorker.exe","User":"NT AUTHORITY\\SYSTEM"}
{"provider":"Microsoft-Windows-Sysmon","event_id":13,"Level":"4","Task":"13","time_created":"2025-06-10T16:10:46.5927581Z","EventRecordID":"113504","ExecutionProcessID":"2824","ExecutionThreadID":"4208","Channel":"Microsoft-Windows-Sysmon/Operational","host":"DC-01.kestrelag.com","Computer":"DC-01.kestrelag.com","RuleName":"-","EventType":"SetValue","UtcTime":"2025-06-10 16:10:46.592","ProcessGuid":"{83eb9c06-3c4d-6840-c63b-d50a7f627ba6}","ProcessId":"2332","Image":"C:\\Windows\\System32\\services.exe","User":"NT AUTHORITY\\SYSTEM","TargetObject":"HKLM\\SOFTWARE\\Microsoft\\Windows\\CurrentVersion\\Run\\SecurityHealthSystray","Details":"C:\\Windows\\System32\\SecurityHealthSystray.exe"}
{"provider":"Microsoft-Windows-Sysmon","event_id":5,"Level":"4","Task":"5","time_created":"2025-06-10T16:10:57.8318604Z","EventRecordID":"184494","ExecutionProcessID":"1836","ExecutionThreadID":"2272","Channel":"Microsoft-Windows-Sysmon/Operational","host":"FS-01.kestrelag.com","Computer":"FS-01.kestrelag.com","RuleName":"-","UtcTime":"2025-06-10 16:10:57.831","ProcessGuid":"{73626057-3e27-6848-88c7-f96e88bf117d}","ProcessId":"6948","Image":"C:\\Windows\\System32\\dllhost.exe","User":"NT AUTHORITY\\SYSTEM"}
{"provider":"Microsoft-Windows-Sysmon","event_id":5,"Level":"4","Task":"5","time_created":"2025-06-10T16:11:03.8465034Z","EventRecordID":"113508","ExecutionProcessID":"2824","ExecutionThreadID":"4732","Channel":"Microsoft-Windows-Sysmon/Operational","host":"DC-01.kestrelag.com","Computer":"DC-01.kestrelag.com","RuleName":"-","UtcTime":"2025-06-10 16:11:03.846","ProcessGuid":"{83eb9c06-3f52-6848-a609-5dfd27078faf}","ProcessId":"7464","Image":"C:\\Windows\\System32\\usoclient.exe","User":"NT AUTHORITY\\SYSTEM"}
{"provider":"Microsoft-Windows-Sysmon","event_id":13,"Level":"4","Task":"13","time_created":"2025-06-10T16:11:11.2962712Z","EventRecordID":"184496","ExecutionProcessID":"1836","ExecutionThreadID":"2452","Channel":"Microsoft-Windows-Sysmon/Operational","host":"FS-01.kestrelag.com","Computer":"FS-01.kestrelag.com","RuleName":"-","EventType":"SetValue","UtcTime":"2025-06-10 16:11:11.296","ProcessGuid":"{73626057-6a54-6830-3b9a-fd8334072425}","ProcessId":"3524","Image":"C:\\Windows\\System32\\svchost.exe","User":"NT AUTHORITY\\NETWORK SERVICE","TargetObject":"HKLM\\SYSTEM\\CurrentControlSet\\Services\\Netlogon\\Parameters\\DynamicSiteName","Details":"Default-First-Site-Name"}
{"provider":"Microsoft-Windows-Sysmon","event_id":1,"Level":"4","Task":"1","time_created":"2025-06-10T16:11:19.2540448Z","EventRecordID":"113511","ExecutionProcessID":"2824","ExecutionThreadID":"4732","Channel":"Microsoft-Windows-Sysmon/Operational","host":"DC-01.kestrelag.com","Computer":"DC-01.kestrelag.com","RuleName":"-","UtcTime":"2025-06-10 16:11:19.254","ProcessGuid":"{83eb9c06-5927-6848-7c9a-30d5d44ce5a9}","ProcessId":"8496","Image":"C:\\Windows\\System32\\wsqmcons.exe","FileVersion":"10.0.17763.1","Description":"Windows SQM Consolidator","Product":"Microsoft Windows Operating System","Company":"Microsoft Corporation","OriginalFileName":"wsqmcons.exe","CommandLine":"wsqmcons.exe","CurrentDirectory":"C:\\Windows\\System32\\","User":"NT AUTHORITY\\SYSTEM","LogonGuid":"{a3d8ed8f-60dc-4557-8c5a-6fda4ef39281}","LogonId":"0x3e7","TerminalSessionId":"0","IntegrityLevel":"System","Hashes":"SHA1=8A715D5D87965D5858C24C51A83F5CAF5FCD28C4,MD5=82480936095C372A12CDC27F2DF66821,SHA256=52B419E87B8F91CA40C54A78C989931F2D836A98E6887375237E8414851F3607,IMPHASH=221ED000F783E25325E78176C1AB8641","ParentProcessGuid":"{83eb9c06-3c50-6840-0540-37d27b762555}","ParentProcessId":"2352","ParentImage":"C:\\Windows\\System32\\svchost.exe","ParentCommandLine":"svchost.exe -k LocalSystem"}
{"provider":"Microsoft-Windows-Sysmon","event_id":7,"Level":"4","Task":"7","time_created":"2025-06-10T16:11:37.5169502Z","EventRecordID":"184503","ExecutionProcessID":"1836","ExecutionThreadID":"2272","Channel":"Microsoft-Windows-Sysmon/Operational","host":"FS-01.kestrelag.com","Computer":"FS-01.kestrelag.com","RuleName":"-","UtcTime":"2025-06-10 16:11:37.516","ProcessGuid":"{73626057-6a54-6830-3b9a-fd8334072425}","ProcessId":"3524","Image":"C:\\Windows\\System32\\svchost.exe","ImageLoaded":"C:\\Program Files\\Windows Defender Advanced Threat Protection\\SenseCncProxy.dll","FileVersion":"10.8049.22439.1065","Description":"Microsoft Defender for Endpoint Sensor Command Proxy","Product":"Microsoft Defender for Endpoint","Company":"Microsoft Corporation","OriginalFileName":"SenseCncProxy.dll","Hashes":"SHA1=80520C50C30D947A68E2E01E4B92DF5FF29928FA,MD5=D6395FA4C4ABC4A284744C04BC2C6207,SHA256=69D6A3AB75BCB21819F7D54E69E6BA2CB32C8E958F27473FD54099ADEB4BB353,IMPHASH=D775FDE08B202AEDA21B2DF864344D45","Signed":"true","Signature":"Microsoft Corporation","SignatureStatus":"Valid"}
{"provider":"Microsoft-Windows-Sysmon","event_id":5,"Level":"4","Task":"5","time_created":"2025-06-10T16:11:52.0819923Z","EventRecordID":"184508","ExecutionProcessID":"1836","ExecutionThreadID":"2452","Channel":"Microsoft-Windows-Sysmon/Operational","host":"FS-01.kestrelag.com","Computer":"FS-01.kestrelag.com","RuleName":"-","UtcTime":"2025-06-10 16:11:52.081","ProcessGuid":"{73626057-2984-6848-407d-7492d46b5a9b}","ProcessId":"6804","Image":"C:\\Windows\\System32\\wbem\\WmiPrvSE.exe","User":"NT AUTHORITY\\SYSTEM"}
{"provider":"Microsoft-Windows-Sysmon","event_id":10,"Level":"4","Task":"10","time_created":"2025-06-10T16:11:59.5667742Z","EventRecordID":"184512","ExecutionProcessID":"1836","ExecutionThreadID":"2228","Channel":"Microsoft-Windows-Sysmon/Operational","host":"FS-01.kestrelag.com","Computer":"FS-01.kestrelag.com","RuleName":"-","UtcTime":"2025-06-10 16:11:59.566","SourceProcessGUID":"{73626057-6a5a-6830-decf-94ef7dc2c111}","SourceProcessId":"3616","SourceImage":"C:\\ProgramData\\Microsoft\\Windows Defender\\Platform\\4.18.2301.6-0\\MsMpEng.exe","SourceThreadId":"6448","SourceUser":"NT AUTHORITY\\SYSTEM","TargetProcessGUID":"{73626057-6a4e-6830-c8d4-3dd19f8e8c46}","TargetProcessId":"3468","TargetImage":"C:\\Windows\\System32\\lsass.exe","TargetUser":"NT AUTHORITY\\SYSTEM","GrantedAccess":"0x1410","CallTrace":"C:\\Windows\\SYSTEM32\\ntdll.dll+9E947|C:\\Windows\\SYSTEM32\\RPCRT4.dll+7C327|C:\\Windows\\SYSTEM32\\KERNELBASE.dll+2D1AC"}
{"provider":"Microsoft-Windows-Sysmon","event_id":22,"Level":"4","Task":"22","time_created":"2025-06-10T16:12:11.2029308Z","EventRecordID":"113512","ExecutionProcessID":"2824","ExecutionThreadID":"1464","Channel":"Microsoft-Windows-Sysmon/Operational","host":"DC-01.kestrelag.com","Computer":"DC-01.kestrelag.com","RuleName":"-","UtcTime":"2025-06-10 16:12:11.202","ProcessGuid":"{83eb9c06-3c53-6840-9b79-f1e262f44f72}","ProcessId":"2372","QueryName":"config.zscaler.net","QueryStatus":"0","QueryResults":"147.161.128.40;147.161.129.40;","Image":"C:\\Windows\\System32\\svchost.exe","User":"NT AUTHORITY\\LOCAL SERVICE"}
