{"provider":"Microsoft-Windows-Sysmon","event_id":5,"Level":"4","Task":"5","time_created":"2025-06-10T14:14:51.4639551Z","EventRecordID":"110752","ExecutionProcessID":"2824","ExecutionThreadID":"4208","Channel":"Microsoft-Windows-Sysmon/Operational","host":"DC-01.kestrelag.com","Computer":"DC-01.kestrelag.com","RuleName":"-","UtcTime":"2025-06-10 14:14:51.463","ProcessGuid":"{83eb9c06-258b-6848-78bf-3ff0d0b29af0}","ProcessId":"6564","Image":"C:\\Windows\\System32\\wbem\\WmiPrvSE.exe","User":"NT AUTHORITY\\SYSTEM"}
{"provider":"Microsoft-Windows-Sysmon","event_id":3,"Level":"4","Task":"3","time_created":"2025-06-10T14:14:53.8341839Z","EventRecordID":"183282","ExecutionProcessID":"1836","ExecutionThreadID":"2452","Channel":"Microsoft-Windows-Sysmon/Operational","host":"FS-01.kestrelag.com","Computer":"FS-01.kestrelag.com","RuleName":"-","UtcTime":"2025-06-10 14:14:53.834","ProcessGuid":"{73626057-6a54-6830-3b9a-fd8334072425}","ProcessId":"3524","Image":"C:\\Windows\\System32\\svchost.exe","User":"NT AUTHORITY\\NETWORK SERVICE","Protocol":"tcp","Initiated":"true","SourceIsIpv6":"false","SourceIp":"10.20.20.20","SourceHostname":"FS-01.kestrelag.com","SourcePort":"50858","SourcePortName":"-","DestinationIsIpv6":"false","DestinationIp":"52.114.132.73","DestinationHostname":"ctldl.windowsupdate.com","DestinationPort":"443","DestinationPortName":"https"}
{"provider":"Microsoft-Windows-Sysmon","event_id":10,"Level":"4","Task":"10","time_created":"2025-06-10T14:15:08.8771084Z","EventRecordID":"110755","ExecutionProcessID":"2824","ExecutionThreadID":"4208","Channel":"Microsoft-Windows-Sysmon/Operational","host":"DC-01.kestrelag.com","Computer":"DC-01.kestrelag.com","RuleName":"-","UtcTime":"2025-06-10 14:15:08.877","SourceProcessGUID":"{83eb9c06-3c50-6840-fff0-b83914b1f523}","SourceProcessId":"2368","SourceImage":"C:\\Windows\\System32\\svchost.exe","SourceThreadId":"7120","SourceUser":"NT AUTHORITY\\NETWORK SERVICE","TargetProcessGUID":"{83eb9c06-3c4c-6840-9a7d-d55929bf8c83}","TargetProcessId":"2336","TargetImage":"C:\\Windows\\System32\\lsass.exe","TargetUser":"NT AUTHORITY\\SYSTEM","GrantedAccess":"0x1000","CallTrace":"C:\\Windows\\SYSTEM32\\ntdll.dll+9E98D|C:\\Windows\\SYSTEM32\\KERNELBASE.dll+2C6D3|C:\\Windows\\SYSTEM32\\sechost.dll+13AC4"}
{"provider":"Microsoft-Windows-Sysmon","event_id":5,"Level":"4","Task":"5","time_created":"2025-06-10T14:15:09.6588065Z","EventRecordID":"355922","ExecutionProcessID":"2972","ExecutionThreadID":"2480","Channel":"Microsoft-Windows-Sysmon/Operational","host":"APP-01.kestrelag.com","Computer":"APP-01.kestrelag.com","RuleName":"-","UtcTime":"2025-06-10 14:15:09.658","ProcessGuid":"{01eec844-0e39-6848-d8ce-3d5786107dcd}","ProcessId":"5688","Image":"C:\\Windows\\System32\\MpCmdRun.exe","User":"NT AUTHORITY\\SYSTEM"}
{"provider":"Microsoft-Windows-Sysmon","event_id":1,"Level":"4","Task":"1","time_created":"2025-06-10T14:15:11.3245837Z","EventRecordID":"183287","ExecutionProcessID":"1836","ExecutionThreadID":"2228","Channel":"Microsoft-Windows-Sysmon/Operational","host":"FS-01.kestrelag.com","Computer":"FS-01.kestrelag.com","RuleName":"-","UtcTime":"2025-06-10 14:15:11.324","ProcessGuid":"{73626057-3def-6848-e2fd-fe4bd71e0eba}","ProcessId":"7208","Image":"C:\\Windows\\WinSxS\\amd64_microsoft-windows-servicingstack_31bf3856ad364e35_10.0.17763.5329_none_7c91d6e7c9f7f1f5\\TiWorker.exe","FileVersion":"10.0.17763.5329","Description":"Windows Module Installer Worker","Product":"Microsoft Windows Operating System","Company":"Microsoft Corporation","OriginalFileName":"TiWorker.exe","CommandLine":"TiWorker.exe -Embedding","CurrentDirectory":"C:\\Windows\\System32\\","User":"NT AUTHORITY\\SYSTEM","LogonGuid":"{67f6c453-3625-42d1-adcd-099656740ac3}","LogonId":"0x3e7","TerminalSessionId":"0","IntegrityLevel":"System","Hashes":"SHA1=DFCEC41AA0EC233EC31C0EE54E13568005EC9338,MD5=C6FA6F18FDB062DC0371021D3CDC862D,SHA256=9144EE45736D7C21710276008109395FFBE50F687636251296390DFC2E168A05,IMPHASH=3B7A904FCD0C2F9BDAF7A3C1DB99406F","ParentProcessGuid":"{73626057-6a54-6830-3b9a-fd8334072425}","ParentProcessId":"3524","ParentImage":"C:\\Windows\\System32\\svchost.exe","ParentCommandLine":"svchost.exe -k netsvcs"}
{"provider":"Microsoft-Windows-Sysmon","event_id":1,"Level":"4","Task":"1","time_created":"2025-06-10T14:15:15.6675295Z","EventRecordID":"355928","ExecutionProcessID":"2972","ExecutionThreadID":"2480","Channel":"Microsoft-Windows-Sysmon/Operational","host":"APP-01.kestrelag.com","Computer":"APP-01.kestrelag.com","RuleName":"-","UtcTime":"2025-06-10 14:15:15.667","ProcessGuid":"{01eec844-3df3-6848-22a1-565dd8c3ccf5}","ProcessId":"6712","Image":"C:\\Windows\\System32\\dllhost.exe","FileVersion":"10.0.17763.1","Description":"COM Surrogate","Product":"Microsoft Windows Operating System","Company":"Microsoft Corporation","OriginalFileName":"dllhost.exe","CommandLine":"dllhost.exe /Processid:{AB8902B4-09CA-4BB6-B78D-A8F59079A8D5}","CurrentDirectory":"C:\\Windows\\System32\\","User":"NT AUTHORITY\\SYSTEM","LogonGuid":"{6e80e2f9-de2b-480b-83cd-330a62b589f6}","LogonId":"0x3e7","TerminalSessionId":"0","IntegrityLevel":"System","Hashes":"SHA1=E9843285F306715E9377A11649761552EAB1A78D,MD5=99E15BCE4A20CCD57152F4560FE025DD,SHA256=AE87276FEB54EB8E5D8CF628D65D2300337F1BDBEF5D6F1CDE2FBDBCDA2178B6,IMPHASH=9C46F35652CBE94C2DC7B1693268CB59","ParentProcessGuid":"{01eec844-30cf-6844-0ccc-54da7a5d697b}","ParentProcessId":"2948","ParentImage":"C:\\Windows\\System32\\svchost.exe","ParentCommandLine":"svchost.exe -k DcomLaunch"}
{"provider":"Microsoft-Windows-Sysmon","event_id":5,"Level":"4","Task":"5","time_created":"2025-06-10T14:15:28.6274327Z","EventRecordID":"110758","ExecutionProcessID":"2824","ExecutionThreadID":"4208","Channel":"Microsoft-Windows-Sysmon/Operational","host":"DC-01.kestrelag.com","Computer":"DC-01.kestrelag.com","RuleName":"-","UtcTime":"2025-06-10 14:15:28.627","ProcessGuid":"{83eb9c06-19b5-6848-a94e-faf81fea3fa3}","ProcessId":"6244","Image":"C:\\Windows\\System32\\ismserv.exe","User":"NT AUTHORITY\\SYSTEM"}
{"provider":"Microsoft-Windows-Sysmon","event_id":5,"Level":"4","Task":"5","time_created":"2025-06-10T14:15:31.4677489Z","EventRecordID":"110764","ExecutionProcessID":"2824","ExecutionThreadID":"4732","Channel":"Microsoft-Windows-Sysmon/Operational","host":"DC-01.kestrelag.com","Computer":"DC-01.kestrelag.com","RuleName":"-","UtcTime":"2025-06-10 14:15:31.467","ProcessGuid":"{83eb9c06-0227-6848-9540-90622f0653a2}","ProcessId":"5672","Image":"C:\\Windows\\System32\\cleanmgr.exe","User":"NT AUTHORITY\\SYSTEM"}
{"provider":"Microsoft-Windows-Sysmon","event_id":5,"Level":"4","Task":"5","time_created":"2025-06-10T14:15:35.9479868Z","EventRecordID":"110765","ExecutionProcessID":"2824","ExecutionThreadID":"4732","Channel":"Microsoft-Windows-Sysmon/Operational","host":"DC-01.kestrelag.com","Computer":"DC-01.kestrelag.com","RuleName":"-","UtcTime":"2025-06-10 14:15:35.947","ProcessGuid":"{83eb9c06-1fdc-6848-6b70-1f1d9f85eaa1}","ProcessId":"6396","Image":"C:\\Windows\\System32\\cleanmgr.exe","User":"NT AUTHORITY\\SYSTEM"}
{"provider":"Microsoft-Windows-Sysmon","event_id":1,"Level":"4","Task":"1","time_created":"2025-06-10T14:15:56.9062792Z","EventRecordID":"110766","ExecutionProcessID":"2824","ExecutionThreadID":"4732","Channel":"Microsoft-Windows-Sysmon/Operational","host":"DC-01.kestrelag.com","Computer":"DC-01.kestrelag.com","RuleName":"-","UtcTime":"2025-06-10 14:15:56.906","ProcessGuid":"{83eb9c06-3e1c-6848-b575-39d5b7376ab0}","ProcessId":"7452","Image":"C:\\Windows\\System32\\wsqmcons.exe","FileVersion":"10.0.17763.1","Description":"Windows SQM Consolidator","Product":"Microsoft Windows Operating System","Company":"Microsoft Corporation","OriginalFileName":"wsqmcons.exe","CommandLine":"wsqmcons.exe","CurrentDirectory":"C:\\Windows\\System32\\","User":"NT AUTHORITY\\SYSTEM","LogonGuid":"{a3d8ed8f-60dc-4557-8c5a-6fda4ef39281}","LogonId":"0x3e7","TerminalSessionId":"0","IntegrityLevel":"System","Hashes":"SHA1=8A715D5D87965D5858C24C51A83F5CAF5FCD28C4,MD5=82480936095C372A12CDC27F2DF66821,SHA256=52B419E87B8F91CA40C54A78C989931F2D836A98E6887375237E8414851F3607,IMPHASH=221ED000F783E25325E78176C1AB8641","ParentProcessGuid":"{83eb9c06-3c50-6840-0540-37d27b762555}","ParentProcessId":"2352","ParentImage":"C:\\Windows\\System32\\svchost.exe","ParentCommandLine":"svchost.exe -k LocalSystem"}
{"provider":"Microsoft-Windows-Sysmon","event_id":1,"Level":"4","Task":"1","time_created":"2025-06-10T14:16:07.4436881Z","EventRecordID":"183289","ExecutionProcessID":"1836","ExecutionThreadID":"2452","Channel":"Microsoft-Windows-Sysmon/Operational","host":"FS-01.kestrelag.com","Computer":"FS-01.kestrelag.com","RuleName":"-","UtcTime":"2025-06-10 14:16:07.443","ProcessGuid":"{73626057-3e27-6848-88c7-f96e88bf117d}","ProcessId":"6948","Image":"C:\\Windows\\System32\\dllhost.exe","FileVersion":"10.0.17763.1","Description":"COM Surrogate","Product":"Microsoft Windows Operating System","Company":"Microsoft Corporation","OriginalFileName":"dllhost.exe","CommandLine":"dllhost.exe /Processid:{AB8902B4-09CA-4BB6-B78D-A8F59079A8D5}","CurrentDirectory":"C:\\Windows\\System32\\","User":"NT AUTHORITY\\SYSTEM","LogonGuid":"{67f6c453-3625-42d1-adcd-099656740ac3}","LogonId":"0x3e7","TerminalSessionId":"0","IntegrityLevel":"System","Hashes":"SHA1=E9843285F306715E9377A11649761552EAB1A78D,MD5=99E15BCE4A20CCD57152F4560FE025DD,SHA256=AE87276FEB54EB8E5D8CF628D65D2300337F1BDBEF5D6F1CDE2FBDBCDA2178B6,IMPHASH=9C46F35652CBE94C2DC7B1693268CB59","ParentProcessGuid":"{73626057-6a4f-6830-1ee0-9725ace3e290}","ParentProcessId":"3496","ParentImage":"C:\\Windows\\System32\\svchost.exe","ParentCommandLine":"svchost.exe -k DcomLaunch"}
{"provider":"Microsoft-Windows-Sysmon","event_id":10,"Level":"4","Task":"10","time_created":"2025-06-10T14:16:10.8154878Z","EventRecordID":"183295","ExecutionProcessID":"1836","ExecutionThreadID":"2452","Channel":"Microsoft-Windows-Sysmon/Operational","host":"FS-01.kestrelag.com","Computer":"FS-01.kestrelag.com","RuleName":"-","UtcTime":"2025-06-10 14:16:10.815","SourceProcessGUID":"{73626057-6a4d-6830-573e-775c161b88f4}","SourceProcessId":"3448","SourceImage":"C:\\Windows\\System32\\services.exe","SourceThreadId":"1988","SourceUser":"NT AUTHORITY\\SYSTEM","TargetProcessGUID":"{73626057-6a5a-6830-decf-94ef7dc2c111}","TargetProcessId":"3616","TargetImage":"C:\\ProgramData\\Microsoft\\Windows Defender\\Platform\\4.18.2301.6-0\\MsMpEng.exe","TargetUser":"NT AUTHORITY\\SYSTEM","GrantedAccess":"0x1000","CallTrace":"C:\\Windows\\SYSTEM32\\ntdll.dll+9E396|C:\\Windows\\SYSTEM32\\KERNELBASE.dll+2CE84|C:\\Windows\\SYSTEM32\\wbemcomn.dll+15BB6"}
{"provider":"Microsoft-Windows-Sysmon","event_id":5,"Level":"4","Task":"5","time_created":"2025-06-10T14:16:18.7305332Z","EventRecordID":"110799","ExecutionProcessID":"2824","ExecutionThreadID":"1464","Channel":"Microsoft-Windows-Sysmon/Operational","host":"DC-01.kestrelag.com","Computer":"DC-01.kestrelag.com","RuleName":"-","UtcTime":"2025-06-10 14:16:18.730","ProcessGuid":"{83eb9c06-18cf-6848-ca3d-930b467a2980}","ProcessId":"6352","Image":"C:\\Windows\\WinSxS\\amd64_microsoft-windows-servicingstack_31bf3856ad364e35_10.0.17763.5329_none_7c91d6e7c9f7f1f5\\TiWorker.exe","User":"NT AUTHORITY\\SYSTEM"}
{"provider":"Microsoft-Windows-Sysmon","event_id":22,"Level":"4","Task":"22","time_created":"2025-06-10T14:16:31.5840999Z","EventRecordID":"110802","ExecutionProcessID":"2824","ExecutionThreadID":"4208","Channel":"Microsoft-Windows-Sysmon/Operational","host":"DC-01.kestrelag.com","Computer":"DC-01.kestrelag.com","RuleName":"-","UtcTime":"2025-06-10 14:16:31.584","ProcessGuid":"{83eb9c06-3c53-6840-9b79-f1e262f44f72}","ProcessId":"2372","QueryName":"wpad.local","QueryStatus":"9003","QueryResults":"-","Image":"C:\\Windows\\System32\\svchost.exe","User":"NT AUTHORITY\\LOCAL SERVICE"}
{"provider":"Microsoft-Windows-Sysmon","event_id":22,"Level":"4","Task":"22","time_created":"2025-06-10T14:16:31.7804660Z","EventRecordID":"110806","ExecutionProcessID":"2824","ExecutionThreadID":"4732","Channel":"Microsoft-Windows-Sysmon/Operational","host":"DC-01.kestrelag.com","Computer":"DC-01.kestrelag.com","RuleName":"-","UtcTime":"2025-06-10 14:16:31.780","ProcessGuid":"{83eb9c06-3c53-6840-9b79-f1e262f44f72}","ProcessId":"2372","QueryName":"clients6.google.com","QueryStatus":"0","QueryResults":"2607:f8b0:d9a4:008e::1;","Image":"C:\\Windows\\System32\\svchost.exe","User":"NT AUTHORITY\\LOCAL SERVICE"}
{"provider":"Microsoft-Windows-Sysmon","event_id":3,"Level":"4","Task":"3","time_created":"2025-06-10T14:16:31.9671745Z","EventRecordID":"110809","ExecutionProcessID":"2824","ExecutionThreadID":"4732","Channel":"Microsoft-Windows-Sysmon/Operational","host":"DC-01.kestrelag.com","Computer":"DC-01.kestrelag.com","RuleName":"-","UtcTime":"2025-06-10 14:16:31.967","ProcessGuid":"{83eb9c06-3c53-6840-9b79-f1e262f44f72}","ProcessId":"2372","Image":"C:\\Windows\\System32\\svchost.exe","User":"NT AUTHORITY\\LOCAL SERVICE","Protocol":"udp","Initiated":"true","SourceIsIpv6":"false","SourceIp":"10.20.20.10","SourceHostname":"DC-01.kestrelag.com","SourcePort":"53403","SourcePortName":"-","DestinationIsIpv6":"false","DestinationIp":"10.20.20.10","DestinationHostname":"DC-01.kestrelag.com","DestinationPort":"53","DestinationPortName":"domain"}
{"provider":"Microsoft-Windows-Sysmon","event_id":22,"Level":"4","Task":"22","time_created":"2025-06-10T14:16:31.9764039Z","EventRecordID":"110810","ExecutionProcessID":"2824","ExecutionThreadID":"4732","Channel":"Microsoft-Windows-Sysmon/Operational","host":"DC-01.kestrelag.com","Computer":"DC-01.kestrelag.com","RuleName":"-","UtcTime":"2025-06-10 14:16:31.976","ProcessGuid":"{83eb9c06-3c53-6840-9b79-f1e262f44f72}","ProcessId":"2372","QueryName":"clients6.google.com","QueryStatus":"0","QueryResults":"142.250.190.110;172.217.164.142;","Image":"C:\\Windows\\System32\\svchost.exe","User":"NT AUTHORITY\\LOCAL SERVICE"}
{"provider":"Microsoft-Windows-Sysmon","event_id":13,"Level":"4","Task":"13","time_created":"2025-06-10T14:16:32.3203086Z","EventRecordID":"183299","ExecutionProcessID":"1836","ExecutionThreadID":"2228","Channel":"Microsoft-Windows-Sysmon/Operational","host":"FS-01.kestrelag.com","Computer":"FS-01.kestrelag.com","RuleName":"-","EventType":"SetValue","UtcTime":"2025-06-10 14:16:32.320","ProcessGuid":"{73626057-6a5a-6830-2671-56bfecc8d643}","ProcessId":"3596","Image":"C:\\Windows\\System32\\svchost.exe","User":"NT AUTHORITY\\SYSTEM","TargetObject":"HKLM\\SOFTWARE\\Microsoft\\Windows\\CurrentVersion\\Component Based Servicing\\Packages\\Package_for_ServicingStack~31bf3856ad364e35~amd64~~10.0.17763.14\\CurrentState","Details":"DWORD (0x00000070)"}
{"provider":"Microsoft-Windows-Sysmon","event_id":13,"Level":"4","Task":"13","time_created":"2025-06-10T14:16:45.8288448Z","EventRecordID":"183300","ExecutionProcessID":"1836","ExecutionThreadID":"2228","Channel":"Microsoft-Windows-Sysmon/Operational","host":"FS-01.kestrelag.com","Computer":"FS-01.kestrelag.com","RuleName":"-","EventType":"SetValue","UtcTime":"2025-06-10 14:16:45.828","ProcessGuid":"{73626057-6a63-6830-9aca-5aafa96f6427}","ProcessId":"3772","Image":"C:\\Windows\\System32\\msiexec.exe","User":"NT AUTHORITY\\SYSTEM","TargetObject":"HKLM\\SOFTWARE\\Microsoft\\Windows\\CurrentVersion\\Component Based Servicing\\Packages\\Package_for_KB5034122~31bf3856ad364e35~amd64~~10.0.17763.67\\CurrentState","Details":"DWORD (0x00000070)"}
{"provider":"Microsoft-Windows-Sysmon","event_id":13,"Level":"4","Task":"13","time_created":"2025-06-10T14:16:48.3423671Z","EventRecordID":"110812","ExecutionProcessID":"2824","ExecutionThreadID":"4208","Channel":"Microsoft-Windows-Sysmon/Operational","host":"DC-01.kestrelag.com","Computer":"DC-01.kestrelag.com","RuleName":"-","EventType":"SetValue","UtcTime":"2025-06-10 14:16:48.342","ProcessGuid":"{83eb9c06-3c58-6840-02ee-5fa814203eb4}","ProcessId":"2400","Image":"C:\\Windows\\System32\\svchost.exe","User":"NT AUTHORITY\\SYSTEM","TargetObject":"HKLM\\SOFTWARE\\Microsoft\\Windows\\CurrentVersion\\Component Based Servicing\\Packages\\Microsoft-Windows-Client-Features~31bf3856ad364e35~amd64~~10.0.17763.75\\CurrentState","Details":"DWORD (0x00000070)"}
{"provider":"Microsoft-Windows-Sysmon","event_id":1,"Level":"4","Task":"1","time_created":"2025-06-10T14:16:55.4874427Z","EventRecordID":"110845","ExecutionProcessID":"2824","ExecutionThreadID":"1464","Channel":"Microsoft-Windows-Sysmon/Operational","host":"DC-01.kestrelag.com","Computer":"DC-01.kestrelag.com","RuleName":"-","UtcTime":"2025-06-10 14:16:55.487","ProcessGuid":"{83eb9c06-3e57-6848-e529-3f599fca2a49}","ProcessId":"7256","Image":"C:\\Program Files\\Mozilla Firefox\\firefox.exe","FileVersion":"121.0","Description":"Firefox","Product":"Firefox","Company":"Mozilla Corporation","OriginalFileName":"firefox.exe","CommandLine":"\"C:\\Program Files\\Mozilla Firefox\\firefox.exe\" -osint -url http://www.bing.com/th?id=OHR.620b977a_EN-US132312c4_1920x1080.jpg","CurrentDirectory":"C:\\Users\\diego.ramirez\\","User":"KESTRELAG\\diego.ramirez","LogonGuid":"{00000000-0000-0000-0000-000000000000}","LogonId":"0x5426a62","TerminalSessionId":"18","IntegrityLevel":"Medium","Hashes":"SHA1=F78FCDDC7632E6DF6029270507A60E5B4B21951B,MD5=D39A8CE39BB9BC76CDDD45A1DFA17AC9,SHA256=3E053567474CF448D7BBECF77E8545347CA13D74BAEAE80C1874AD8141688016,IMPHASH=4CE80C2CC143420306DE2C6EF18B7974","ParentProcessGuid":"{83eb9c06-3a36-6848-a87e-15883b7720cc}","ParentProcessId":"7236","ParentImage":"C:\\Windows\\explorer.exe","ParentCommandLine":"explorer.exe"}
{"provider":"Microsoft-Windows-Sysmon","event_id":13,"Level":"4","Task":"13","time_created":"2025-06-10T14:16:55.7743566Z","EventRecordID":"183302","ExecutionProcessID":"1836","ExecutionThreadID":"2228","Channel":"Microsoft-Windows-Sysmon/Operational","host":"FS-01.kestrelag.com","Computer":"FS-01.kestrelag.com","RuleName":"-","EventType":"SetValue","UtcTime":"2025-06-10 14:16:55.774","ProcessGuid":"{73626057-6a4d-6830-573e-775c161b88f4}","ProcessId":"3448","Image":"C:\\Windows\\System32\\services.exe","User":"NT AUTHORITY\\SYSTEM","TargetObject":"HKLM\\SOFTWARE\\Microsoft\\Windows\\CurrentVersion\\Component Based Servicing\\Packages\\Package_for_RollupFix~31bf3856ad364e35~amd64~~10.0.17763.39\\CurrentState","Details":"DWORD (0x00000070)"}
{"provider":"Microsoft-Windows-Sysmon","event_id":5,"Level":"4","Task":"5","time_created":"2025-06-10T14:16:59.6111557Z","EventRecordID":"355931","ExecutionProcessID":"2972","ExecutionThreadID":"2480","Channel":"Microsoft-Windows-Sysmon/Operational","host":"APP-01.kestrelag.com","Computer":"APP-01.kestrelag.com","RuleName":"-","UtcTime":"2025-06-10 14:16:59.611","ProcessGuid":"{01eec844-1fa3-6848-811a-11bf0b8a2435}","ProcessId":"6028","Image":"C:\\Windows\\System32\\usoclient.exe","User":"NT AUTHORITY\\SYSTEM"}
{"provider":"Microsoft-Windows-Sysmon","event_id":22,"Level":"4","Task":"22","time_created":"2025-06-10T14:17:00.7713774Z","EventRecordID":"110849","ExecutionProcessID":"2824","ExecutionThreadID":"1464","Channel":"Microsoft-Windows-Sysmon/Operational","host":"DC-01.kestrelag.com","Computer":"DC-01.kestrelag.com","RuleName":"-","UtcTime":"2025-06-10 14:17:00.771","ProcessGuid":"{83eb9c06-3c53-6840-9b79-f1e262f44f72}","ProcessId":"2372","QueryName":"wpad.local","QueryStatus":"9003","QueryResults":"-","Image":"C:\\Windows\\System32\\svchost.exe","User":"NT AUTHORITY\\LOCAL SERVICE"}
{"provider":"Microsoft-Windows-Sysmon","event_id":5,"Level":"4","Task":"5","time_created":"2025-06-10T14:17:01.2645072Z","EventRecordID":"183305","ExecutionProcessID":"1836","ExecutionThreadID":"2228","Channel":"Microsoft-Windows-Sysmon/Operational","host":"FS-01.kestrelag.com","Computer":"FS-01.kestrelag.com","RuleName":"-","UtcTime":"2025-06-10 14:17:01.264","ProcessGuid":"{73626057-1a84-6848-8237-580e842723a7}","ProcessId":"6224","Image":"C:\\Windows\\System32\\dllhost.exe","User":"NT AUTHORITY\\SYSTEM"}
{"provider":"Microsoft-Windows-Sysmon","event_id":22,"Level":"4","Task":"22","time_created":"2025-06-10T14:17:01.8237819Z","EventRecordID":"110850","ExecutionProcessID":"2824","ExecutionThreadID":"4732","Channel":"Microsoft-Windows-Sysmon/Operational","host":"DC-01.kestrelag.com","Computer":"DC-01.kestrelag.com","RuleName":"-","UtcTime":"2025-06-10 14:17:01.823","ProcessGuid":"{83eb9c06-3c53-6840-9b79-f1e262f44f72}","ProcessId":"2372","QueryName":"www.bing.com","QueryStatus":"0","QueryResults":"204.79.197.200;13.107.21.200;","Image":"C:\\Windows\\System32\\svchost.exe","User":"NT AUTHORITY\\LOCAL SERVICE"}
{"provider":"Microsoft-Windows-Sysmon","event_id":13,"Level":"4","Task":"13","time_created":"2025-06-10T14:17:08.3458183Z","EventRecordID":"110853","ExecutionProcessID":"2824","ExecutionThreadID":"4732","Channel":"Microsoft-Windows-Sysmon/Operational","host":"DC-01.kestrelag.com","Computer":"DC-01.kestrelag.com","RuleName":"-","EventType":"SetValue","UtcTime":"2025-06-10 14:17:08.345","ProcessGuid":"{83eb9c06-3c66-6840-0ddf-1d7ef6a34cb6}","ProcessId":"2460","Image":"C:\\Windows\\System32\\msiexec.exe","User":"NT AUTHORITY\\SYSTEM","TargetObject":"HKLM\\SOFTWARE\\Microsoft\\Windows\\CurrentVersion\\Component Based Servicing\\Packages\\Microsoft-Windows-Client-Features~31bf3856ad364e35~amd64~~10.0.17763.33\\CurrentState","Details":"DWORD (0x00000070)"}
{"provider":"Microsoft-Windows-Sysmon","event_id":13,"Level":"4","Task":"13","time_created":"2025-06-10T14:17:10.8291603Z","EventRecordID":"110880","ExecutionProcessID":"2824","ExecutionThreadID":"4732","Channel":"Microsoft-Windows-Sysmon/Operational","host":"DC-01.kestrelag.com","Computer":"DC-01.kestrelag.com","RuleName":"-","EventType":"SetValue","UtcTime":"2025-06-10 14:17:10.829","ProcessGuid":"{83eb9c06-3c62-6840-706a-7953947a2634}","ProcessId":"2432","Image":"C:\\Windows\\System32\\dllhost.exe","User":"NT AUTHORITY\\SYSTEM","TargetObject":"HKLM\\SOFTWARE\\Microsoft\\Windows\\CurrentVersion\\Run\\SecurityHealthSystray","Details":"C:\\Windows\\System32\\SecurityHealthSystray.exe"}
{"provider":"Microsoft-Windows-Sysmon","event_id":1,"Level":"4","Task":"1","time_created":"2025-06-10T14:17:13.0508012Z","EventRecordID":"355932","ExecutionProcessID":"2972","ExecutionThreadID":"1868","Channel":"Microsoft-Windows-Sysmon/Operational","host":"APP-01.kestrelag.com","Computer":"APP-01.kestrelag.com","RuleName":"-","UtcTime":"2025-06-10 14:17:13.050","ProcessGuid":"{01eec844-3e69-6848-e953-30a743fad54a}","ProcessId":"6836","Image":"C:\\Windows\\System32\\usoclient.exe","FileVersion":"10.0.17763.1","Description":"Update Session Orchestrator","Product":"Microsoft Windows Operating System","Company":"Microsoft Corporation","OriginalFileName":"UsoClient.exe","CommandLine":"usoclient.exe StartScan","CurrentDirectory":"C:\\Windows\\System32\\","User":"NT AUTHORITY\\SYSTEM","LogonGuid":"{6e80e2f9-de2b-480b-83cd-330a62b589f6}","LogonId":"0x3e7","TerminalSessionId":"0","IntegrityLevel":"System","Hashes":"SHA1=C767054065B19A5450CFF1749D104FBB9EBBCF35,MD5=F42F3909AC031B335F1E786FB6BF598C,SHA256=43E9AAA397C85442B996052AF581B6B049EF03E4716AC3525AA695AA41967FCF,IMPHASH=E27D3E9AB8E8FD24AB0E373C60BBF32B","ParentProcessGuid":"{01eec844-30da-6844-6c9a-d9ae4bf081f3}","ParentProcessId":"3192","ParentImage":"C:\\Windows\\System32\\svchost.exe","ParentCommandLine":"svchost.exe -k wusvcs"}
{"provider":"Microsoft-Windows-Sysmon","event_id":3,"Level":"4","Task":"3","time_created":"2025-06-10T14:17:13.7552704Z","EventRecordID":"110886","ExecutionProcessID":"2824","ExecutionThreadID":"4208","Channel":"Microsoft-Windows-Sysmon/Operational","host":"DC-01.kestrelag.com","Computer":"DC-01.kestrelag.com","RuleName":"-","UtcTime":"2025-06-10 14:17:13.755","ProcessGuid":"{83eb9c06-3c50-6840-fff0-b83914b1f523}","ProcessId":"2368","Image":"C:\\Windows\\System32\\svchost.exe","User":"NT AUTHORITY\\NETWORK SERVICE","Protocol":"tcp","Initiated":"true","SourceIsIpv6":"false","SourceIp":"10.20.20.10","SourceHostname":"DC-01.kestrelag.com","SourcePort":"58218","SourcePortName":"-","DestinationIsIpv6":"false","DestinationIp":"162.125.7.22","DestinationHostname":"desktop.dropbox.com","DestinationPort":"443","DestinationPortName":"https"}
{"provider":"Microsoft-Windows-Sysmon","event_id":10,"Level":"4","Task":"10","time_created":"2025-06-10T14:17:19.7426692Z","EventRecordID":"355954","ExecutionProcessID":"2972","ExecutionThreadID":"2480","Channel":"Microsoft-Windows-Sysmon/Operational","host":"APP-01.kestrelag.com","Computer":"APP-01.kestrelag.com","RuleName":"-","UtcTime":"2025-06-10 14:17:19.742","SourceProcessGUID":"{01eec844-30ca-6844-0f9a-f707423126a3}","SourceProcessId":"2840","SourceImage":"C:\\Windows\\System32\\csrss.exe","SourceThreadId":"2040","SourceUser":"NT AUTHORITY\\SYSTEM","TargetProcessGUID":"{01eec844-30d1-6844-0496-deb55c9a5dde}","TargetProcessId":"2956","TargetImage":"C:\\Windows\\System32\\svchost.exe","TargetUser":"NT AUTHORITY\\SYSTEM","GrantedAccess":"0x0400","CallTrace":"C:\\Windows\\SYSTEM32\\ntdll.dll+9DEDC|C:\\Windows\\SYSTEM32\\KERNELBASE.dll+2C30F"}
{"provider":"Microsoft-Windows-Sysmon","event_id":1,"Level":"4","Task":"1","time_created":"2025-06-10T14:17:29.1592932Z","EventRecordID":"110893","ExecutionProcessID":"2824","ExecutionThreadID":"1464","Channel":"Microsoft-Windows-Sysmon/Operational","host":"DC-01.kestrelag.com","Computer":"DC-01.kestrelag.com","RuleName":"-","UtcTime":"2025-06-10 14:17:29.159","ProcessGuid":"{83eb9c06-3e79-6848-2d9b-f39a8c71fa0c}","ProcessId":"7288","Image":"C:\\Windows\\System32\\conhost.exe","FileVersion":"10.0.17763.1","Description":"Console Window Host","Product":"Microsoft Windows Operating System","Company":"Microsoft Corporation","OriginalFileName":"conhost.exe","CommandLine":"\\??\\C:\\Windows\\system32\\conhost.exe 0xffffffff -ForceV1","CurrentDirectory":"C:\\Windows\\System32\\","User":"NT AUTHORITY\\SYSTEM","LogonGuid":"{a3d8ed8f-60dc-4557-8c5a-6fda4ef39281}","LogonId":"0x3e7","TerminalSessionId":"0","IntegrityLevel":"System","Hashes":"SHA1=557074AD8C63724D84703B56EC227FDE3FB2489A,MD5=DCB5E59D04CEF4B56E122A414818296C,SHA256=75F4776894793D4C6031A15418D586152AFD71CD2FB299182FCCB695A83E3403,IMPHASH=C0DA3B1C668315577E451FFE623DA443","ParentProcessGuid":"{83eb9c06-3c4b-6840-8c8c-98abbd047e91}","ParentProcessId":"2252","ParentImage":"C:\\Windows\\System32\\csrss.exe","ParentCommandLine":"csrss.exe"}
{"provider":"Microsoft-Windows-Sysmon","event_id":10,"Level":"4","Task":"10","time_created":"2025-06-10T14:17:34.2690253Z","EventRecordID":"183309","ExecutionProcessID":"1836","ExecutionThreadID":"2228","Channel":"Microsoft-Windows-Sysmon/Operational","host":"FS-01.kestrelag.com","Computer":"FS-01.kestrelag.com","RuleName":"-","UtcTime":"2025-06-10 14:17:34.269","SourceProcessGUID":"{73626057-6a5c-6830-48e3-fab21633b8d6}","SourceProcessId":"3700","SourceImage":"C:\\Windows\\System32\\wbem\\WmiPrvSE.exe","SourceThreadId":"1320","SourceUser":"NT AUTHORITY\\NETWORK SERVICE","TargetProcessGUID":"{73626057-6a53-6830-7239-531b408f7c72}","TargetProcessId":"3508","TargetImage":"C:\\Windows\\System32\\svchost.exe","TargetUser":"NT AUTHORITY\\SYSTEM","GrantedAccess":"0x1000","CallTrace":"C:\\Windows\\SYSTEM32\\ntdll.dll+9CF8A|C:\\Windows\\SYSTEM32\\KERNELBASE.dll+2D424|C:\\Windows\\SYSTEM32\\sechost.dll+1381F"}
{"provider":"Microsoft-Windows-Sysmon","event_id":5,"Level":"4","Task":"5","time_created":"2025-06-10T14:18:02.5417005Z","EventRecordID":"110900","ExecutionProcessID":"2824","ExecutionThreadID":"4732","Channel":"Microsoft-Windows-Sysmon/Operational","host":"DC-01.kestrelag.com","Computer":"DC-01.kestrelag.com","RuleName":"-","UtcTime":"2025-06-10 14:18:02.541","ProcessGuid":"{83eb9c06-1b18-6848-68a2-d3c804c1709d}","ProcessId":"6364","Image":"C:\\Windows\\System32\\cleanmgr.exe","User":"NT AUTHORITY\\SYSTEM"}
{"provider":"Microsoft-Windows-Sysmon","event_id":13,"Level":"4","Task":"13","time_created":"2025-06-10T14:18:12.5747662Z","EventRecordID":"110949","ExecutionProcessID":"2824","ExecutionThreadID":"4208","Channel":"Microsoft-Windows-Sysmon/Operational","host":"DC-01.kestrelag.com","Computer":"DC-01.kestrelag.com","RuleName":"-","EventType":"SetValue","UtcTime":"2025-06-10 14:18:12.574","ProcessGuid":"{83eb9c06-3c66-6840-0ddf-1d7ef6a34cb6}","ProcessId":"2460","Image":"C:\\Windows\\System32\\msiexec.exe","User":"NT AUTHORITY\\SYSTEM","TargetObject":"HKLM\\SOFTWARE\\Microsoft\\Windows\\CurrentVersion\\Component Based Servicing\\Packages\\Package_for_RollupFix~31bf3856ad364e35~amd64~~10.0.17763.71\\CurrentState","Details":"DWORD (0x00000070)"}
{"provider":"Microsoft-Windows-Sysmon","event_id":5,"Level":"4","Task":"5","time_created":"2025-06-10T14:18:12.5790052Z","EventRecordID":"355961","ExecutionProcessID":"2972","ExecutionThreadID":"2568","Channel":"Microsoft-Windows-Sysmon/Operational","host":"APP-01.kestrelag.com","Computer":"APP-01.kestrelag.com","RuleName":"-","UtcTime":"2025-06-10 14:18:12.579","ProcessGuid":"{01eec844-2113-6848-30ca-9fbf2990136c}","ProcessId":"6048","Image":"C:\\Windows\\System32\\MpCmdRun.exe","User":"NT AUTHORITY\\SYSTEM"}
{"provider":"Microsoft-Windows-Sysmon","event_id":13,"Level":"4","Task":"13","time_created":"2025-06-10T14:18:21.0553961Z","EventRecordID":"110955","ExecutionProcessID":"2824","ExecutionThreadID":"4732","Channel":"Microsoft-Windows-Sysmon/Operational","host":"DC-01.kestrelag.com","Computer":"DC-01.kestrelag.com","RuleName":"-","EventType":"SetValue","UtcTime":"2025-06-10 14:18:21.055","ProcessGuid":"{83eb9c06-3c50-6840-fff0-b83914b1f523}","ProcessId":"2368","Image":"C:\\Windows\\System32\\svchost.exe","User":"NT AUTHORITY\\NETWORK SERVICE","TargetObject":"HKLM\\SOFTWARE\\Microsoft\\Windows\\CurrentVersion\\Run\\SecurityHealthSystray","Details":"C:\\Windows\\System32\\SecurityHealthSystray.exe"}
{"provider":"Microsoft-Windows-Sysmon","event_id":22,"Level":"4","Task":"22","time_created":"2025-06-10T14:18:22.1398420Z","EventRecordID":"110970","ExecutionProcessID":"2824","ExecutionThreadID":"4208","Channel":"Microsoft-Windows-Sysmon/Operational","host":"DC-01.kestrelag.com","Computer":"DC-01.kestrelag.com","RuleName":"-","UtcTime":"2025-06-10 14:18:22.139","ProcessGuid":"{83eb9c06-3c53-6840-9b79-f1e262f44f72}","ProcessId":"2372","QueryName":"settings-win.data.microsoft.com","QueryStatus":"0","QueryResults":"13.107.4.50;13.107.4.52;","Image":"C:\\Windows\\System32\\svchost.exe","User":"NT AUTHORITY\\LOCAL SERVICE"}
{"provider":"Microsoft-Windows-Sysmon","event_id":3,"Level":"4","Task":"3","time_created":"2025-06-10T14:19:01.8138847Z","EventRecordID":"110973","ExecutionProcessID":"2824","ExecutionThreadID":"4732","Channel":"Microsoft-Windows-Sysmon/Operational","host":"DC-01.kestrelag.com","Computer":"DC-01.kestrelag.com","RuleName":"-","UtcTime":"2025-06-10 14:19:01.813","ProcessGuid":"{83eb9c06-3c50-6840-fff0-b83914b1f523}","ProcessId":"2368","Image":"C:\\Windows\\System32\\svchost.exe","User":"NT AUTHORITY\\NETWORK SERVICE","Protocol":"tcp","Initiated":"true","SourceIsIpv6":"false","SourceIp":"10.20.20.10","SourceHostname":"DC-01.kestrelag.com","SourcePort":"63777","SourcePortName":"-","DestinationIsIpv6":"false","DestinationIp":"23.45.121.22","DestinationHostname":"ccmdl.adobe.com","DestinationPort":"443","DestinationPortName":"https"}
{"provider":"Microsoft-Windows-Sysmon","event_id":5,"Level":"4","Task":"5","time_created":"2025-06-10T14:19:04.6937882Z","EventRecordID":"183315","ExecutionProcessID":"1836","ExecutionThreadID":"2228","Channel":"Microsoft-Windows-Sysmon/Operational","host":"FS-01.kestrelag.com","Computer":"FS-01.kestrelag.com","RuleName":"-","UtcTime":"2025-06-10 14:19:04.693","ProcessGuid":"{73626057-191d-6848-5e2b-bf0cf6dff1af}","ProcessId":"6444","Image":"C:\\Windows\\System32\\wsqmcons.exe","User":"NT AUTHORITY\\SYSTEM"}
{"provider":"Microsoft-Windows-Sysmon","event_id":13,"Level":"4","Task":"13","time_created":"2025-06-10T14:19:12.0563800Z","EventRecordID":"183322","ExecutionProcessID":"1836","ExecutionThreadID":"2452","Channel":"Microsoft-Windows-Sysmon/Operational","host":"FS-01.kestrelag.com","Computer":"FS-01.kestrelag.com","RuleName":"-","EventType":"SetValue","UtcTime":"2025-06-10 14:19:12.056","ProcessGuid":"{73626057-6a4d-6830-573e-775c161b88f4}","ProcessId":"3448","Image":"C:\\Windows\\System32\\services.exe","User":"NT AUTHORITY\\SYSTEM","TargetObject":"HKLM\\SOFTWARE\\Microsoft\\Windows\\CurrentVersion\\Component Based Servicing\\PackagesPending\\TrustedInstaller","Details":"DWORD (0x00000001)"}
{"provider":"Microsoft-Windows-Sysmon","event_id":5,"Level":"4","Task":"5","time_created":"2025-06-10T14:19:27.6078870Z","EventRecordID":"110988","ExecutionProcessID":"2824","ExecutionThreadID":"4732","Channel":"Microsoft-Windows-Sysmon/Operational","host":"DC-01.kestrelag.com","Computer":"DC-01.kestrelag.com","RuleName":"-","UtcTime":"2025-06-10 14:19:27.607","ProcessGuid":"{83eb9c06-1a89-6848-f1b8-fc3e754002ca}","ProcessId":"6200","Image":"C:\\Windows\\System32\\dfsr.exe","User":"NT AUTHORITY\\SYSTEM"}
{"provider":"Microsoft-Windows-Sysmon","event_id":1,"Level":"4","Task":"1","time_created":"2025-06-10T14:19:30.3922819Z","EventRecordID":"183323","ExecutionProcessID":"1836","ExecutionThreadID":"2452","Channel":"Microsoft-Windows-Sysmon/Operational","host":"FS-01.kestrelag.com","Computer":"FS-01.kestrelag.com","RuleName":"-","UtcTime":"2025-06-10 14:19:30.392","ProcessGuid":"{73626057-3ef2-6848-cc22-113e0e3a4ad3}","ProcessId":"7216","Image":"C:\\Windows\\System32\\wsqmcons.exe","FileVersion":"10.0.17763.1","Description":"Windows SQM Consolidator","Product":"Microsoft Windows Operating System","Company":"Microsoft Corporation","OriginalFileName":"wsqmcons.exe","CommandLine":"wsqmcons.exe","CurrentDirectory":"C:\\Windows\\System32\\","User":"NT AUTHORITY\\SYSTEM","LogonGuid":"{67f6c453-3625-42d1-adcd-099656740ac3}","LogonId":"0x3e7","TerminalSessionId":"0","IntegrityLevel":"System","Hashes":"SHA1=8A715D5D87965D5858C24C51A83F5CAF5FCD28C4,MD5=82480936095C372A12CDC27F2DF66821,SHA256=52B419E87B8F91CA40C54A78C989931F2D836A98E6887375237E8414851F3607,IMPHASH=221ED000F783E25325E78176C1AB8641","ParentProcessGuid":"{73626057-6a53-6830-7239-531b408f7c72}","ParentProcessId":"3508","ParentImage":"C:\\Windows\\System32\\svchost.exe","ParentCommandLine":"svchost.exe -k LocalSystem"}
{"provider":"Microsoft-Windows-Sysmon","event_id":1,"Level":"4","Task":"1","time_created":"2025-06-10T14:19:40.4254896Z","EventRecordID":"110995","ExecutionProcessID":"2824","ExecutionThreadID":"4732","Channel":"Microsoft-Windows-Sysmon/Operational","host":"DC-01.kestrelag.com","Computer":"DC-01.kestrelag.com","RuleName":"-","UtcTime":"2025-06-10 14:19:40.425","ProcessGuid":"{83eb9c06-3efc-6848-27bd-d7613e2fcc7c}","ProcessId":"7292","Image":"C:\\Windows\\System32\\dllhost.exe","FileVersion":"10.0.17763.1","Description":"COM Surrogate","Product":"Microsoft Windows Operating System","Company":"Microsoft Corporation","OriginalFileName":"dllhost.exe","CommandLine":"dllhost.exe /Processid:{3EB3C877-1F16-487C-9050-104DBCD66683}","CurrentDirectory":"C:\\Windows\\System32\\","User":"NT AUTHORITY\\SYSTEM","LogonGuid":"{a3d8ed8f-60dc-4557-8c5a-6fda4ef39281}","LogonId":"0x3e7","TerminalSessionId":"0","IntegrityLevel":"System","Hashes":"SHA1=E9843285F306715E9377A11649761552EAB1A78D,MD5=99E15BCE4A20CCD57152F4560FE025DD,SHA256=AE87276FEB54EB8E5D8CF628D65D2300337F1BDBEF5D6F1CDE2FBDBCDA2178B6,IMPHASH=9C46F35652CBE94C2DC7B1693268CB59","ParentProcessGuid":"{83eb9c06-3c50-6840-2e62-9271a2f53d72}","ParentProcessId":"2340","ParentImage":"C:\\Windows\\System32\\svchost.exe","ParentCommandLine":"svchost.exe -k DcomLaunch"}
{"provider":"Microsoft-Windows-Sysmon","event_id":13,"Level":"4","Task":"13","time_created":"2025-06-10T14:20:02.9977357Z","EventRecordID":"355962","ExecutionProcessID":"2972","ExecutionThreadID":"1868","Channel":"Microsoft-Windows-Sysmon/Operational","host":"APP-01.kestrelag.com","Computer":"APP-01.kestrelag.com","RuleName":"-","EventType":"SetValue","UtcTime":"2025-06-10 14:20:02.997","ProcessGuid":"{01eec844-30df-6844-9968-77335289deee}","ProcessId":"3288","Image":"C:\\Windows\\System32\\dllhost.exe","User":"NT AUTHORITY\\SYSTEM","TargetObject":"HKLM\\SOFTWARE\\Microsoft\\Windows\\CurrentVersion\\Run\\SecurityHealthSystray","Details":"C:\\Windows\\System32\\SecurityHealthSystray.exe"}
{"provider":"Microsoft-Windows-Sysmon","event_id":10,"Level":"4","Task":"10","time_created":"2025-06-10T14:20:12.6154358Z","EventRecordID":"110998","ExecutionProcessID":"2824","ExecutionThreadID":"4208","Channel":"Microsoft-Windows-Sysmon/Operational","host":"DC-01.kestrelag.com","Computer":"DC-01.kestrelag.com","RuleName":"-","UtcTime":"2025-06-10 14:20:12.615","SourceProcessGUID":"{83eb9c06-3c4b-6840-8c8c-98abbd047e91}","SourceProcessId":"2252","SourceImage":"C:\\Windows\\System32\\csrss.exe","SourceThreadId":"5852","SourceUser":"NT AUTHORITY\\SYSTEM","TargetProcessGUID":"{83eb9c06-3c50-6840-0540-37d27b762555}","TargetProcessId":"2352","TargetImage":"C:\\Windows\\System32\\svchost.exe","TargetUser":"NT AUTHORITY\\SYSTEM","GrantedAccess":"0x1400","CallTrace":"C:\\Windows\\SYSTEM32\\ntdll.dll+9D88D|C:\\Windows\\SYSTEM32\\KERNELBASE.dll+2CA14|C:\\Windows\\SYSTEM32\\kernel32.dll+1CDA2"}
{"provider":"Microsoft-Windows-Sysmon","event_id":7,"Level":"4","Task":"7","time_created":"2025-06-10T14:20:35.1638094Z","EventRecordID":"111001","ExecutionProcessID":"2824","ExecutionThreadID":"1464","Channel":"Microsoft-Windows-Sysmon/Operational","host":"DC-01.kestrelag.com","Computer":"DC-01.kestrelag.com","RuleName":"-","UtcTime":"2025-06-10 14:20:35.163","ProcessGuid":"{83eb9c06-3a36-6848-a87e-15883b7720cc}","ProcessId":"7236","Image":"C:\\Windows\\explorer.exe","ImageLoaded":"C:\\Program Files\\Microsoft OneDrive\\FileSyncShell64.dll","FileVersion":"24.020.0128.0003","Description":"Microsoft OneDrive Shell Extension","Product":"Microsoft OneDrive","Company":"Microsoft Corporation","OriginalFileName":"FileSyncShell64.dll","Hashes":"SHA1=8A8D2F92840400B12DF5B23067B3645614A6154C,MD5=6494F9E418717F254D9C51C1D6AB7776,SHA256=89CE72127ACEC3868EE255920B456C571E65F3478525757E8E9C7D9B594A2CAC,IMPHASH=B6F0CB2FEAC0D06F10AEF2E6082E5925","Signed":"true","Signature":"Microsoft Corporation","SignatureStatus":"Valid"}
{"provider":"Microsoft-Windows-Sysmon","event_id":22,"Level":"4","Task":"22","time_created":"2025-06-10T14:21:00.4868517Z","EventRecordID":"111005","ExecutionProcessID":"2824","ExecutionThreadID":"1464","Channel":"Microsoft-Windows-Sysmon/Operational","host":"DC-01.kestrelag.com","Computer":"DC-01.kestrelag.com","RuleName":"-","UtcTime":"2025-06-10 14:21:00.486","ProcessGuid":"{83eb9c06-3c53-6840-9b79-f1e262f44f72}","ProcessId":"2372","QueryName":"desktop.dropbox.com","QueryStatus":"0","QueryResults":"162.125.6.22;162.125.7.22;","Image":"C:\\Windows\\System32\\svchost.exe","User":"NT AUTHORITY\\LOCAL SERVICE"}
{"provider":"Microsoft-Windows-Sysmon","event_id":3,"Level":"4","Task":"3","time_created":"2025-06-10T14:21:02.0475735Z","EventRecordID":"111007","ExecutionProcessID":"2824","ExecutionThreadID":"1464","Channel":"Microsoft-Windows-Sysmon/Operational","host":"DC-01.kestrelag.com","Computer":"DC-01.kestrelag.com","RuleName":"-","UtcTime":"2025-06-10 14:21:02.047","ProcessGuid":"{83eb9c06-3c50-6840-fff0-b83914b1f523}","ProcessId":"2368","Image":"C:\\Windows\\System32\\svchost.exe","User":"NT AUTHORITY\\NETWORK SERVICE","Protocol":"tcp","Initiated":"true","SourceIsIpv6":"false","SourceIp":"10.20.20.10","SourceHostname":"DC-01.kestrelag.com","SourcePort":"56523","SourcePortName":"-","DestinationIsIpv6":"false","DestinationIp":"162.125.7.22","DestinationHostname":"desktop.dropbox.com","DestinationPort":"443","DestinationPortName":"https"}
{"provider":"Microsoft-Windows-Sysmon","event_id":1,"Level":"4","Task":"1","time_created":"2025-06-10T14:21:06.4904039Z","EventRecordID":"111009","ExecutionProcessID":"2824","ExecutionThreadID":"4732","Channel":"Microsoft-Windows-Sysmon/Operational","host":"DC-01.kestrelag.com","Computer":"DC-01.kestrelag.com","RuleName":"-","UtcTime":"2025-06-10 14:21:06.490","ProcessGuid":"{83eb9c06-3f52-6848-a609-5dfd27078faf}","ProcessId":"7464","Image":"C:\\Windows\\System32\\usoclient.exe","FileVersion":"10.0.17763.1","Description":"Update Session Orchestrator","Product":"Microsoft Windows Operating System","Company":"Microsoft Corporation","OriginalFileName":"UsoClient.exe","CommandLine":"usoclient.exe ResumeUpdate","CurrentDirectory":"C:\\Windows\\System32\\","User":"NT AUTHORITY\\SYSTEM","LogonGuid":"{a3d8ed8f-60dc-4557-8c5a-6fda4ef39281}","LogonId":"0x3e7","TerminalSessionId":"0","IntegrityLevel":"System","Hashes":"SHA1=C767054065B19A5450CFF1749D104FBB9EBBCF35,MD5=F42F3909AC031B335F1E786FB6BF598C,SHA256=43E9AAA397C85442B996052AF581B6B049EF03E4716AC3525AA695AA41967FCF,IMPHASH=E27D3E9AB8E8FD24AB0E373C60BBF32B","ParentProcessGuid":"{83eb9c06-3c58-6840-02ee-5fa814203eb4}","ParentProcessId":"2400","ParentImage":"C:\\Windows\\System32\\svchost.exe","ParentCommandLine":"svchost.exe -k wusvcs"}
{"provider":"Microsoft-Windows-Sysmon","event_id":10,"Level":"4","Task":"10","time_created":"2025-06-10T14:21:08.4662211Z","EventRecordID":"111027","ExecutionProcessID":"2824","ExecutionThreadID":"4732","Channel":"Microsoft-Windows-Sysmon/Operational","host":"DC-01.kestrelag.com","Computer":"DC-01.kestrelag.com","RuleName":"-","UtcTime":"2025-06-10 14:21:08.466","SourceProcessGUID":"{83eb9c06-3c66-6840-0ddf-1d7ef6a34cb6}","SourceProcessId":"2460","SourceImage":"C:\\Windows\\System32\\msiexec.exe","SourceThreadId":"5116","SourceUser":"NT AUTHORITY\\SYSTEM","TargetProcessGUID":"{83eb9c06-3c4d-6840-c63b-d50a7f627ba6}","TargetProcessId":"2332","TargetImage":"C:\\Windows\\System32\\services.exe","TargetUser":"NT AUTHORITY\\SYSTEM","GrantedAccess":"0x0400","CallTrace":"C:\\Windows\\SYSTEM32\\ntdll.dll+9E1F4|C:\\Windows\\SYSTEM32\\KERNELBASE.dll+2C737|C:\\Windows\\SYSTEM32\\wbemcomn.dll+16027"}
{"provider":"Microsoft-Windows-Sysmon","event_id":10,"Level":"4","Task":"10","time_created":"2025-06-10T14:21:08.6172557Z","EventRecordID":"183325","ExecutionProcessID":"1836","ExecutionThreadID":"2228","Channel":"Microsoft-Windows-Sysmon/Operational","host":"FS-01.kestrelag.com","Computer":"FS-01.kestrelag.com","RuleName":"-","UtcTime":"2025-06-10 14:21:08.617","SourceProcessGUID":"{73626057-6a4d-6830-573e-775c161b88f4}","SourceProcessId":"3448","SourceImage":"C:\\Windows\\System32\\services.exe","SourceThreadId":"2180","SourceUser":"NT AUTHORITY\\SYSTEM","TargetProcessGUID":"{73626057-6a54-6830-3b9a-fd8334072425}","TargetProcessId":"3524","TargetImage":"C:\\Windows\\System32\\svchost.exe","TargetUser":"NT AUTHORITY\\NETWORK SERVICE","GrantedAccess":"0x0400","CallTrace":"C:\\Windows\\SYSTEM32\\ntdll.dll+9E0D2|C:\\Windows\\SYSTEM32\\KERNELBASE.dll+2C574"}
{"provider":"Microsoft-Windows-Sysmon","event_id":1,"Level":"4","Task":"1","time_created":"2025-06-10T14:21:29.5628823Z","EventRecordID":"355967","ExecutionProcessID":"2972","ExecutionThreadID":"2480","Channel":"Microsoft-Windows-Sysmon/Operational","host":"APP-01.kestrelag.com","Computer":"APP-01.kestrelag.com","RuleName":"-","UtcTime":"2025-06-10 14:21:29.562","ProcessGuid":"{01eec844-3f69-6848-daa3-d0a9942d9e45}","ProcessId":"6708","Image":"C:\\Windows\\System32\\wbem\\WmiPrvSE.exe","FileVersion":"10.0.17763.1","Description":"WMI Provider Host","Product":"Microsoft Windows Operating System","Company":"Microsoft Corporation","OriginalFileName":"WmiPrvSE.exe","CommandLine":"WmiPrvSE.exe -secured -Embedding","CurrentDirectory":"C:\\Windows\\System32\\","User":"NT AUTHORITY\\SYSTEM","LogonGuid":"{6e80e2f9-de2b-480b-83cd-330a62b589f6}","LogonId":"0x3e7","TerminalSessionId":"0","IntegrityLevel":"System","Hashes":"SHA1=6AD156D08BB4F9B25234F96E34E653FD71462DB9,MD5=30A5B57A08718348FAB95C22B5AECB52,SHA256=41F3A56D4D7DE7B7E4D6F1A6EAB3F159A1E5C8210760E3507918D6055AD0F8CF,IMPHASH=CDFFA5B4AF7AA0CE617D43ED10715987","ParentProcessGuid":"{01eec844-30cf-6844-0ccc-54da7a5d697b}","ParentProcessId":"2948","ParentImage":"C:\\Windows\\System32\\svchost.exe","ParentCommandLine":"svchost.exe -k DcomLaunch"}
{"provider":"Microsoft-Windows-Sysmon","event_id":1,"Level":"4","Task":"1","time_created":"2025-06-10T14:21:32.5649730Z","EventRecordID":"183373","ExecutionProcessID":"1836","ExecutionThreadID":"2452","Channel":"Microsoft-Windows-Sysmon/Operational","host":"FS-01.kestrelag.com","Computer":"FS-01.kestrelag.com","RuleName":"-","UtcTime":"2025-06-10 14:21:32.564","ProcessGuid":"{73626057-3f6c-6848-5848-f7e1565b7a0f}","ProcessId":"6968","Image":"C:\\Windows\\System32\\dllhost.exe","FileVersion":"10.0.17763.1","Description":"COM Surrogate","Product":"Microsoft Windows Operating System","Company":"Microsoft Corporation","OriginalFileName":"dllhost.exe","CommandLine":"dllhost.exe /Processid:{AB8902B4-09CA-4BB6-B78D-A8F59079A8D5}","CurrentDirectory":"C:\\Windows\\System32\\","User":"NT AUTHORITY\\SYSTEM","LogonGuid":"{67f6c453-3625-42d1-adcd-099656740ac3}","LogonId":"0x3e7","TerminalSessionId":"0","IntegrityLevel":"System","Hashes":"SHA1=E9843285F306715E9377A11649761552EAB1A78D,MD5=99E15BCE4A20CCD57152F4560FE025DD,SHA256=AE87276FEB54EB8E5D8CF628D65D2300337F1BDBEF5D6F1CDE2FBDBCDA2178B6,IMPHASH=9C46F35652CBE94C2DC7B1693268CB59","ParentProcessGuid":"{73626057-6a4f-6830-1ee0-9725ace3e290}","ParentProcessId":"3496","ParentImage":"C:\\Windows\\System32\\svchost.exe","ParentCommandLine":"svchost.exe -k DcomLaunch"}
{"provider":"Microsoft-Windows-Sysmon","event_id":10,"Level":"4","Task":"10","time_created":"2025-06-10T14:21:43.5881333Z","EventRecordID":"356000","ExecutionProcessID":"2972","ExecutionThreadID":"2480","Channel":"Microsoft-Windows-Sysmon/Operational","host":"APP-01.kestrelag.com","Computer":"APP-01.kestrelag.com","RuleName":"-","UtcTime":"2025-06-10 14:21:43.588","SourceProcessGUID":"{01eec844-30e1-6844-bbcd-f1dd6bed83e8}","SourceProcessId":"3312","SourceImage":"C:\\Windows\\System32\\msiexec.exe","SourceThreadId":"6704","SourceUser":"NT AUTHORITY\\SYSTEM","TargetProcessGUID":"{01eec844-30cb-6844-c713-342d9b6db6df}","TargetProcessId":"2896","TargetImage":"C:\\Windows\\System32\\services.exe","TargetUser":"NT AUTHORITY\\SYSTEM","GrantedAccess":"0x1400","CallTrace":"C:\\Windows\\SYSTEM32\\ntdll.dll+9EAAE|C:\\Windows\\SYSTEM32\\RPCRT4.dll+7DF07|C:\\Windows\\SYSTEM32\\KERNELBASE.dll+2C61C"}
{"provider":"Microsoft-Windows-Sysmon","event_id":10,"Level":"4","Task":"10","time_created":"2025-06-10T14:21:45.3423266Z","EventRecordID":"356003","ExecutionProcessID":"2972","ExecutionThreadID":"2480","Channel":"Microsoft-Windows-Sysmon/Operational","host":"APP-01.kestrelag.com","Computer":"APP-01.kestrelag.com","RuleName":"-","UtcTime":"2025-06-10 14:21:45.342","SourceProcessGUID":"{01eec844-30ca-6844-0f9a-f707423126a3}","SourceProcessId":"2840","SourceImage":"C:\\Windows\\System32\\csrss.exe","SourceThreadId":"1936","SourceUser":"NT AUTHORITY\\SYSTEM","TargetProcessGUID":"{01eec844-30e5-6844-ba74-90998eb3c140}","TargetProcessId":"3332","TargetImage":"C:\\Windows\\System32\\winlogon.exe","TargetUser":"NT AUTHORITY\\SYSTEM","GrantedAccess":"0x1000","CallTrace":"C:\\Windows\\SYSTEM32\\ntdll.dll+9E35F|C:\\Windows\\SYSTEM32\\KERNELBASE.dll+2E1C4|C:\\Windows\\SYSTEM32\\sechost.dll+12058"}
{"provider":"Microsoft-Windows-Sysmon","event_id":13,"Level":"4","Task":"13","time_created":"2025-06-10T14:22:03.2764696Z","EventRecordID":"356006","ExecutionProcessID":"2972","ExecutionThreadID":"2536","Channel":"Microsoft-Windows-Sysmon/Operational","host":"APP-01.kestrelag.com","Computer":"APP-01.kestrelag.com","RuleName":"-","EventType":"SetValue","UtcTime":"2025-06-10 14:22:03.276","ProcessGuid":"{01eec844-30cb-6844-c713-342d9b6db6df}","ProcessId":"2896","Image":"C:\\Windows\\System32\\services.exe","User":"NT AUTHORITY\\SYSTEM","TargetObject":"HKLM\\SOFTWARE\\Microsoft\\Windows\\CurrentVersion\\WINEVT\\Channels\\Microsoft-Windows-Sysmon/Operational\\Enabled","Details":"DWORD (0x00000001)"}
{"provider":"Microsoft-Windows-Sysmon","event_id":13,"Level":"4","Task":"13","time_created":"2025-06-10T14:22:05.1025583Z","EventRecordID":"356034","ExecutionProcessID":"2972","ExecutionThreadID":"1868","Channel":"Microsoft-Windows-Sysmon/Operational","host":"APP-01.kestrelag.com","Computer":"APP-01.kestrelag.com","RuleName":"-","EventType":"SetValue","UtcTime":"2025-06-10 14:22:05.102","ProcessGuid":"{01eec844-30e1-6844-bbcd-f1dd6bed83e8}","ProcessId":"3312","Image":"C:\\Windows\\System32\\msiexec.exe","User":"NT AUTHORITY\\SYSTEM","TargetObject":"HKLM\\SOFTWARE\\Microsoft\\Windows\\CurrentVersion\\Component Based Servicing\\Packages\\Package_for_DotNetRollup~31bf3856ad364e35~amd64~~10.0.17763.14\\CurrentState","Details":"DWORD (0x00000070)"}
{"provider":"Microsoft-Windows-Sysmon","event_id":5,"Level":"4","Task":"5","time_created":"2025-06-10T14:22:12.2467967Z","EventRecordID":"356035","ExecutionProcessID":"2972","ExecutionThreadID":"1868","Channel":"Microsoft-Windows-Sysmon/Operational","host":"APP-01.kestrelag.com","Computer":"APP-01.kestrelag.com","RuleName":"-","UtcTime":"2025-06-10 14:22:12.246","ProcessGuid":"{01eec844-1c72-6848-4ea9-bea106fc7d76}","ProcessId":"5992","Image":"C:\\Windows\\System32\\MpCmdRun.exe","User":"NT AUTHORITY\\SYSTEM"}
