{"provider":"Microsoft-Windows-Sysmon","event_id":13,"Level":"4","Task":"13","time_created":"2025-06-10T18:38:03.9322807Z","EventRecordID":"116835","ExecutionProcessID":"2824","ExecutionThreadID":"1464","Channel":"Microsoft-Windows-Sysmon/Operational","host":"DC-01.kestrelag.com","Computer":"DC-01.kestrelag.com","RuleName":"-","EventType":"SetValue","UtcTime":"2025-06-10 18:38:03.932","ProcessGuid":"{83eb9c06-3c58-6840-02ee-5fa814203eb4}","ProcessId":"2400","Image":"C:\\Windows\\System32\\svchost.exe","User":"NT AUTHORITY\\SYSTEM","TargetObject":"HKLM\\SOFTWARE\\Microsoft\\Windows\\CurrentVersion\\Component Based Servicing\\Packages\\Package_for_RollupFix~31bf3856ad364e35~amd64~~10.0.17763.51\\CurrentState","Details":"DWORD (0x00000070)"}
{"provider":"Microsoft-Windows-Sysmon","event_id":1,"Level":"4","Task":"1","time_created":"2025-06-10T18:38:05.3957789Z","EventRecordID":"186414","ExecutionProcessID":"1836","ExecutionThreadID":"2452","Channel":"Microsoft-Windows-Sysmon/Operational","host":"FS-01.kestrelag.com","Computer":"FS-01.kestrelag.com","RuleName":"-","UtcTime":"2025-06-10 18:38:05.395","ProcessGuid":"{73626057-7b8d-6848-44cd-d870a6c3e459}","ProcessId":"8912","Image":"C:\\Windows\\WinSxS\\amd64_microsoft-windows-servicingstack_31bf3856ad364e35_10.0.17763.5329_none_7c91d6e7c9f7f1f5\\TiWorker.exe","FileVersion":"10.0.17763.5329","Description":"Windows Module Installer Worker","Product":"Microsoft Windows Operating System","Company":"Microsoft Corporation","OriginalFileName":"TiWorker.exe","CommandLine":"TiWorker.exe -Embedding","CurrentDirectory":"C:\\Windows\\System32\\","User":"NT AUTHORITY\\SYSTEM","LogonGuid":"{67f6c453-3625-42d1-adcd-099656740ac3}","LogonId":"0x3e7","TerminalSessionId":"0","IntegrityLevel":"System","Hashes":"SHA1=DFCEC41AA0EC233EC31C0EE54E13568005EC9338,MD5=C6FA6F18FDB062DC0371021D3CDC862D,SHA256=9144EE45736D7C21710276008109395FFBE50F687636251296390DFC2E168A05,IMPHASH=3B7A904FCD0C2F9BDAF7A3C1DB99406F","ParentProcessGuid":"{73626057-6a54-6830-3b9a-fd8334072425}","ParentProcessId":"3524","ParentImage":"C:\\Windows\\System32\\svchost.exe","ParentCommandLine":"svchost.exe -k netsvcs"}
{"provider":"Microsoft-Windows-Sysmon","event_id":7,"Level":"4","Task":"7","time_created":"2025-06-10T18:38:05.4217294Z","EventRecordID":"116841","ExecutionProcessID":"2824","ExecutionThreadID":"4732","Channel":"Microsoft-Windows-Sysmon/Operational","host":"DC-01.kestrelag.com","Computer":"DC-01.kestrelag.com","RuleName":"-","UtcTime":"2025-06-10 18:38:05.421","ProcessGuid":"{83eb9c06-6c97-6848-60ee-56f1bcfae32d}","ProcessId":"9480","Image":"C:\\Windows\\System32\\svchost.exe","ImageLoaded":"C:\\Program Files\\Dell\\SupportAssistAgent\\bin\\pcdrsysinfosoftware.p5x","FileVersion":"1.0.0.0","Description":"pcdrsysinfosoftware.p5x module","Product":"Dell Inc.","Company":"Dell Inc.","OriginalFileName":"pcdrsysinfosoftware.p5x","Hashes":"SHA1=DA2C7A7A281800947B5C71F4A92CE843B1DC50F2,MD5=D6EB67E7B79CE37086993703C1352704,SHA256=0DE9D6BA42DE73879DA0EAFD44873E30FCB362AF0AF13A34923E24513C239AD5,IMPHASH=EF39C50EF82A06742DB4608EF8AF9CBB","Signed":"true","Signature":"Dell Inc.","SignatureStatus":"Valid"}
{"provider":"Microsoft-Windows-Sysmon","event_id":5,"Level":"4","Task":"5","time_created":"2025-06-10T18:38:07.5765976Z","EventRecordID":"358474","ExecutionProcessID":"2972","ExecutionThreadID":"2536","Channel":"Microsoft-Windows-Sysmon/Operational","host":"APP-01.kestrelag.com","Computer":"APP-01.kestrelag.com","RuleName":"-","UtcTime":"2025-06-10 18:38:07.576","ProcessGuid":"{01eec844-6281-6848-e31c-f26f3f4d1480}","ProcessId":"7532","Image":"C:\\Windows\\System32\\wbem\\WmiPrvSE.exe","User":"NT AUTHORITY\\SYSTEM"}
{"provider":"Microsoft-Windows-Sysmon","event_id":7,"Level":"4","Task":"7","time_created":"2025-06-10T18:38:12.1713345Z","EventRecordID":"186417","ExecutionProcessID":"1836","ExecutionThreadID":"2452","Channel":"Microsoft-Windows-Sysmon/Operational","host":"FS-01.kestrelag.com","Computer":"FS-01.kestrelag.com","RuleName":"-","UtcTime":"2025-06-10 18:38:12.171","ProcessGuid":"{73626057-f302-6847-3727-5ef5045b7775}","ProcessId":"5684","Image":"C:\\Windows\\System32\\svchost.exe","ImageLoaded":"C:\\Program Files\\VMware\\VMware Tools\\vmStatsProvider.dll","FileVersion":"1.0.0.0","Description":"vmStatsProvider.dll module","Product":"VMware, Inc.","Company":"VMware, Inc.","OriginalFileName":"vmStatsProvider.dll","Hashes":"SHA1=59D6A2228965DEA66D7C93F926FFF5BEA58D0958,MD5=90B6BA84A505CD2472182B6A3BFF34DD,SHA256=51F5802FF35D872BE25CF1BA725DBFE7E93B2CB0E7620126E5A6CC4F506DF760,IMPHASH=96621860BADAB47E574E7B6E25AA7F61","Signed":"true","Signature":"VMware, Inc.","SignatureStatus":"Valid"}
{"provider":"Microsoft-Windows-Sysmon","event_id":10,"Level":"4","Task":"10","time_created":"2025-06-10T18:38:15.9628500Z","EventRecordID":"116846","ExecutionProcessID":"2824","ExecutionThreadID":"4732","Channel":"Microsoft-Windows-Sysmon/Operational","host":"DC-01.kestrelag.com","Computer":"DC-01.kestrelag.com","RuleName":"-","UtcTime":"2025-06-10 18:38:15.962","SourceProcessGUID":"{83eb9c06-3c62-6840-706a-7953947a2634}","SourceProcessId":"2432","SourceImage":"C:\\Windows\\System32\\dllhost.exe","SourceThreadId":"3768","SourceUser":"NT AUTHORITY\\SYSTEM","TargetProcessGUID":"{83eb9c06-3c6e-6840-a821-9a16dd0d7358}","TargetProcessId":"2504","TargetImage":"C:\\Windows\\System32\\winlogon.exe","TargetUser":"NT AUTHORITY\\SYSTEM","GrantedAccess":"0x0400","CallTrace":"C:\\Windows\\SYSTEM32\\ntdll.dll+9E98D|C:\\Windows\\SYSTEM32\\KERNELBASE.dll+2C6D3|C:\\Windows\\SYSTEM32\\sechost.dll+13AC4"}
{"provider":"Microsoft-Windows-Sysmon","event_id":5,"Level":"4","Task":"5","time_created":"2025-06-10T18:38:33.4142526Z","EventRecordID":"358481","ExecutionProcessID":"2972","ExecutionThreadID":"1868","Channel":"Microsoft-Windows-Sysmon/Operational","host":"APP-01.kestrelag.com","Computer":"APP-01.kestrelag.com","RuleName":"-","UtcTime":"2025-06-10 18:38:33.414","ProcessGuid":"{01eec844-601b-6848-dab8-36d05206f640}","ProcessId":"7744","Image":"C:\\Windows\\System32\\wbem\\WmiPrvSE.exe","User":"NT AUTHORITY\\SYSTEM"}
{"provider":"Microsoft-Windows-Sysmon","event_id":10,"Level":"4","Task":"10","time_created":"2025-06-10T18:38:34.4177558Z","EventRecordID":"116849","ExecutionProcessID":"2824","ExecutionThreadID":"1464","Channel":"Microsoft-Windows-Sysmon/Operational","host":"DC-01.kestrelag.com","Computer":"DC-01.kestrelag.com","RuleName":"-","UtcTime":"2025-06-10 18:38:34.417","SourceProcessGUID":"{83eb9c06-3c4b-6840-8c8c-98abbd047e91}","SourceProcessId":"2252","SourceImage":"C:\\Windows\\System32\\csrss.exe","SourceThreadId":"3788","SourceUser":"NT AUTHORITY\\SYSTEM","TargetProcessGUID":"{83eb9c06-3c4c-6840-9a7d-d55929bf8c83}","TargetProcessId":"2336","TargetImage":"C:\\Windows\\System32\\lsass.exe","TargetUser":"NT AUTHORITY\\SYSTEM","GrantedAccess":"0x1000","CallTrace":"C:\\Windows\\SYSTEM32\\ntdll.dll+9D760|C:\\Windows\\SYSTEM32\\KERNELBASE.dll+2CD11"}
{"provider":"Microsoft-Windows-Sysmon","event_id":1,"Level":"4","Task":"1","time_created":"2025-06-10T18:39:06.4198994Z","EventRecordID":"358484","ExecutionProcessID":"2972","ExecutionThreadID":"2480","Channel":"Microsoft-Windows-Sysmon/Operational","host":"APP-01.kestrelag.com","Computer":"APP-01.kestrelag.com","RuleName":"-","UtcTime":"2025-06-10 18:39:06.419","ProcessGuid":"{01eec844-7bca-6848-d829-33fa4aefd64e}","ProcessId":"8616","Image":"C:\\Windows\\System32\\taskhostw.exe","FileVersion":"10.0.17763.1","Description":"Host Process for Windows Tasks","Product":"Microsoft Windows Operating System","Company":"Microsoft Corporation","OriginalFileName":"taskhostw.exe","CommandLine":"taskhostw.exe","CurrentDirectory":"C:\\Windows\\System32\\","User":"NT AUTHORITY\\SYSTEM","LogonGuid":"{6e80e2f9-de2b-480b-83cd-330a62b589f6}","LogonId":"0x3e7","TerminalSessionId":"0","IntegrityLevel":"System","Hashes":"SHA1=E9D89BE9F06C87CE3F0ED2C902086D665079AC3F,MD5=BFB4F13826BAF7E99DC8635665152633,SHA256=17EEB63FFF746AC1E28410EF5F2A7393F799E01860AB3CC7FE4700E909266323,IMPHASH=625D48FCB9529D002E844734F583C0E5","ParentProcessGuid":"{01eec844-30d1-6844-0496-deb55c9a5dde}","ParentProcessId":"2956","ParentImage":"C:\\Windows\\System32\\svchost.exe","ParentCommandLine":"svchost.exe -k LocalSystem"}
{"provider":"Microsoft-Windows-Sysmon","event_id":7,"Level":"4","Task":"7","time_created":"2025-06-10T18:39:07.2759877Z","EventRecordID":"116851","ExecutionProcessID":"2824","ExecutionThreadID":"4732","Channel":"Microsoft-Windows-Sysmon/Operational","host":"DC-01.kestrelag.com","Computer":"DC-01.kestrelag.com","RuleName":"-","UtcTime":"2025-06-10 18:39:07.275","ProcessGuid":"{83eb9c06-fc73-6847-973a-5d86f488a586}","ProcessId":"5640","Image":"C:\\Windows\\System32\\svchost.exe","ImageLoaded":"C:\\Program Files\\Windows Defender Advanced Threat Protection\\SenseCncProxy.dll","FileVersion":"10.8049.22439.1065","Description":"Microsoft Defender for Endpoint Sensor Command Proxy","Product":"Microsoft Defender for Endpoint","Company":"Microsoft Corporation","OriginalFileName":"SenseCncProxy.dll","Hashes":"SHA1=80520C50C30D947A68E2E01E4B92DF5FF29928FA,MD5=D6395FA4C4ABC4A284744C04BC2C6207,SHA256=69D6A3AB75BCB21819F7D54E69E6BA2CB32C8E958F27473FD54099ADEB4BB353,IMPHASH=D775FDE08B202AEDA21B2DF864344D45","Signed":"true","Signature":"Microsoft Corporation","SignatureStatus":"Valid"}
{"provider":"Microsoft-Windows-Sysmon","event_id":13,"Level":"4","Task":"13","time_created":"2025-06-10T18:39:12.1644043Z","EventRecordID":"358486","ExecutionProcessID":"2972","ExecutionThreadID":"2480","Channel":"Microsoft-Windows-Sysmon/Operational","host":"APP-01.kestrelag.com","Computer":"APP-01.kestrelag.com","RuleName":"-","EventType":"SetValue","UtcTime":"2025-06-10 18:39:12.164","ProcessGuid":"{01eec844-30cf-6844-0ccc-54da7a5d697b}","ProcessId":"2948","Image":"C:\\Windows\\System32\\svchost.exe","User":"NT AUTHORITY\\SYSTEM","TargetObject":"HKLM\\SOFTWARE\\Microsoft\\WBEM\\CIMOM\\Logging","Details":"DWORD (0x00000002)"}
{"provider":"Microsoft-Windows-Sysmon","event_id":5,"Level":"4","Task":"5","time_created":"2025-06-10T18:39:12.3299107Z","EventRecordID":"186423","ExecutionProcessID":"1836","ExecutionThreadID":"2452","Channel":"Microsoft-Windows-Sysmon/Operational","host":"FS-01.kestrelag.com","Computer":"FS-01.kestrelag.com","RuleName":"-","UtcTime":"2025-06-10 18:39:12.329","ProcessGuid":"{73626057-621c-6848-da91-18ce7fefb7b4}","ProcessId":"8284","Image":"C:\\Windows\\System32\\MpCmdRun.exe","User":"NT AUTHORITY\\SYSTEM"}
{"provider":"Microsoft-Windows-Sysmon","event_id":5,"Level":"4","Task":"5","time_created":"2025-06-10T18:39:40.8539218Z","EventRecordID":"116852","ExecutionProcessID":"2824","ExecutionThreadID":"4732","Channel":"Microsoft-Windows-Sysmon/Operational","host":"DC-01.kestrelag.com","Computer":"DC-01.kestrelag.com","RuleName":"-","UtcTime":"2025-06-10 18:39:40.853","ProcessGuid":"{83eb9c06-6384-6848-aa98-33ad51c5bf82}","ProcessId":"9048","Image":"C:\\Windows\\System32\\usoclient.exe","User":"NT AUTHORITY\\SYSTEM"}
{"provider":"Microsoft-Windows-Sysmon","event_id":7,"Level":"4","Task":"7","time_created":"2025-06-10T18:39:47.4386223Z","EventRecordID":"358494","ExecutionProcessID":"2972","ExecutionThreadID":"2480","Channel":"Microsoft-Windows-Sysmon/Operational","host":"APP-01.kestrelag.com","Computer":"APP-01.kestrelag.com","RuleName":"-","UtcTime":"2025-06-10 18:39:47.438","ProcessGuid":"{01eec844-2b80-6848-d9ce-32f30bcf13e5}","ProcessId":"6424","Image":"C:\\Windows\\System32\\taskhostw.exe","ImageLoaded":"C:\\ProgramData\\Microsoft\\Windows Defender\\Platform\\4.18.2301.6-0\\MpClient.dll","FileVersion":"10.0.19041.1","Description":"MpClient.dll system library","Product":"Microsoft Windows Operating System","Company":"Microsoft Corporation","OriginalFileName":"MpClient.dll","Hashes":"SHA1=4EBD0CB418B646D66B75B6D3F2B67E91F7B3B446,MD5=5F2E97046C77BE473616ED1279BEAA8E,SHA256=422A0693BDA99E6CDFF4A8A0C8BD30836EEF8EB07274C75EEF93A5821955DB34,IMPHASH=6D02D9D84BB1546D6814A7A1F16E72C7","Signed":"true","Signature":"Microsoft Corporation","SignatureStatus":"Valid"}
{"provider":"Microsoft-Windows-Sysmon","event_id":10,"Level":"4","Task":"10","time_created":"2025-06-10T18:39:52.1877123Z","EventRecordID":"116853","ExecutionProcessID":"2824","ExecutionThreadID":"4208","Channel":"Microsoft-Windows-Sysmon/Operational","host":"DC-01.kestrelag.com","Computer":"DC-01.kestrelag.com","RuleName":"-","UtcTime":"2025-06-10 18:39:52.187","SourceProcessGUID":"{83eb9c06-3c5e-6840-430c-36e4077ad2ab}","SourceProcessId":"2420","SourceImage":"C:\\ProgramData\\Microsoft\\Windows Defender\\Platform\\4.18.2301.6-0\\MsMpEng.exe","SourceThreadId":"4112","SourceUser":"NT AUTHORITY\\SYSTEM","TargetProcessGUID":"{83eb9c06-3c50-6840-fff0-b83914b1f523}","TargetProcessId":"2368","TargetImage":"C:\\Windows\\System32\\svchost.exe","TargetUser":"NT AUTHORITY\\NETWORK SERVICE","GrantedAccess":"0x1010","CallTrace":"C:\\Windows\\SYSTEM32\\ntdll.dll+9DA41|C:\\Windows\\SYSTEM32\\KERNELBASE.dll+2DD3E|C:\\Windows\\SYSTEM32\\advapi32.dll+4C3AA"}
{"provider":"Microsoft-Windows-Sysmon","event_id":13,"Level":"4","Task":"13","time_created":"2025-06-10T18:40:05.9462588Z","EventRecordID":"186424","ExecutionProcessID":"1836","ExecutionThreadID":"2452","Channel":"Microsoft-Windows-Sysmon/Operational","host":"FS-01.kestrelag.com","Computer":"FS-01.kestrelag.com","RuleName":"-","EventType":"SetValue","UtcTime":"2025-06-10 18:40:05.946","ProcessGuid":"{73626057-6a54-6830-3b9a-fd8334072425}","ProcessId":"3524","Image":"C:\\Windows\\System32\\svchost.exe","User":"NT AUTHORITY\\NETWORK SERVICE","TargetObject":"HKLM\\SOFTWARE\\Microsoft\\Windows\\CurrentVersion\\Run\\SecurityHealthSystray","Details":"C:\\Windows\\System32\\SecurityHealthSystray.exe"}
{"provider":"Microsoft-Windows-Sysmon","event_id":1,"Level":"4","Task":"1","time_created":"2025-06-10T18:40:18.9955417Z","EventRecordID":"186427","ExecutionProcessID":"1836","ExecutionThreadID":"2452","Channel":"Microsoft-Windows-Sysmon/Operational","host":"FS-01.kestrelag.com","Computer":"FS-01.kestrelag.com","RuleName":"-","UtcTime":"2025-06-10 18:40:18.995","ProcessGuid":"{73626057-7c12-6848-ea45-3744e944f62b}","ProcessId":"8920","Image":"C:\\Windows\\System32\\taskhostw.exe","FileVersion":"10.0.17763.1","Description":"Host Process for Windows Tasks","Product":"Microsoft Windows Operating System","Company":"Microsoft Corporation","OriginalFileName":"taskhostw.exe","CommandLine":"taskhostw.exe /Run","CurrentDirectory":"C:\\Windows\\System32\\","User":"NT AUTHORITY\\SYSTEM","LogonGuid":"{67f6c453-3625-42d1-adcd-099656740ac3}","LogonId":"0x3e7","TerminalSessionId":"0","IntegrityLevel":"System","Hashes":"SHA1=E9D89BE9F06C87CE3F0ED2C902086D665079AC3F,MD5=BFB4F13826BAF7E99DC8635665152633,SHA256=17EEB63FFF746AC1E28410EF5F2A7393F799E01860AB3CC7FE4700E909266323,IMPHASH=625D48FCB9529D002E844734F583C0E5","ParentProcessGuid":"{73626057-6a53-6830-7239-531b408f7c72}","ParentProcessId":"3508","ParentImage":"C:\\Windows\\System32\\svchost.exe","ParentCommandLine":"svchost.exe -k LocalSystem"}
{"provider":"Microsoft-Windows-Sysmon","event_id":22,"Level":"4","Task":"22","time_created":"2025-06-10T18:41:03.2507090Z","EventRecordID":"116856","ExecutionProcessID":"2824","ExecutionThreadID":"4732","Channel":"Microsoft-Windows-Sysmon/Operational","host":"DC-01.kestrelag.com","Computer":"DC-01.kestrelag.com","RuleName":"-","UtcTime":"2025-06-10 18:41:03.250","ProcessGuid":"{83eb9c06-3c53-6840-9b79-f1e262f44f72}","ProcessId":"2372","QueryName":"update.googleapis.com","QueryStatus":"0","QueryResults":"142.250.190.74;172.217.164.138;","Image":"C:\\Windows\\System32\\svchost.exe","User":"NT AUTHORITY\\LOCAL SERVICE"}
{"provider":"Microsoft-Windows-Sysmon","event_id":5,"Level":"4","Task":"5","time_created":"2025-06-10T18:41:34.3102544Z","EventRecordID":"186434","ExecutionProcessID":"1836","ExecutionThreadID":"2452","Channel":"Microsoft-Windows-Sysmon/Operational","host":"FS-01.kestrelag.com","Computer":"FS-01.kestrelag.com","RuleName":"-","UtcTime":"2025-06-10 18:41:34.310","ProcessGuid":"{73626057-65a7-6848-88f5-11b689c09522}","ProcessId":"8352","Image":"C:\\Windows\\System32\\cleanmgr.exe","User":"NT AUTHORITY\\SYSTEM"}
{"provider":"Microsoft-Windows-Sysmon","event_id":1,"Level":"4","Task":"1","time_created":"2025-06-10T18:41:39.3486450Z","EventRecordID":"116860","ExecutionProcessID":"2824","ExecutionThreadID":"1464","Channel":"Microsoft-Windows-Sysmon/Operational","host":"DC-01.kestrelag.com","Computer":"DC-01.kestrelag.com","RuleName":"-","UtcTime":"2025-06-10 18:41:39.348","ProcessGuid":"{83eb9c06-7c63-6848-493f-f8b6f83bc635}","ProcessId":"10172","Image":"C:\\Windows\\WinSxS\\amd64_microsoft-windows-servicingstack_31bf3856ad364e35_10.0.17763.5329_none_7c91d6e7c9f7f1f5\\TiWorker.exe","FileVersion":"10.0.17763.5329","Description":"Windows Module Installer Worker","Product":"Microsoft Windows Operating System","Company":"Microsoft Corporation","OriginalFileName":"TiWorker.exe","CommandLine":"TiWorker.exe -Embedding","CurrentDirectory":"C:\\Windows\\System32\\","User":"NT AUTHORITY\\SYSTEM","LogonGuid":"{a3d8ed8f-60dc-4557-8c5a-6fda4ef39281}","LogonId":"0x3e7","TerminalSessionId":"0","IntegrityLevel":"System","Hashes":"SHA1=DFCEC41AA0EC233EC31C0EE54E13568005EC9338,MD5=C6FA6F18FDB062DC0371021D3CDC862D,SHA256=9144EE45736D7C21710276008109395FFBE50F687636251296390DFC2E168A05,IMPHASH=3B7A904FCD0C2F9BDAF7A3C1DB99406F","ParentProcessGuid":"{83eb9c06-3c50-6840-fff0-b83914b1f523}","ParentProcessId":"2368","ParentImage":"C:\\Windows\\System32\\svchost.exe","ParentCommandLine":"svchost.exe -k netsvcs"}
{"provider":"Microsoft-Windows-Sysmon","event_id":5,"Level":"4","Task":"5","time_created":"2025-06-10T18:41:39.9622846Z","EventRecordID":"358498","ExecutionProcessID":"2972","ExecutionThreadID":"1868","Channel":"Microsoft-Windows-Sysmon/Operational","host":"APP-01.kestrelag.com","Computer":"APP-01.kestrelag.com","RuleName":"-","UtcTime":"2025-06-10 18:41:39.962","ProcessGuid":"{01eec844-551e-6848-342b-7f67aec947ca}","ProcessId":"7220","Image":"C:\\Windows\\System32\\wbem\\WmiPrvSE.exe","User":"NT AUTHORITY\\SYSTEM"}
{"provider":"Microsoft-Windows-Sysmon","event_id":1,"Level":"4","Task":"1","time_created":"2025-06-10T18:42:07.6957075Z","EventRecordID":"116865","ExecutionProcessID":"2824","ExecutionThreadID":"4208","Channel":"Microsoft-Windows-Sysmon/Operational","host":"DC-01.kestrelag.com","Computer":"DC-01.kestrelag.com","RuleName":"-","UtcTime":"2025-06-10 18:42:07.695","ProcessGuid":"{83eb9c06-7c7f-6848-258b-779ee3b0d20e}","ProcessId":"10108","Image":"C:\\Windows\\System32\\wbem\\WmiPrvSE.exe","FileVersion":"10.0.17763.1","Description":"WMI Provider Host","Product":"Microsoft Windows Operating System","Company":"Microsoft Corporation","OriginalFileName":"WmiPrvSE.exe","CommandLine":"WmiPrvSE.exe -Embedding","CurrentDirectory":"C:\\Windows\\System32\\","User":"NT AUTHORITY\\SYSTEM","LogonGuid":"{a3d8ed8f-60dc-4557-8c5a-6fda4ef39281}","LogonId":"0x3e7","TerminalSessionId":"0","IntegrityLevel":"System","Hashes":"SHA1=6AD156D08BB4F9B25234F96E34E653FD71462DB9,MD5=30A5B57A08718348FAB95C22B5AECB52,SHA256=41F3A56D4D7DE7B7E4D6F1A6EAB3F159A1E5C8210760E3507918D6055AD0F8CF,IMPHASH=CDFFA5B4AF7AA0CE617D43ED10715987","ParentProcessGuid":"{83eb9c06-3c50-6840-2e62-9271a2f53d72}","ParentProcessId":"2340","ParentImage":"C:\\Windows\\System32\\svchost.exe","ParentCommandLine":"svchost.exe -k DcomLaunch"}
{"provider":"Microsoft-Windows-Sysmon","event_id":1,"Level":"4","Task":"1","time_created":"2025-06-10T18:42:14.2896309Z","EventRecordID":"358503","ExecutionProcessID":"2972","ExecutionThreadID":"2480","Channel":"Microsoft-Windows-Sysmon/Operational","host":"APP-01.kestrelag.com","Computer":"APP-01.kestrelag.com","RuleName":"-","UtcTime":"2025-06-10 18:42:14.289","ProcessGuid":"{01eec844-7c86-6848-d226-f1f069a8f0e0}","ProcessId":"8620","Image":"C:\\Windows\\System32\\MpCmdRun.exe","FileVersion":"4.18.2211.5","Description":"Microsoft Malware Protection Command Line Utility","Product":"Microsoft Antimalware","Company":"Microsoft Corporation","OriginalFileName":"MpCmdRun.exe","CommandLine":"MpCmdRun.exe -SignatureUpdate","CurrentDirectory":"C:\\Windows\\System32\\","User":"NT AUTHORITY\\SYSTEM","LogonGuid":"{6e80e2f9-de2b-480b-83cd-330a62b589f6}","LogonId":"0x3e7","TerminalSessionId":"0","IntegrityLevel":"System","Hashes":"SHA1=F4EF00F41048EBCC93DDDD07336499E959343F58,MD5=9B838F4924D64C5DD674FED40433F836,SHA256=6D1A306334F254CECFADAFE15CFDE5758AD680D93A4AF98E6FB2064776AF6334,IMPHASH=F8F14F62C527C382581D90DAA5F1D4C5","ParentProcessGuid":"{01eec844-30cb-6844-c713-342d9b6db6df}","ParentProcessId":"2896","ParentImage":"C:\\Windows\\System32\\services.exe","ParentCommandLine":"services.exe"}
{"provider":"Microsoft-Windows-Sysmon","event_id":5,"Level":"4","Task":"5","time_created":"2025-06-10T18:42:40.1160788Z","EventRecordID":"358506","ExecutionProcessID":"2972","ExecutionThreadID":"2536","Channel":"Microsoft-Windows-Sysmon/Operational","host":"APP-01.kestrelag.com","Computer":"APP-01.kestrelag.com","RuleName":"-","UtcTime":"2025-06-10 18:42:40.116","ProcessGuid":"{01eec844-6626-6848-64aa-52f3ddb5ee7c}","ProcessId":"7520","Image":"C:\\Windows\\System32\\wbem\\WmiPrvSE.exe","User":"NT AUTHORITY\\SYSTEM"}
{"provider":"Microsoft-Windows-Sysmon","event_id":10,"Level":"4","Task":"10","time_created":"2025-06-10T18:42:44.7223766Z","EventRecordID":"116908","ExecutionProcessID":"2824","ExecutionThreadID":"4208","Channel":"Microsoft-Windows-Sysmon/Operational","host":"DC-01.kestrelag.com","Computer":"DC-01.kestrelag.com","RuleName":"-","UtcTime":"2025-06-10 18:42:44.722","SourceProcessGUID":"{83eb9c06-3c4d-6840-c63b-d50a7f627ba6}","SourceProcessId":"2332","SourceImage":"C:\\Windows\\System32\\services.exe","SourceThreadId":"9812","SourceUser":"NT AUTHORITY\\SYSTEM","TargetProcessGUID":"{83eb9c06-3c5e-6840-430c-36e4077ad2ab}","TargetProcessId":"2420","TargetImage":"C:\\ProgramData\\Microsoft\\Windows Defender\\Platform\\4.18.2301.6-0\\MsMpEng.exe","TargetUser":"NT AUTHORITY\\SYSTEM","GrantedAccess":"0x1000","CallTrace":"C:\\Windows\\SYSTEM32\\ntdll.dll+9D760|C:\\Windows\\SYSTEM32\\KERNELBASE.dll+2CD11"}
{"provider":"Microsoft-Windows-Sysmon","event_id":1,"Level":"4","Task":"1","time_created":"2025-06-10T18:43:15.4898230Z","EventRecordID":"116924","ExecutionProcessID":"2824","ExecutionThreadID":"4208","Channel":"Microsoft-Windows-Sysmon/Operational","host":"DC-01.kestrelag.com","Computer":"DC-01.kestrelag.com","RuleName":"-","UtcTime":"2025-06-10 18:43:15.489","ProcessGuid":"{83eb9c06-7cc3-6848-7ae3-1035f9d3b46b}","ProcessId":"9940","Image":"C:\\Windows\\System32\\dllhost.exe","FileVersion":"10.0.17763.1","Description":"COM Surrogate","Product":"Microsoft Windows Operating System","Company":"Microsoft Corporation","OriginalFileName":"dllhost.exe","CommandLine":"dllhost.exe /Processid:{73E709EA-5D93-4B2E-BBB0-99B7938DA9E4}","CurrentDirectory":"C:\\Windows\\System32\\","User":"NT AUTHORITY\\SYSTEM","LogonGuid":"{a3d8ed8f-60dc-4557-8c5a-6fda4ef39281}","LogonId":"0x3e7","TerminalSessionId":"0","IntegrityLevel":"System","Hashes":"SHA1=E9843285F306715E9377A11649761552EAB1A78D,MD5=99E15BCE4A20CCD57152F4560FE025DD,SHA256=AE87276FEB54EB8E5D8CF628D65D2300337F1BDBEF5D6F1CDE2FBDBCDA2178B6,IMPHASH=9C46F35652CBE94C2DC7B1693268CB59","ParentProcessGuid":"{83eb9c06-3c50-6840-2e62-9271a2f53d72}","ParentProcessId":"2340","ParentImage":"C:\\Windows\\System32\\svchost.exe","ParentCommandLine":"svchost.exe -k DcomLaunch"}
{"provider":"Microsoft-Windows-Sysmon","event_id":13,"Level":"4","Task":"13","time_created":"2025-06-10T18:43:21.6677091Z","EventRecordID":"358555","ExecutionProcessID":"2972","ExecutionThreadID":"2480","Channel":"Microsoft-Windows-Sysmon/Operational","host":"APP-01.kestrelag.com","Computer":"APP-01.kestrelag.com","RuleName":"-","EventType":"SetValue","UtcTime":"2025-06-10 18:43:21.667","ProcessGuid":"{01eec844-30cb-6844-c713-342d9b6db6df}","ProcessId":"2896","Image":"C:\\Windows\\System32\\services.exe","User":"NT AUTHORITY\\SYSTEM","TargetObject":"HKLM\\SOFTWARE\\Microsoft\\Windows\\CurrentVersion\\WINEVT\\Channels\\Microsoft-Windows-Sysmon/Operational\\Enabled","Details":"DWORD (0x00000001)"}
{"provider":"Microsoft-Windows-Sysmon","event_id":5,"Level":"4","Task":"5","time_created":"2025-06-10T18:43:33.4186311Z","EventRecordID":"116931","ExecutionProcessID":"2824","ExecutionThreadID":"4732","Channel":"Microsoft-Windows-Sysmon/Operational","host":"DC-01.kestrelag.com","Computer":"DC-01.kestrelag.com","RuleName":"-","UtcTime":"2025-06-10 18:43:33.418","ProcessGuid":"{83eb9c06-697f-6848-b65c-b1ff139edb65}","ProcessId":"8684","Image":"C:\\Windows\\System32\\conhost.exe","User":"NT AUTHORITY\\SYSTEM"}
{"provider":"Microsoft-Windows-Sysmon","event_id":13,"Level":"4","Task":"13","time_created":"2025-06-10T18:43:53.5494742Z","EventRecordID":"186460","ExecutionProcessID":"1836","ExecutionThreadID":"2228","Channel":"Microsoft-Windows-Sysmon/Operational","host":"FS-01.kestrelag.com","Computer":"FS-01.kestrelag.com","RuleName":"-","EventType":"SetValue","UtcTime":"2025-06-10 18:43:53.549","ProcessGuid":"{73626057-6a63-6830-9aca-5aafa96f6427}","ProcessId":"3772","Image":"C:\\Windows\\System32\\msiexec.exe","User":"NT AUTHORITY\\SYSTEM","TargetObject":"HKLM\\SOFTWARE\\Microsoft\\Windows\\CurrentVersion\\Component Based Servicing\\Packages\\Package_for_RollupFix~31bf3856ad364e35~amd64~~10.0.17763.48\\CurrentState","Details":"DWORD (0x00000070)"}
{"provider":"Microsoft-Windows-Sysmon","event_id":13,"Level":"4","Task":"13","time_created":"2025-06-10T18:44:02.7109525Z","EventRecordID":"186466","ExecutionProcessID":"1836","ExecutionThreadID":"2228","Channel":"Microsoft-Windows-Sysmon/Operational","host":"FS-01.kestrelag.com","Computer":"FS-01.kestrelag.com","RuleName":"-","EventType":"SetValue","UtcTime":"2025-06-10 18:44:02.710","ProcessGuid":"{73626057-6a54-6830-3b9a-fd8334072425}","ProcessId":"3524","Image":"C:\\Windows\\System32\\svchost.exe","User":"NT AUTHORITY\\NETWORK SERVICE","TargetObject":"HKLM\\SOFTWARE\\Microsoft\\Windows\\CurrentVersion\\Policies\\System\\EnableLUA","Details":"DWORD (0x00000001)"}
{"provider":"Microsoft-Windows-Sysmon","event_id":22,"Level":"4","Task":"22","time_created":"2025-06-10T18:44:06.1008158Z","EventRecordID":"116935","ExecutionProcessID":"2824","ExecutionThreadID":"4208","Channel":"Microsoft-Windows-Sysmon/Operational","host":"DC-01.kestrelag.com","Computer":"DC-01.kestrelag.com","RuleName":"-","UtcTime":"2025-06-10 18:44:06.100","ProcessGuid":"{83eb9c06-3c53-6840-9b79-f1e262f44f72}","ProcessId":"2372","QueryName":"secure-client-updates.cisco.com","QueryStatus":"0","QueryResults":"72.163.4.185;72.163.4.186;","Image":"C:\\Windows\\System32\\svchost.exe","User":"NT AUTHORITY\\LOCAL SERVICE"}
{"provider":"Microsoft-Windows-Sysmon","event_id":1,"Level":"4","Task":"1","time_created":"2025-06-10T18:44:12.2534226Z","EventRecordID":"116942","ExecutionProcessID":"2824","ExecutionThreadID":"4732","Channel":"Microsoft-Windows-Sysmon/Operational","host":"DC-01.kestrelag.com","Computer":"DC-01.kestrelag.com","RuleName":"-","UtcTime":"2025-06-10 18:44:12.253","ProcessGuid":"{83eb9c06-7cfc-6848-c283-91ad257c9ecf}","ProcessId":"10040","Image":"C:\\Windows\\System32\\dllhost.exe","FileVersion":"10.0.17763.1","Description":"COM Surrogate","Product":"Microsoft Windows Operating System","Company":"Microsoft Corporation","OriginalFileName":"dllhost.exe","CommandLine":"dllhost.exe /Processid:{3EB3C877-1F16-487C-9050-104DBCD66683}","CurrentDirectory":"C:\\Windows\\System32\\","User":"NT AUTHORITY\\SYSTEM","LogonGuid":"{a3d8ed8f-60dc-4557-8c5a-6fda4ef39281}","LogonId":"0x3e7","TerminalSessionId":"0","IntegrityLevel":"System","Hashes":"SHA1=E9843285F306715E9377A11649761552EAB1A78D,MD5=99E15BCE4A20CCD57152F4560FE025DD,SHA256=AE87276FEB54EB8E5D8CF628D65D2300337F1BDBEF5D6F1CDE2FBDBCDA2178B6,IMPHASH=9C46F35652CBE94C2DC7B1693268CB59","ParentProcessGuid":"{83eb9c06-3c50-6840-2e62-9271a2f53d72}","ParentProcessId":"2340","ParentImage":"C:\\Windows\\System32\\svchost.exe","ParentCommandLine":"svchost.exe -k DcomLaunch"}
{"provider":"Microsoft-Windows-Sysmon","event_id":13,"Level":"4","Task":"13","time_created":"2025-06-10T18:44:15.7044687Z","EventRecordID":"116948","ExecutionProcessID":"2824","ExecutionThreadID":"4732","Channel":"Microsoft-Windows-Sysmon/Operational","host":"DC-01.kestrelag.com","Computer":"DC-01.kestrelag.com","RuleName":"-","EventType":"SetValue","UtcTime":"2025-06-10 18:44:15.704","ProcessGuid":"{83eb9c06-3c4d-6840-c63b-d50a7f627ba6}","ProcessId":"2332","Image":"C:\\Windows\\System32\\services.exe","User":"NT AUTHORITY\\SYSTEM","TargetObject":"HKLM\\SOFTWARE\\Microsoft\\Windows\\CurrentVersion\\Run\\SecurityHealthSystray","Details":"C:\\Windows\\System32\\SecurityHealthSystray.exe"}
{"provider":"Microsoft-Windows-Sysmon","event_id":22,"Level":"4","Task":"22","time_created":"2025-06-10T18:44:20.3143564Z","EventRecordID":"116950","ExecutionProcessID":"2824","ExecutionThreadID":"1464","Channel":"Microsoft-Windows-Sysmon/Operational","host":"DC-01.kestrelag.com","Computer":"DC-01.kestrelag.com","RuleName":"-","UtcTime":"2025-06-10 18:44:20.314","ProcessGuid":"{83eb9c06-3c53-6840-9b79-f1e262f44f72}","ProcessId":"2372","QueryName":"swupmf.adobe.com","QueryStatus":"0","QueryResults":"23.45.120.21;23.45.121.21;","Image":"C:\\Windows\\System32\\svchost.exe","User":"NT AUTHORITY\\LOCAL SERVICE"}
{"provider":"Microsoft-Windows-Sysmon","event_id":1,"Level":"4","Task":"1","time_created":"2025-06-10T18:44:36.4754217Z","EventRecordID":"186469","ExecutionProcessID":"1836","ExecutionThreadID":"2452","Channel":"Microsoft-Windows-Sysmon/Operational","host":"FS-01.kestrelag.com","Computer":"FS-01.kestrelag.com","RuleName":"-","UtcTime":"2025-06-10 18:44:36.475","ProcessGuid":"{73626057-7d14-6848-b7d7-3a2cac105e49}","ProcessId":"8928","Image":"C:\\Windows\\System32\\taskhostw.exe","FileVersion":"10.0.17763.1","Description":"Host Process for Windows Tasks","Product":"Microsoft Windows Operating System","Company":"Microsoft Corporation","OriginalFileName":"taskhostw.exe","CommandLine":"taskhostw.exe","CurrentDirectory":"C:\\Windows\\System32\\","User":"NT AUTHORITY\\SYSTEM","LogonGuid":"{67f6c453-3625-42d1-adcd-099656740ac3}","LogonId":"0x3e7","TerminalSessionId":"0","IntegrityLevel":"System","Hashes":"SHA1=E9D89BE9F06C87CE3F0ED2C902086D665079AC3F,MD5=BFB4F13826BAF7E99DC8635665152633,SHA256=17EEB63FFF746AC1E28410EF5F2A7393F799E01860AB3CC7FE4700E909266323,IMPHASH=625D48FCB9529D002E844734F583C0E5","ParentProcessGuid":"{73626057-6a53-6830-7239-531b408f7c72}","ParentProcessId":"3508","ParentImage":"C:\\Windows\\System32\\svchost.exe","ParentCommandLine":"svchost.exe -k LocalSystem"}
{"provider":"Microsoft-Windows-Sysmon","event_id":13,"Level":"4","Task":"13","time_created":"2025-06-10T18:44:40.9215679Z","EventRecordID":"116952","ExecutionProcessID":"2824","ExecutionThreadID":"1464","Channel":"Microsoft-Windows-Sysmon/Operational","host":"DC-01.kestrelag.com","Computer":"DC-01.kestrelag.com","RuleName":"-","EventType":"SetValue","UtcTime":"2025-06-10 18:44:40.921","ProcessGuid":"{83eb9c06-3c58-6840-02ee-5fa814203eb4}","ProcessId":"2400","Image":"C:\\Windows\\System32\\svchost.exe","User":"NT AUTHORITY\\SYSTEM","TargetObject":"HKLM\\SOFTWARE\\Policies\\Microsoft\\Windows\\WindowsUpdate\\AU\\NoAutoUpdate","Details":"DWORD (0x00000000)"}
{"provider":"Microsoft-Windows-Sysmon","event_id":5,"Level":"4","Task":"5","time_created":"2025-06-10T18:44:48.9597292Z","EventRecordID":"186474","ExecutionProcessID":"1836","ExecutionThreadID":"2228","Channel":"Microsoft-Windows-Sysmon/Operational","host":"FS-01.kestrelag.com","Computer":"FS-01.kestrelag.com","RuleName":"-","UtcTime":"2025-06-10 18:44:48.959","ProcessGuid":"{73626057-6222-6848-c449-970fb44f1eba}","ProcessId":"8100","Image":"C:\\Windows\\System32\\wbem\\WmiPrvSE.exe","User":"NT AUTHORITY\\SYSTEM"}
{"provider":"Microsoft-Windows-Sysmon","event_id":10,"Level":"4","Task":"10","time_created":"2025-06-10T18:45:08.9697827Z","EventRecordID":"116953","ExecutionProcessID":"2824","ExecutionThreadID":"4732","Channel":"Microsoft-Windows-Sysmon/Operational","host":"DC-01.kestrelag.com","Computer":"DC-01.kestrelag.com","RuleName":"-","UtcTime":"2025-06-10 18:45:08.969","SourceProcessGUID":"{83eb9c06-3c5e-6840-430c-36e4077ad2ab}","SourceProcessId":"2420","SourceImage":"C:\\ProgramData\\Microsoft\\Windows Defender\\Platform\\4.18.2301.6-0\\MsMpEng.exe","SourceThreadId":"6268","SourceUser":"NT AUTHORITY\\SYSTEM","TargetProcessGUID":"{83eb9c06-3c50-6840-fff0-b83914b1f523}","TargetProcessId":"2368","TargetImage":"C:\\Windows\\System32\\svchost.exe","TargetUser":"NT AUTHORITY\\NETWORK SERVICE","GrantedAccess":"0x1010","CallTrace":"C:\\Windows\\SYSTEM32\\ntdll.dll+9E4A8"}
{"provider":"Microsoft-Windows-Sysmon","event_id":22,"Level":"4","Task":"22","time_created":"2025-06-10T18:45:13.9860912Z","EventRecordID":"116961","ExecutionProcessID":"2824","ExecutionThreadID":"4732","Channel":"Microsoft-Windows-Sysmon/Operational","host":"DC-01.kestrelag.com","Computer":"DC-01.kestrelag.com","RuleName":"-","UtcTime":"2025-06-10 18:45:13.986","ProcessGuid":"{83eb9c06-3c53-6840-9b79-f1e262f44f72}","ProcessId":"2372","QueryName":"settings-win.data.microsoft.com","QueryStatus":"0","QueryResults":"13.107.4.50;13.107.4.52;","Image":"C:\\Windows\\System32\\svchost.exe","User":"NT AUTHORITY\\LOCAL SERVICE"}
{"provider":"Microsoft-Windows-Sysmon","event_id":1,"Level":"4","Task":"1","time_created":"2025-06-10T18:45:34.1747673Z","EventRecordID":"358561","ExecutionProcessID":"2972","ExecutionThreadID":"2536","Channel":"Microsoft-Windows-Sysmon/Operational","host":"APP-01.kestrelag.com","Computer":"APP-01.kestrelag.com","RuleName":"-","UtcTime":"2025-06-10 18:45:34.174","ProcessGuid":"{01eec844-7d4e-6848-c493-10d536145e2d}","ProcessId":"8468","Image":"C:\\Windows\\System32\\msdtc.exe","FileVersion":"10.0.17763.1","Description":"Microsoft Distributed Transaction Coordinator","Product":"Microsoft Windows Operating System","Company":"Microsoft Corporation","OriginalFileName":"msdtc.exe","CommandLine":"msdtc.exe","CurrentDirectory":"C:\\Windows\\System32\\","User":"NT AUTHORITY\\SYSTEM","LogonGuid":"{6e80e2f9-de2b-480b-83cd-330a62b589f6}","LogonId":"0x3e7","TerminalSessionId":"0","IntegrityLevel":"System","Hashes":"SHA1=1F47848B6D4CB338EE32055B15F01FB2D1305CAB,MD5=31F0EE068D07BA7E151D5DDF095C1AAE,SHA256=7846E34EDE44A4307AB25E7800A0F824581FD4B60E2D6A2B03B535470FF16655,IMPHASH=F7350272D02D344F16A17F43499E0A5A","ParentProcessGuid":"{01eec844-30cb-6844-c713-342d9b6db6df}","ParentProcessId":"2896","ParentImage":"C:\\Windows\\System32\\services.exe","ParentCommandLine":"services.exe"}
{"provider":"Microsoft-Windows-Sysmon","event_id":13,"Level":"4","Task":"13","time_created":"2025-06-10T18:45:36.9921620Z","EventRecordID":"117008","ExecutionProcessID":"2824","ExecutionThreadID":"4732","Channel":"Microsoft-Windows-Sysmon/Operational","host":"DC-01.kestrelag.com","Computer":"DC-01.kestrelag.com","RuleName":"-","EventType":"SetValue","UtcTime":"2025-06-10 18:45:36.992","ProcessGuid":"{83eb9c06-3c58-6840-02ee-5fa814203eb4}","ProcessId":"2400","Image":"C:\\Windows\\System32\\svchost.exe","User":"NT AUTHORITY\\SYSTEM","TargetObject":"HKLM\\SOFTWARE\\Microsoft\\Windows\\CurrentVersion\\Component Based Servicing\\PackagesPending\\TrustedInstaller","Details":"DWORD (0x00000001)"}
{"provider":"Microsoft-Windows-Sysmon","event_id":1,"Level":"4","Task":"1","time_created":"2025-06-10T18:45:46.0304033Z","EventRecordID":"117014","ExecutionProcessID":"2824","ExecutionThreadID":"1464","Channel":"Microsoft-Windows-Sysmon/Operational","host":"DC-01.kestrelag.com","Computer":"DC-01.kestrelag.com","RuleName":"-","UtcTime":"2025-06-10 18:45:46.030","ProcessGuid":"{83eb9c06-7d5a-6848-1949-f1fb7073435b}","ProcessId":"10180","Image":"C:\\Windows\\System32\\usoclient.exe","FileVersion":"10.0.17763.1","Description":"Update Session Orchestrator","Product":"Microsoft Windows Operating System","Company":"Microsoft Corporation","OriginalFileName":"UsoClient.exe","CommandLine":"usoclient.exe StartInteractiveScan","CurrentDirectory":"C:\\Windows\\System32\\","User":"NT AUTHORITY\\SYSTEM","LogonGuid":"{a3d8ed8f-60dc-4557-8c5a-6fda4ef39281}","LogonId":"0x3e7","TerminalSessionId":"0","IntegrityLevel":"System","Hashes":"SHA1=C767054065B19A5450CFF1749D104FBB9EBBCF35,MD5=F42F3909AC031B335F1E786FB6BF598C,SHA256=43E9AAA397C85442B996052AF581B6B049EF03E4716AC3525AA695AA41967FCF,IMPHASH=E27D3E9AB8E8FD24AB0E373C60BBF32B","ParentProcessGuid":"{83eb9c06-3c58-6840-02ee-5fa814203eb4}","ParentProcessId":"2400","ParentImage":"C:\\Windows\\System32\\svchost.exe","ParentCommandLine":"svchost.exe -k wusvcs"}
{"provider":"Microsoft-Windows-Sysmon","event_id":5,"Level":"4","Task":"5","time_created":"2025-06-10T18:45:55.1994555Z","EventRecordID":"186477","ExecutionProcessID":"1836","ExecutionThreadID":"2228","Channel":"Microsoft-Windows-Sysmon/Operational","host":"FS-01.kestrelag.com","Computer":"FS-01.kestrelag.com","RuleName":"-","UtcTime":"2025-06-10 18:45:55.199","ProcessGuid":"{73626057-6828-6848-1888-141f6582dafa}","ProcessId":"8140","Image":"C:\\Windows\\System32\\conhost.exe","User":"NT AUTHORITY\\SYSTEM"}
{"provider":"Microsoft-Windows-Sysmon","event_id":13,"Level":"4","Task":"13","time_created":"2025-06-10T18:45:56.7156538Z","EventRecordID":"358566","ExecutionProcessID":"2972","ExecutionThreadID":"1868","Channel":"Microsoft-Windows-Sysmon/Operational","host":"APP-01.kestrelag.com","Computer":"APP-01.kestrelag.com","RuleName":"-","EventType":"SetValue","UtcTime":"2025-06-10 18:45:56.715","ProcessGuid":"{01eec844-30df-6844-9968-77335289deee}","ProcessId":"3288","Image":"C:\\Windows\\System32\\dllhost.exe","User":"NT AUTHORITY\\SYSTEM","TargetObject":"HKLM\\SYSTEM\\CurrentControlSet\\Services\\SharedAccess\\Parameters\\FirewallPolicy\\StandardProfile\\EnableFirewall","Details":"DWORD (0x00000001)"}
{"provider":"Microsoft-Windows-Sysmon","event_id":1,"Level":"4","Task":"1","time_created":"2025-06-10T18:46:50.6316250Z","EventRecordID":"117061","ExecutionProcessID":"2824","ExecutionThreadID":"1464","Channel":"Microsoft-Windows-Sysmon/Operational","host":"DC-01.kestrelag.com","Computer":"DC-01.kestrelag.com","RuleName":"-","UtcTime":"2025-06-10 18:46:50.631","ProcessGuid":"{83eb9c06-7d9a-6848-3235-d20a1208dbd6}","ProcessId":"10056","Image":"C:\\Windows\\System32\\dllhost.exe","FileVersion":"10.0.17763.1","Description":"COM Surrogate","Product":"Microsoft Windows Operating System","Company":"Microsoft Corporation","OriginalFileName":"dllhost.exe","CommandLine":"dllhost.exe /Processid:{3EB3C877-1F16-487C-9050-104DBCD66683}","CurrentDirectory":"C:\\Windows\\System32\\","User":"NT AUTHORITY\\SYSTEM","LogonGuid":"{a3d8ed8f-60dc-4557-8c5a-6fda4ef39281}","LogonId":"0x3e7","TerminalSessionId":"0","IntegrityLevel":"System","Hashes":"SHA1=E9843285F306715E9377A11649761552EAB1A78D,MD5=99E15BCE4A20CCD57152F4560FE025DD,SHA256=AE87276FEB54EB8E5D8CF628D65D2300337F1BDBEF5D6F1CDE2FBDBCDA2178B6,IMPHASH=9C46F35652CBE94C2DC7B1693268CB59","ParentProcessGuid":"{83eb9c06-3c50-6840-2e62-9271a2f53d72}","ParentProcessId":"2340","ParentImage":"C:\\Windows\\System32\\svchost.exe","ParentCommandLine":"svchost.exe -k DcomLaunch"}
{"provider":"Microsoft-Windows-Sysmon","event_id":1,"Level":"4","Task":"1","time_created":"2025-06-10T18:46:58.5218280Z","EventRecordID":"358577","ExecutionProcessID":"2972","ExecutionThreadID":"2480","Channel":"Microsoft-Windows-Sysmon/Operational","host":"APP-01.kestrelag.com","Computer":"APP-01.kestrelag.com","RuleName":"-","UtcTime":"2025-06-10 18:46:58.521","ProcessGuid":"{01eec844-7da2-6848-4b3e-f09b23ea6fa2}","ProcessId":"8624","Image":"C:\\Windows\\System32\\svchost.exe","FileVersion":"10.0.17763.1","Description":"Host Process for Windows Services","Product":"Microsoft Windows Operating System","Company":"Microsoft Corporation","OriginalFileName":"svchost.exe","CommandLine":"svchost.exe -k netsvcs -p -s LanmanServer","CurrentDirectory":"C:\\Windows\\System32\\","User":"NT AUTHORITY\\SYSTEM","LogonGuid":"{6e80e2f9-de2b-480b-83cd-330a62b589f6}","LogonId":"0x3e7","TerminalSessionId":"0","IntegrityLevel":"System","Hashes":"SHA1=FD5E52F6038DA3B46E67E5FFE69F1A7559330D6A,MD5=EB48672D9EF9F83CC59D0219312B398F,SHA256=A3EF6409F80683E76DC6B4A4A3DD02D3E25751B2088B9B18C8442471FF61DAF2,IMPHASH=B021D5C7B5AECC0A9822BE11A8A924DD","ParentProcessGuid":"{01eec844-30cb-6844-c713-342d9b6db6df}","ParentProcessId":"2896","ParentImage":"C:\\Windows\\System32\\services.exe","ParentCommandLine":"services.exe"}
{"provider":"Microsoft-Windows-Sysmon","event_id":7,"Level":"4","Task":"7","time_created":"2025-06-10T18:47:02.6180513Z","EventRecordID":"186483","ExecutionProcessID":"1836","ExecutionThreadID":"2452","Channel":"Microsoft-Windows-Sysmon/Operational","host":"FS-01.kestrelag.com","Computer":"FS-01.kestrelag.com","RuleName":"-","UtcTime":"2025-06-10 18:47:02.618","ProcessGuid":"{73626057-c1d0-6847-6925-50c89a21a613}","ProcessId":"4188","Image":"C:\\Windows\\System32\\taskhostw.exe","ImageLoaded":"C:\\Program Files\\VMware\\VMware Tools\\vmStatsProvider.dll","FileVersion":"1.0.0.0","Description":"vmStatsProvider.dll module","Product":"VMware, Inc.","Company":"VMware, Inc.","OriginalFileName":"vmStatsProvider.dll","Hashes":"SHA1=59D6A2228965DEA66D7C93F926FFF5BEA58D0958,MD5=90B6BA84A505CD2472182B6A3BFF34DD,SHA256=51F5802FF35D872BE25CF1BA725DBFE7E93B2CB0E7620126E5A6CC4F506DF760,IMPHASH=96621860BADAB47E574E7B6E25AA7F61","Signed":"true","Signature":"VMware, Inc.","SignatureStatus":"Valid"}
{"provider":"Microsoft-Windows-Sysmon","event_id":10,"Level":"4","Task":"10","time_created":"2025-06-10T18:47:07.7259563Z","EventRecordID":"358580","ExecutionProcessID":"2972","ExecutionThreadID":"1868","Channel":"Microsoft-Windows-Sysmon/Operational","host":"APP-01.kestrelag.com","Computer":"APP-01.kestrelag.com","RuleName":"-","UtcTime":"2025-06-10 18:47:07.725","SourceProcessGUID":"{01eec844-30cb-6844-c713-342d9b6db6df}","SourceProcessId":"2896","SourceImage":"C:\\Windows\\System32\\services.exe","SourceThreadId":"2736","SourceUser":"NT AUTHORITY\\SYSTEM","TargetProcessGUID":"{01eec844-30dc-6844-1327-bfc2763e8f9c}","TargetProcessId":"3208","TargetImage":"C:\\ProgramData\\Microsoft\\Windows Defender\\Platform\\4.18.2301.6-0\\MsMpEng.exe","TargetUser":"NT AUTHORITY\\SYSTEM","GrantedAccess":"0x1010","CallTrace":"C:\\Windows\\SYSTEM32\\ntdll.dll+9EC03"}
{"provider":"Microsoft-Windows-Sysmon","event_id":13,"Level":"4","Task":"13","time_created":"2025-06-10T18:47:17.4914878Z","EventRecordID":"117068","ExecutionProcessID":"2824","ExecutionThreadID":"4208","Channel":"Microsoft-Windows-Sysmon/Operational","host":"DC-01.kestrelag.com","Computer":"DC-01.kestrelag.com","RuleName":"-","EventType":"SetValue","UtcTime":"2025-06-10 18:47:17.491","ProcessGuid":"{83eb9c06-3c4d-6840-c63b-d50a7f627ba6}","ProcessId":"2332","Image":"C:\\Windows\\System32\\services.exe","User":"NT AUTHORITY\\SYSTEM","TargetObject":"HKLM\\SOFTWARE\\Microsoft\\Windows\\CurrentVersion\\Run\\SecurityHealthSystray","Details":"C:\\Windows\\System32\\SecurityHealthSystray.exe"}
{"provider":"Microsoft-Windows-Sysmon","event_id":13,"Level":"4","Task":"13","time_created":"2025-06-10T18:47:30.2715125Z","EventRecordID":"358624","ExecutionProcessID":"2972","ExecutionThreadID":"2480","Channel":"Microsoft-Windows-Sysmon/Operational","host":"APP-01.kestrelag.com","Computer":"APP-01.kestrelag.com","RuleName":"-","EventType":"SetValue","UtcTime":"2025-06-10 18:47:30.271","ProcessGuid":"{01eec844-30da-6844-6c9a-d9ae4bf081f3}","ProcessId":"3192","Image":"C:\\Windows\\System32\\svchost.exe","User":"NT AUTHORITY\\SYSTEM","TargetObject":"HKLM\\SOFTWARE\\Policies\\Microsoft\\Windows\\WindowsUpdate\\AU\\NoAutoUpdate","Details":"DWORD (0x00000000)"}
{"provider":"Microsoft-Windows-Sysmon","event_id":7,"Level":"4","Task":"7","time_created":"2025-06-10T18:47:52.9950731Z","EventRecordID":"117114","ExecutionProcessID":"2824","ExecutionThreadID":"4208","Channel":"Microsoft-Windows-Sysmon/Operational","host":"DC-01.kestrelag.com","Computer":"DC-01.kestrelag.com","RuleName":"-","UtcTime":"2025-06-10 18:47:52.995","ProcessGuid":"{83eb9c06-3bcc-6848-adde-7c619caa9fa5}","ProcessId":"7404","Image":"C:\\Windows\\System32\\taskhostw.exe","ImageLoaded":"C:\\Program Files\\Windows Defender\\MpOAV.dll","FileVersion":"4.18.2301.6","Description":"IOfficeAntiVirus Module","Product":"Microsoft Defender Antivirus","Company":"Microsoft Corporation","OriginalFileName":"MpOAV.dll","Hashes":"SHA1=FC17FE09B96E6641A0C4DD89FE19E33173B862A9,MD5=DDBA590E19E88EA28373E3D47061E407,SHA256=11D3F5E67D04915646C72F60356E8ABB54A72F49B33A321C9E8622576EE491DD,IMPHASH=B50EDBF447D04C1BEFF75D2CC5E6EDF5","Signed":"true","Signature":"Microsoft Corporation","SignatureStatus":"Valid"}
{"provider":"Microsoft-Windows-Sysmon","event_id":13,"Level":"4","Task":"13","time_created":"2025-06-10T18:47:56.7052209Z","EventRecordID":"117128","ExecutionProcessID":"2824","ExecutionThreadID":"4732","Channel":"Microsoft-Windows-Sysmon/Operational","host":"DC-01.kestrelag.com","Computer":"DC-01.kestrelag.com","RuleName":"-","EventType":"SetValue","UtcTime":"2025-06-10 18:47:56.705","ProcessGuid":"{83eb9c06-3c62-6840-706a-7953947a2634}","ProcessId":"2432","Image":"C:\\Windows\\System32\\dllhost.exe","User":"NT AUTHORITY\\SYSTEM","TargetObject":"HKLM\\SOFTWARE\\Microsoft\\Windows\\CurrentVersion\\Policies\\System\\EnableLUA","Details":"DWORD (0x00000001)"}
{"provider":"Microsoft-Windows-Sysmon","event_id":7,"Level":"4","Task":"7","time_created":"2025-06-10T18:48:00.2223377Z","EventRecordID":"358625","ExecutionProcessID":"2972","ExecutionThreadID":"2480","Channel":"Microsoft-Windows-Sysmon/Operational","host":"APP-01.kestrelag.com","Computer":"APP-01.kestrelag.com","RuleName":"-","UtcTime":"2025-06-10 18:48:00.222","ProcessGuid":"{01eec844-30d2-6844-7a3f-d4ef5bf38d7d}","ProcessId":"3076","Image":"C:\\Windows\\System32\\svchost.exe","ImageLoaded":"C:\\Program Files\\VMware\\VMware Tools\\vmStatsProvider.dll","FileVersion":"1.0.0.0","Description":"vmStatsProvider.dll module","Product":"VMware, Inc.","Company":"VMware, Inc.","OriginalFileName":"vmStatsProvider.dll","Hashes":"SHA1=59D6A2228965DEA66D7C93F926FFF5BEA58D0958,MD5=90B6BA84A505CD2472182B6A3BFF34DD,SHA256=51F5802FF35D872BE25CF1BA725DBFE7E93B2CB0E7620126E5A6CC4F506DF760,IMPHASH=96621860BADAB47E574E7B6E25AA7F61","Signed":"true","Signature":"VMware, Inc.","SignatureStatus":"Valid"}
{"provider":"Microsoft-Windows-Sysmon","event_id":13,"Level":"4","Task":"13","time_created":"2025-06-10T18:48:02.0184528Z","EventRecordID":"117155","ExecutionProcessID":"2824","ExecutionThreadID":"4732","Channel":"Microsoft-Windows-Sysmon/Operational","host":"DC-01.kestrelag.com","Computer":"DC-01.kestrelag.com","RuleName":"-","EventType":"SetValue","UtcTime":"2025-06-10 18:48:02.018","ProcessGuid":"{83eb9c06-3c4d-6840-c63b-d50a7f627ba6}","ProcessId":"2332","Image":"C:\\Windows\\System32\\services.exe","User":"NT AUTHORITY\\SYSTEM","TargetObject":"HKLM\\SYSTEM\\CurrentControlSet\\Control\\Session Manager\\Memory Management\\ClearPageFileAtShutdown","Details":"DWORD (0x00000000)"}
{"provider":"Microsoft-Windows-Sysmon","event_id":10,"Level":"4","Task":"10","time_created":"2025-06-10T18:48:38.5578757Z","EventRecordID":"358666","ExecutionProcessID":"2972","ExecutionThreadID":"2536","Channel":"Microsoft-Windows-Sysmon/Operational","host":"APP-01.kestrelag.com","Computer":"APP-01.kestrelag.com","RuleName":"-","UtcTime":"2025-06-10 18:48:38.557","SourceProcessGUID":"{01eec844-30df-6844-9968-77335289deee}","SourceProcessId":"3288","SourceImage":"C:\\Windows\\System32\\dllhost.exe","SourceThreadId":"6784","SourceUser":"NT AUTHORITY\\SYSTEM","TargetProcessGUID":"{01eec844-30e5-6844-ba74-90998eb3c140}","TargetProcessId":"3332","TargetImage":"C:\\Windows\\System32\\winlogon.exe","TargetUser":"NT AUTHORITY\\SYSTEM","GrantedAccess":"0x0400","CallTrace":"C:\\Windows\\SYSTEM32\\ntdll.dll+9DEDC|C:\\Windows\\SYSTEM32\\KERNELBASE.dll+2C30F"}
{"provider":"Microsoft-Windows-Sysmon","event_id":5,"Level":"4","Task":"5","time_created":"2025-06-10T18:48:51.5216550Z","EventRecordID":"117166","ExecutionProcessID":"2824","ExecutionThreadID":"4732","Channel":"Microsoft-Windows-Sysmon/Operational","host":"DC-01.kestrelag.com","Computer":"DC-01.kestrelag.com","RuleName":"-","UtcTime":"2025-06-10 18:48:51.521","ProcessGuid":"{83eb9c06-61ed-6848-babb-f9128d06dcc7}","ProcessId":"8640","Image":"C:\\Windows\\System32\\spoolsv.exe","User":"NT AUTHORITY\\SYSTEM"}
{"provider":"Microsoft-Windows-Sysmon","event_id":3,"Level":"4","Task":"3","time_created":"2025-06-10T18:49:24.3623636Z","EventRecordID":"186512","ExecutionProcessID":"1836","ExecutionThreadID":"2228","Channel":"Microsoft-Windows-Sysmon/Operational","host":"FS-01.kestrelag.com","Computer":"FS-01.kestrelag.com","RuleName":"-","UtcTime":"2025-06-10 18:49:24.362","ProcessGuid":"{73626057-6a54-6830-3b9a-fd8334072425}","ProcessId":"3524","Image":"C:\\Windows\\System32\\svchost.exe","User":"NT AUTHORITY\\NETWORK SERVICE","Protocol":"tcp","Initiated":"true","SourceIsIpv6":"false","SourceIp":"10.20.20.20","SourceHostname":"FS-01.kestrelag.com","SourcePort":"60719","SourcePortName":"-","DestinationIsIpv6":"false","DestinationIp":"23.45.126.51","DestinationHostname":"downloads.cloud.com","DestinationPort":"443","DestinationPortName":"https"}
{"provider":"Microsoft-Windows-Sysmon","event_id":5,"Level":"4","Task":"5","time_created":"2025-06-10T18:49:50.1469240Z","EventRecordID":"117173","ExecutionProcessID":"2824","ExecutionThreadID":"1464","Channel":"Microsoft-Windows-Sysmon/Operational","host":"DC-01.kestrelag.com","Computer":"DC-01.kestrelag.com","RuleName":"-","UtcTime":"2025-06-10 18:49:50.146","ProcessGuid":"{83eb9c06-616f-6848-5e96-91a0a7a4e02b}","ProcessId":"9012","Image":"C:\\Windows\\System32\\cleanmgr.exe","User":"NT AUTHORITY\\SYSTEM"}
