{"provider":"Microsoft-Windows-Sysmon","event_id":1,"Level":"4","Task":"1","time_created":"2025-06-10T15:38:12.2027149Z","EventRecordID":"112710","ExecutionProcessID":"2824","ExecutionThreadID":"4208","Channel":"Microsoft-Windows-Sysmon/Operational","host":"DC-01.kestrelag.com","Computer":"DC-01.kestrelag.com","RuleName":"-","UtcTime":"2025-06-10 15:38:12.202","ProcessGuid":"{83eb9c06-5164-6848-568a-71edcdefe400}","ProcessId":"8168","Image":"C:\\Windows\\System32\\dllhost.exe","FileVersion":"10.0.17763.1","Description":"COM Surrogate","Product":"Microsoft Windows Operating System","Company":"Microsoft Corporation","OriginalFileName":"dllhost.exe","CommandLine":"dllhost.exe /Processid:{3EB3C877-1F16-487C-9050-104DBCD66683}","CurrentDirectory":"C:\\Windows\\System32\\","User":"NT AUTHORITY\\SYSTEM","LogonGuid":"{a3d8ed8f-60dc-4557-8c5a-6fda4ef39281}","LogonId":"0x3e7","TerminalSessionId":"0","IntegrityLevel":"System","Hashes":"SHA1=E9843285F306715E9377A11649761552EAB1A78D,MD5=99E15BCE4A20CCD57152F4560FE025DD,SHA256=AE87276FEB54EB8E5D8CF628D65D2300337F1BDBEF5D6F1CDE2FBDBCDA2178B6,IMPHASH=9C46F35652CBE94C2DC7B1693268CB59","ParentProcessGuid":"{83eb9c06-3c50-6840-2e62-9271a2f53d72}","ParentProcessId":"2340","ParentImage":"C:\\Windows\\System32\\svchost.exe","ParentCommandLine":"svchost.exe -k DcomLaunch"}
{"provider":"Microsoft-Windows-Sysmon","event_id":7,"Level":"4","Task":"7","time_created":"2025-06-10T15:38:13.8777813Z","EventRecordID":"112739","ExecutionProcessID":"2824","ExecutionThreadID":"1464","Channel":"Microsoft-Windows-Sysmon/Operational","host":"DC-01.kestrelag.com","Computer":"DC-01.kestrelag.com","RuleName":"-","UtcTime":"2025-06-10 15:38:13.877","ProcessGuid":"{83eb9c06-fc73-6847-973a-5d86f488a586}","ProcessId":"5640","Image":"C:\\Windows\\System32\\svchost.exe","ImageLoaded":"C:\\Program Files\\Dell\\SupportAssistAgent\\bin\\pcdrsysinfosoftware.p5x","FileVersion":"1.0.0.0","Description":"pcdrsysinfosoftware.p5x module","Product":"Dell Inc.","Company":"Dell Inc.","OriginalFileName":"pcdrsysinfosoftware.p5x","Hashes":"SHA1=DA2C7A7A281800947B5C71F4A92CE843B1DC50F2,MD5=D6EB67E7B79CE37086993703C1352704,SHA256=0DE9D6BA42DE73879DA0EAFD44873E30FCB362AF0AF13A34923E24513C239AD5,IMPHASH=EF39C50EF82A06742DB4608EF8AF9CBB","Signed":"true","Signature":"Dell Inc.","SignatureStatus":"Valid"}
{"provider":"Microsoft-Windows-Sysmon","event_id":13,"Level":"4","Task":"13","time_created":"2025-06-10T15:38:28.5083990Z","EventRecordID":"112742","ExecutionProcessID":"2824","ExecutionThreadID":"1464","Channel":"Microsoft-Windows-Sysmon/Operational","host":"DC-01.kestrelag.com","Computer":"DC-01.kestrelag.com","RuleName":"-","EventType":"SetValue","UtcTime":"2025-06-10 15:38:28.508","ProcessGuid":"{83eb9c06-3c4d-6840-c63b-d50a7f627ba6}","ProcessId":"2332","Image":"C:\\Windows\\System32\\services.exe","User":"NT AUTHORITY\\SYSTEM","TargetObject":"HKLM\\SOFTWARE\\Microsoft\\Windows\\CurrentVersion\\Component Based Servicing\\Packages\\Package_for_RollupFix~31bf3856ad364e35~amd64~~10.0.17763.45\\CurrentState","Details":"DWORD (0x00000070)"}
{"provider":"Microsoft-Windows-Sysmon","event_id":5,"Level":"4","Task":"5","time_created":"2025-06-10T15:38:53.0415800Z","EventRecordID":"356726","ExecutionProcessID":"2972","ExecutionThreadID":"2568","Channel":"Microsoft-Windows-Sysmon/Operational","host":"APP-01.kestrelag.com","Computer":"APP-01.kestrelag.com","RuleName":"-","UtcTime":"2025-06-10 15:38:53.041","ProcessGuid":"{01eec844-2c7d-6848-62d2-5ab18d0809f7}","ProcessId":"6432","Image":"C:\\Windows\\WinSxS\\amd64_microsoft-windows-servicingstack_31bf3856ad364e35_10.0.17763.5329_none_7c91d6e7c9f7f1f5\\TiWorker.exe","User":"NT AUTHORITY\\SYSTEM"}
{"provider":"Microsoft-Windows-Sysmon","event_id":1,"Level":"4","Task":"1","time_created":"2025-06-10T15:39:16.4293956Z","EventRecordID":"184193","ExecutionProcessID":"1836","ExecutionThreadID":"2228","Channel":"Microsoft-Windows-Sysmon/Operational","host":"FS-01.kestrelag.com","Computer":"FS-01.kestrelag.com","RuleName":"-","UtcTime":"2025-06-10 15:39:16.429","ProcessGuid":"{73626057-51a4-6848-461c-d85c5eab8679}","ProcessId":"7912","Image":"C:\\Windows\\System32\\cleanmgr.exe","FileVersion":"10.0.17763.1","Description":"Disk Cleanup","Product":"Microsoft Windows Operating System","Company":"Microsoft Corporation","OriginalFileName":"cleanmgr.exe","CommandLine":"cleanmgr.exe /autoclean /d C:","CurrentDirectory":"C:\\Windows\\System32\\","User":"NT AUTHORITY\\SYSTEM","LogonGuid":"{67f6c453-3625-42d1-adcd-099656740ac3}","LogonId":"0x3e7","TerminalSessionId":"0","IntegrityLevel":"System","Hashes":"SHA1=3D2AA385720473B59BC1A4F9709023CB0029A3AC,MD5=A3774821A257B6620E8354D0D029AEAA,SHA256=540F1996DE0094BA0631C68B82E0DC128FA3348B35871F96E3A4CB92A9A2BE92,IMPHASH=1B5DFDBF8277736718091410D3161B05","ParentProcessGuid":"{73626057-6a53-6830-7239-531b408f7c72}","ParentProcessId":"3508","ParentImage":"C:\\Windows\\System32\\svchost.exe","ParentCommandLine":"svchost.exe -k LocalSystem"}
{"provider":"Microsoft-Windows-Sysmon","event_id":5,"Level":"4","Task":"5","time_created":"2025-06-10T15:39:20.4709868Z","EventRecordID":"356728","ExecutionProcessID":"2972","ExecutionThreadID":"2480","Channel":"Microsoft-Windows-Sysmon/Operational","host":"APP-01.kestrelag.com","Computer":"APP-01.kestrelag.com","RuleName":"-","UtcTime":"2025-06-10 15:39:20.470","ProcessGuid":"{01eec844-38ce-6848-ab24-7047e3199401}","ProcessId":"6692","Image":"C:\\Windows\\System32\\wbem\\WmiPrvSE.exe","User":"NT AUTHORITY\\SYSTEM"}
{"provider":"Microsoft-Windows-Sysmon","event_id":10,"Level":"4","Task":"10","time_created":"2025-06-10T15:39:28.9144155Z","EventRecordID":"112746","ExecutionProcessID":"2824","ExecutionThreadID":"4732","Channel":"Microsoft-Windows-Sysmon/Operational","host":"DC-01.kestrelag.com","Computer":"DC-01.kestrelag.com","RuleName":"-","UtcTime":"2025-06-10 15:39:28.914","SourceProcessGUID":"{83eb9c06-3c4d-6840-c63b-d50a7f627ba6}","SourceProcessId":"2332","SourceImage":"C:\\Windows\\System32\\services.exe","SourceThreadId":"2652","SourceUser":"NT AUTHORITY\\SYSTEM","TargetProcessGUID":"{83eb9c06-3c50-6840-fff0-b83914b1f523}","TargetProcessId":"2368","TargetImage":"C:\\Windows\\System32\\svchost.exe","TargetUser":"NT AUTHORITY\\NETWORK SERVICE","GrantedAccess":"0x0400","CallTrace":"C:\\Windows\\SYSTEM32\\ntdll.dll+9DA41|C:\\Windows\\SYSTEM32\\KERNELBASE.dll+2DD3E|C:\\Windows\\SYSTEM32\\advapi32.dll+4C3AA"}
{"provider":"Microsoft-Windows-Sysmon","event_id":10,"Level":"4","Task":"10","time_created":"2025-06-10T15:39:45.5118414Z","EventRecordID":"112749","ExecutionProcessID":"2824","ExecutionThreadID":"1464","Channel":"Microsoft-Windows-Sysmon/Operational","host":"DC-01.kestrelag.com","Computer":"DC-01.kestrelag.com","RuleName":"-","UtcTime":"2025-06-10 15:39:45.511","SourceProcessGUID":"{83eb9c06-3c68-6840-2daf-30b3835c0825}","SourceProcessId":"2452","SourceImage":"C:\\ProgramData\\Microsoft\\Windows Defender\\Platform\\4.18.2301.6-0\\MpCmdRun.exe","SourceThreadId":"6664","SourceUser":"NT AUTHORITY\\SYSTEM","TargetProcessGUID":"{83eb9c06-3c5e-6840-430c-36e4077ad2ab}","TargetProcessId":"2420","TargetImage":"C:\\ProgramData\\Microsoft\\Windows Defender\\Platform\\4.18.2301.6-0\\MsMpEng.exe","TargetUser":"NT AUTHORITY\\SYSTEM","GrantedAccess":"0x1410","CallTrace":"C:\\Windows\\SYSTEM32\\ntdll.dll+9E4A8"}
{"provider":"Microsoft-Windows-Sysmon","event_id":13,"Level":"4","Task":"13","time_created":"2025-06-10T15:39:53.4998265Z","EventRecordID":"112753","ExecutionProcessID":"2824","ExecutionThreadID":"1464","Channel":"Microsoft-Windows-Sysmon/Operational","host":"DC-01.kestrelag.com","Computer":"DC-01.kestrelag.com","RuleName":"-","EventType":"SetValue","UtcTime":"2025-06-10 15:39:53.499","ProcessGuid":"{83eb9c06-3c58-6840-02ee-5fa814203eb4}","ProcessId":"2400","Image":"C:\\Windows\\System32\\svchost.exe","User":"NT AUTHORITY\\SYSTEM","TargetObject":"HKLM\\SOFTWARE\\Microsoft\\Windows\\CurrentVersion\\Component Based Servicing\\Packages\\Package_for_ServicingStack~31bf3856ad364e35~amd64~~10.0.17763.38\\CurrentState","Details":"DWORD (0x00000070)"}
{"provider":"Microsoft-Windows-Sysmon","event_id":1,"Level":"4","Task":"1","time_created":"2025-06-10T15:40:12.3644817Z","EventRecordID":"184198","ExecutionProcessID":"1836","ExecutionThreadID":"2272","Channel":"Microsoft-Windows-Sysmon/Operational","host":"FS-01.kestrelag.com","Computer":"FS-01.kestrelag.com","RuleName":"-","UtcTime":"2025-06-10 15:40:12.364","ProcessGuid":"{73626057-51dc-6848-eded-987a3351a079}","ProcessId":"7812","Image":"C:\\Windows\\System32\\msdtc.exe","FileVersion":"10.0.17763.1","Description":"Microsoft Distributed Transaction Coordinator","Product":"Microsoft Windows Operating System","Company":"Microsoft Corporation","OriginalFileName":"msdtc.exe","CommandLine":"msdtc.exe","CurrentDirectory":"C:\\Windows\\System32\\","User":"NT AUTHORITY\\SYSTEM","LogonGuid":"{67f6c453-3625-42d1-adcd-099656740ac3}","LogonId":"0x3e7","TerminalSessionId":"0","IntegrityLevel":"System","Hashes":"SHA1=1F47848B6D4CB338EE32055B15F01FB2D1305CAB,MD5=31F0EE068D07BA7E151D5DDF095C1AAE,SHA256=7846E34EDE44A4307AB25E7800A0F824581FD4B60E2D6A2B03B535470FF16655,IMPHASH=F7350272D02D344F16A17F43499E0A5A","ParentProcessGuid":"{73626057-6a4d-6830-573e-775c161b88f4}","ParentProcessId":"3448","ParentImage":"C:\\Windows\\System32\\services.exe","ParentCommandLine":"services.exe"}
{"provider":"Microsoft-Windows-Sysmon","event_id":5,"Level":"4","Task":"5","time_created":"2025-06-10T15:40:32.1245698Z","EventRecordID":"112754","ExecutionProcessID":"2824","ExecutionThreadID":"4732","Channel":"Microsoft-Windows-Sysmon/Operational","host":"DC-01.kestrelag.com","Computer":"DC-01.kestrelag.com","RuleName":"-","UtcTime":"2025-06-10 15:40:32.124","ProcessGuid":"{83eb9c06-3cde-6848-0747-bcf1d50e04e3}","ProcessId":"7428","Image":"C:\\Windows\\System32\\MpCmdRun.exe","User":"NT AUTHORITY\\SYSTEM"}
{"provider":"Microsoft-Windows-Sysmon","event_id":13,"Level":"4","Task":"13","time_created":"2025-06-10T15:40:36.7992091Z","EventRecordID":"112789","ExecutionProcessID":"2824","ExecutionThreadID":"1464","Channel":"Microsoft-Windows-Sysmon/Operational","host":"DC-01.kestrelag.com","Computer":"DC-01.kestrelag.com","RuleName":"-","EventType":"SetValue","UtcTime":"2025-06-10 15:40:36.799","ProcessGuid":"{83eb9c06-3c58-6840-02ee-5fa814203eb4}","ProcessId":"2400","Image":"C:\\Windows\\System32\\svchost.exe","User":"NT AUTHORITY\\SYSTEM","TargetObject":"HKLM\\SOFTWARE\\Microsoft\\Windows\\CurrentVersion\\Component Based Servicing\\Packages\\Package_for_RollupFix~31bf3856ad364e35~amd64~~10.0.17763.5\\CurrentState","Details":"DWORD (0x00000070)"}
{"provider":"Microsoft-Windows-Sysmon","event_id":1,"Level":"4","Task":"1","time_created":"2025-06-10T15:40:40.1121146Z","EventRecordID":"356731","ExecutionProcessID":"2972","ExecutionThreadID":"1868","Channel":"Microsoft-Windows-Sysmon/Operational","host":"APP-01.kestrelag.com","Computer":"APP-01.kestrelag.com","RuleName":"-","UtcTime":"2025-06-10 15:40:40.112","ProcessGuid":"{01eec844-51f8-6848-27f4-1f728cded337}","ProcessId":"7436","Image":"C:\\Windows\\System32\\svchost.exe","FileVersion":"10.0.17763.1","Description":"Host Process for Windows Services","Product":"Microsoft Windows Operating System","Company":"Microsoft Corporation","OriginalFileName":"svchost.exe","CommandLine":"svchost.exe -k netsvcs -p -s AppXSvc","CurrentDirectory":"C:\\Windows\\System32\\","User":"NT AUTHORITY\\SYSTEM","LogonGuid":"{6e80e2f9-de2b-480b-83cd-330a62b589f6}","LogonId":"0x3e7","TerminalSessionId":"0","IntegrityLevel":"System","Hashes":"SHA1=FD5E52F6038DA3B46E67E5FFE69F1A7559330D6A,MD5=EB48672D9EF9F83CC59D0219312B398F,SHA256=A3EF6409F80683E76DC6B4A4A3DD02D3E25751B2088B9B18C8442471FF61DAF2,IMPHASH=B021D5C7B5AECC0A9822BE11A8A924DD","ParentProcessGuid":"{01eec844-30cb-6844-c713-342d9b6db6df}","ParentProcessId":"2896","ParentImage":"C:\\Windows\\System32\\services.exe","ParentCommandLine":"services.exe"}
{"provider":"Microsoft-Windows-Sysmon","event_id":13,"Level":"4","Task":"13","time_created":"2025-06-10T15:40:40.1763047Z","EventRecordID":"184201","ExecutionProcessID":"1836","ExecutionThreadID":"2228","Channel":"Microsoft-Windows-Sysmon/Operational","host":"FS-01.kestrelag.com","Computer":"FS-01.kestrelag.com","RuleName":"-","EventType":"SetValue","UtcTime":"2025-06-10 15:40:40.176","ProcessGuid":"{73626057-6a5a-6830-2671-56bfecc8d643}","ProcessId":"3596","Image":"C:\\Windows\\System32\\svchost.exe","User":"NT AUTHORITY\\SYSTEM","TargetObject":"HKLM\\SOFTWARE\\Microsoft\\Windows\\CurrentVersion\\Component Based Servicing\\Packages\\Package_for_ServicingStack~31bf3856ad364e35~amd64~~10.0.17763.68\\CurrentState","Details":"DWORD (0x00000070)"}
{"provider":"Microsoft-Windows-Sysmon","event_id":13,"Level":"4","Task":"13","time_created":"2025-06-10T15:40:54.5610535Z","EventRecordID":"356738","ExecutionProcessID":"2972","ExecutionThreadID":"2480","Channel":"Microsoft-Windows-Sysmon/Operational","host":"APP-01.kestrelag.com","Computer":"APP-01.kestrelag.com","RuleName":"-","EventType":"SetValue","UtcTime":"2025-06-10 15:40:54.561","ProcessGuid":"{01eec844-30e1-6844-bbcd-f1dd6bed83e8}","ProcessId":"3312","Image":"C:\\Windows\\System32\\msiexec.exe","User":"NT AUTHORITY\\SYSTEM","TargetObject":"HKLM\\SOFTWARE\\Microsoft\\Windows\\CurrentVersion\\Component Based Servicing\\Packages\\Microsoft-Windows-Client-Features~31bf3856ad364e35~amd64~~10.0.17763.69\\CurrentState","Details":"DWORD (0x00000070)"}
{"provider":"Microsoft-Windows-Sysmon","event_id":13,"Level":"4","Task":"13","time_created":"2025-06-10T15:40:56.3093861Z","EventRecordID":"184202","ExecutionProcessID":"1836","ExecutionThreadID":"2452","Channel":"Microsoft-Windows-Sysmon/Operational","host":"FS-01.kestrelag.com","Computer":"FS-01.kestrelag.com","RuleName":"-","EventType":"SetValue","UtcTime":"2025-06-10 15:40:56.309","ProcessGuid":"{73626057-6a63-6830-9aca-5aafa96f6427}","ProcessId":"3772","Image":"C:\\Windows\\System32\\msiexec.exe","User":"NT AUTHORITY\\SYSTEM","TargetObject":"HKLM\\SOFTWARE\\Microsoft\\Windows\\CurrentVersion\\Component Based Servicing\\Packages\\Package_for_KB5034122~31bf3856ad364e35~amd64~~10.0.17763.47\\CurrentState","Details":"DWORD (0x00000070)"}
{"provider":"Microsoft-Windows-Sysmon","event_id":22,"Level":"4","Task":"22","time_created":"2025-06-10T15:41:17.7598635Z","EventRecordID":"112839","ExecutionProcessID":"2824","ExecutionThreadID":"4732","Channel":"Microsoft-Windows-Sysmon/Operational","host":"DC-01.kestrelag.com","Computer":"DC-01.kestrelag.com","RuleName":"-","UtcTime":"2025-06-10 15:41:17.759","ProcessGuid":"{83eb9c06-3c53-6840-9b79-f1e262f44f72}","ProcessId":"2372","QueryName":"gateway.zscaler.net","QueryStatus":"0","QueryResults":"147.161.128.41;147.161.129.41;","Image":"C:\\Windows\\System32\\svchost.exe","User":"NT AUTHORITY\\LOCAL SERVICE"}
{"provider":"Microsoft-Windows-Sysmon","event_id":22,"Level":"4","Task":"22","time_created":"2025-06-10T15:41:31.0158384Z","EventRecordID":"112842","ExecutionProcessID":"2824","ExecutionThreadID":"4732","Channel":"Microsoft-Windows-Sysmon/Operational","host":"DC-01.kestrelag.com","Computer":"DC-01.kestrelag.com","RuleName":"-","UtcTime":"2025-06-10 15:41:31.015","ProcessGuid":"{83eb9c06-3c53-6840-9b79-f1e262f44f72}","ProcessId":"2372","QueryName":"ctldl.windowsupdate.com","QueryStatus":"0","QueryResults":"52.114.128.40;52.114.132.73;","Image":"C:\\Windows\\System32\\svchost.exe","User":"NT AUTHORITY\\LOCAL SERVICE"}
{"provider":"Microsoft-Windows-Sysmon","event_id":22,"Level":"4","Task":"22","time_created":"2025-06-10T15:41:31.8077703Z","EventRecordID":"112844","ExecutionProcessID":"2824","ExecutionThreadID":"1464","Channel":"Microsoft-Windows-Sysmon/Operational","host":"DC-01.kestrelag.com","Computer":"DC-01.kestrelag.com","RuleName":"-","UtcTime":"2025-06-10 15:41:31.807","ProcessGuid":"{83eb9c06-3c53-6840-9b79-f1e262f44f72}","ProcessId":"2372","QueryName":"ctldl.windowsupdate.com","QueryStatus":"0","QueryResults":"2600:1f18:7284:0049::1;","Image":"C:\\Windows\\System32\\svchost.exe","User":"NT AUTHORITY\\LOCAL SERVICE"}
{"provider":"Microsoft-Windows-Sysmon","event_id":10,"Level":"4","Task":"10","time_created":"2025-06-10T15:41:41.7167013Z","EventRecordID":"112845","ExecutionProcessID":"2824","ExecutionThreadID":"4208","Channel":"Microsoft-Windows-Sysmon/Operational","host":"DC-01.kestrelag.com","Computer":"DC-01.kestrelag.com","RuleName":"-","UtcTime":"2025-06-10 15:41:41.716","SourceProcessGUID":"{83eb9c06-3c5e-6840-430c-36e4077ad2ab}","SourceProcessId":"2420","SourceImage":"C:\\ProgramData\\Microsoft\\Windows Defender\\Platform\\4.18.2301.6-0\\MsMpEng.exe","SourceThreadId":"4964","SourceUser":"NT AUTHORITY\\SYSTEM","TargetProcessGUID":"{83eb9c06-3c50-6840-fff0-b83914b1f523}","TargetProcessId":"2368","TargetImage":"C:\\Windows\\System32\\svchost.exe","TargetUser":"NT AUTHORITY\\NETWORK SERVICE","GrantedAccess":"0x1410","CallTrace":"C:\\Windows\\SYSTEM32\\ntdll.dll+9D760|C:\\Windows\\SYSTEM32\\KERNELBASE.dll+2CD11"}
{"provider":"Microsoft-Windows-Sysmon","event_id":1,"Level":"4","Task":"1","time_created":"2025-06-10T15:42:01.1497885Z","EventRecordID":"112852","ExecutionProcessID":"2824","ExecutionThreadID":"1464","Channel":"Microsoft-Windows-Sysmon/Operational","host":"DC-01.kestrelag.com","Computer":"DC-01.kestrelag.com","RuleName":"-","UtcTime":"2025-06-10 15:42:01.149","ProcessGuid":"{83eb9c06-5249-6848-fb71-9d67b9b87d80}","ProcessId":"8356","Image":"C:\\Windows\\System32\\svchost.exe","FileVersion":"10.0.17763.1","Description":"Host Process for Windows Services","Product":"Microsoft Windows Operating System","Company":"Microsoft Corporation","OriginalFileName":"svchost.exe","CommandLine":"svchost.exe -k netsvcs -p -s LanmanServer","CurrentDirectory":"C:\\Windows\\System32\\","User":"NT AUTHORITY\\SYSTEM","LogonGuid":"{a3d8ed8f-60dc-4557-8c5a-6fda4ef39281}","LogonId":"0x3e7","TerminalSessionId":"0","IntegrityLevel":"System","Hashes":"SHA1=FD5E52F6038DA3B46E67E5FFE69F1A7559330D6A,MD5=EB48672D9EF9F83CC59D0219312B398F,SHA256=A3EF6409F80683E76DC6B4A4A3DD02D3E25751B2088B9B18C8442471FF61DAF2,IMPHASH=B021D5C7B5AECC0A9822BE11A8A924DD","ParentProcessGuid":"{83eb9c06-3c4d-6840-c63b-d50a7f627ba6}","ParentProcessId":"2332","ParentImage":"C:\\Windows\\System32\\services.exe","ParentCommandLine":"services.exe"}
{"provider":"Microsoft-Windows-Sysmon","event_id":10,"Level":"4","Task":"10","time_created":"2025-06-10T15:42:03.0537131Z","EventRecordID":"112858","ExecutionProcessID":"2824","ExecutionThreadID":"4732","Channel":"Microsoft-Windows-Sysmon/Operational","host":"DC-01.kestrelag.com","Computer":"DC-01.kestrelag.com","RuleName":"-","UtcTime":"2025-06-10 15:42:03.053","SourceProcessGUID":"{83eb9c06-3c61-6840-e2f7-569dfe3d2d4c}","SourceProcessId":"2428","SourceImage":"C:\\Windows\\System32\\wbem\\WmiPrvSE.exe","SourceThreadId":"5884","SourceUser":"NT AUTHORITY\\NETWORK SERVICE","TargetProcessGUID":"{83eb9c06-3c50-6840-0540-37d27b762555}","TargetProcessId":"2352","TargetImage":"C:\\Windows\\System32\\svchost.exe","TargetUser":"NT AUTHORITY\\SYSTEM","GrantedAccess":"0x1400","CallTrace":"C:\\Windows\\SYSTEM32\\ntdll.dll+9E4A8"}
{"provider":"Microsoft-Windows-Sysmon","event_id":1,"Level":"4","Task":"1","time_created":"2025-06-10T15:42:55.7594890Z","EventRecordID":"112863","ExecutionProcessID":"2824","ExecutionThreadID":"4732","Channel":"Microsoft-Windows-Sysmon/Operational","host":"DC-01.kestrelag.com","Computer":"DC-01.kestrelag.com","RuleName":"-","UtcTime":"2025-06-10 15:42:55.759","ProcessGuid":"{83eb9c06-527f-6848-020c-bd059d01fe1b}","ProcessId":"8104","Image":"C:\\Windows\\System32\\conhost.exe","FileVersion":"10.0.17763.1","Description":"Console Window Host","Product":"Microsoft Windows Operating System","Company":"Microsoft Corporation","OriginalFileName":"conhost.exe","CommandLine":"\\??\\C:\\Windows\\system32\\conhost.exe 0xffffffff -ForceV1","CurrentDirectory":"C:\\Windows\\System32\\","User":"NT AUTHORITY\\SYSTEM","LogonGuid":"{a3d8ed8f-60dc-4557-8c5a-6fda4ef39281}","LogonId":"0x3e7","TerminalSessionId":"0","IntegrityLevel":"System","Hashes":"SHA1=557074AD8C63724D84703B56EC227FDE3FB2489A,MD5=DCB5E59D04CEF4B56E122A414818296C,SHA256=75F4776894793D4C6031A15418D586152AFD71CD2FB299182FCCB695A83E3403,IMPHASH=C0DA3B1C668315577E451FFE623DA443","ParentProcessGuid":"{83eb9c06-3c4b-6840-8c8c-98abbd047e91}","ParentProcessId":"2252","ParentImage":"C:\\Windows\\System32\\csrss.exe","ParentCommandLine":"csrss.exe"}
{"provider":"Microsoft-Windows-Sysmon","event_id":7,"Level":"4","Task":"7","time_created":"2025-06-10T15:43:09.0893344Z","EventRecordID":"356739","ExecutionProcessID":"2972","ExecutionThreadID":"1868","Channel":"Microsoft-Windows-Sysmon/Operational","host":"APP-01.kestrelag.com","Computer":"APP-01.kestrelag.com","RuleName":"-","UtcTime":"2025-06-10 15:43:09.089","ProcessGuid":"{01eec844-30dc-6844-1327-bfc2763e8f9c}","ProcessId":"3208","Image":"C:\\ProgramData\\Microsoft\\Windows Defender\\Platform\\4.18.2301.6-0\\MsMpEng.exe","ImageLoaded":"C:\\ProgramData\\Microsoft\\Windows Defender\\Platform\\4.18.2301.6-0\\MpClient.dll","FileVersion":"10.0.19041.1","Description":"MpClient.dll system library","Product":"Microsoft Windows Operating System","Company":"Microsoft Corporation","OriginalFileName":"MpClient.dll","Hashes":"SHA1=4EBD0CB418B646D66B75B6D3F2B67E91F7B3B446,MD5=5F2E97046C77BE473616ED1279BEAA8E,SHA256=422A0693BDA99E6CDFF4A8A0C8BD30836EEF8EB07274C75EEF93A5821955DB34,IMPHASH=6D02D9D84BB1546D6814A7A1F16E72C7","Signed":"true","Signature":"Microsoft Corporation","SignatureStatus":"Valid"}
{"provider":"Microsoft-Windows-Sysmon","event_id":1,"Level":"4","Task":"1","time_created":"2025-06-10T15:43:11.3820136Z","EventRecordID":"112864","ExecutionProcessID":"2824","ExecutionThreadID":"1464","Channel":"Microsoft-Windows-Sysmon/Operational","host":"DC-01.kestrelag.com","Computer":"DC-01.kestrelag.com","RuleName":"-","UtcTime":"2025-06-10 15:43:11.382","ProcessGuid":"{83eb9c06-528f-6848-5eb2-f73babc72ee1}","ProcessId":"8244","Image":"C:\\Windows\\System32\\dllhost.exe","FileVersion":"10.0.17763.1","Description":"COM Surrogate","Product":"Microsoft Windows Operating System","Company":"Microsoft Corporation","OriginalFileName":"dllhost.exe","CommandLine":"dllhost.exe /Processid:{AB8902B4-09CA-4BB6-B78D-A8F59079A8D5}","CurrentDirectory":"C:\\Windows\\System32\\","User":"NT AUTHORITY\\SYSTEM","LogonGuid":"{a3d8ed8f-60dc-4557-8c5a-6fda4ef39281}","LogonId":"0x3e7","TerminalSessionId":"0","IntegrityLevel":"System","Hashes":"SHA1=E9843285F306715E9377A11649761552EAB1A78D,MD5=99E15BCE4A20CCD57152F4560FE025DD,SHA256=AE87276FEB54EB8E5D8CF628D65D2300337F1BDBEF5D6F1CDE2FBDBCDA2178B6,IMPHASH=9C46F35652CBE94C2DC7B1693268CB59","ParentProcessGuid":"{83eb9c06-3c50-6840-2e62-9271a2f53d72}","ParentProcessId":"2340","ParentImage":"C:\\Windows\\System32\\svchost.exe","ParentCommandLine":"svchost.exe -k DcomLaunch"}
{"provider":"Microsoft-Windows-Sysmon","event_id":1,"Level":"4","Task":"1","time_created":"2025-06-10T15:43:11.6778386Z","EventRecordID":"356744","ExecutionProcessID":"2972","ExecutionThreadID":"2480","Channel":"Microsoft-Windows-Sysmon/Operational","host":"APP-01.kestrelag.com","Computer":"APP-01.kestrelag.com","RuleName":"-","UtcTime":"2025-06-10 15:43:11.677","ProcessGuid":"{01eec844-528f-6848-2157-3ad1df470048}","ProcessId":"7392","Image":"C:\\Windows\\System32\\dllhost.exe","FileVersion":"10.0.17763.1","Description":"COM Surrogate","Product":"Microsoft Windows Operating System","Company":"Microsoft Corporation","OriginalFileName":"dllhost.exe","CommandLine":"dllhost.exe /Processid:{73E709EA-5D93-4B2E-BBB0-99B7938DA9E4}","CurrentDirectory":"C:\\Windows\\System32\\","User":"NT AUTHORITY\\SYSTEM","LogonGuid":"{6e80e2f9-de2b-480b-83cd-330a62b589f6}","LogonId":"0x3e7","TerminalSessionId":"0","IntegrityLevel":"System","Hashes":"SHA1=E9843285F306715E9377A11649761552EAB1A78D,MD5=99E15BCE4A20CCD57152F4560FE025DD,SHA256=AE87276FEB54EB8E5D8CF628D65D2300337F1BDBEF5D6F1CDE2FBDBCDA2178B6,IMPHASH=9C46F35652CBE94C2DC7B1693268CB59","ParentProcessGuid":"{01eec844-30cf-6844-0ccc-54da7a5d697b}","ParentProcessId":"2948","ParentImage":"C:\\Windows\\System32\\svchost.exe","ParentCommandLine":"svchost.exe -k DcomLaunch"}
{"provider":"Microsoft-Windows-Sysmon","event_id":13,"Level":"4","Task":"13","time_created":"2025-06-10T15:43:29.4388624Z","EventRecordID":"112867","ExecutionProcessID":"2824","ExecutionThreadID":"1464","Channel":"Microsoft-Windows-Sysmon/Operational","host":"DC-01.kestrelag.com","Computer":"DC-01.kestrelag.com","RuleName":"-","EventType":"SetValue","UtcTime":"2025-06-10 15:43:29.438","ProcessGuid":"{83eb9c06-3c62-6840-706a-7953947a2634}","ProcessId":"2432","Image":"C:\\Windows\\System32\\dllhost.exe","User":"NT AUTHORITY\\SYSTEM","TargetObject":"HKLM\\SYSTEM\\CurrentControlSet\\Control\\Session Manager\\Memory Management\\ClearPageFileAtShutdown","Details":"DWORD (0x00000000)"}
{"provider":"Microsoft-Windows-Sysmon","event_id":10,"Level":"4","Task":"10","time_created":"2025-06-10T15:43:30.4049160Z","EventRecordID":"112868","ExecutionProcessID":"2824","ExecutionThreadID":"4208","Channel":"Microsoft-Windows-Sysmon/Operational","host":"DC-01.kestrelag.com","Computer":"DC-01.kestrelag.com","RuleName":"-","UtcTime":"2025-06-10 15:43:30.404","SourceProcessGUID":"{83eb9c06-3c5f-6840-2856-3cf6ef4a79e0}","SourceProcessId":"2424","SourceImage":"C:\\Windows\\System32\\SearchIndexer.exe","SourceThreadId":"1456","SourceUser":"NT AUTHORITY\\SYSTEM","TargetProcessGUID":"{83eb9c06-3c65-6840-52c8-3049fb56a6ba}","TargetProcessId":"2444","TargetImage":"C:\\Windows\\System32\\SearchProtocolHost.exe","TargetUser":"NT AUTHORITY\\SYSTEM","GrantedAccess":"0x0400","CallTrace":"C:\\Windows\\SYSTEM32\\ntdll.dll+9D760|C:\\Windows\\SYSTEM32\\KERNELBASE.dll+2CD11"}
{"provider":"Microsoft-Windows-Sysmon","event_id":10,"Level":"4","Task":"10","time_created":"2025-06-10T15:43:41.2689573Z","EventRecordID":"112882","ExecutionProcessID":"2824","ExecutionThreadID":"4732","Channel":"Microsoft-Windows-Sysmon/Operational","host":"DC-01.kestrelag.com","Computer":"DC-01.kestrelag.com","RuleName":"-","UtcTime":"2025-06-10 15:43:41.268","SourceProcessGUID":"{83eb9c06-3c4b-6840-8c8c-98abbd047e91}","SourceProcessId":"2252","SourceImage":"C:\\Windows\\System32\\csrss.exe","SourceThreadId":"2832","SourceUser":"NT AUTHORITY\\SYSTEM","TargetProcessGUID":"{83eb9c06-3c6e-6840-a821-9a16dd0d7358}","TargetProcessId":"2504","TargetImage":"C:\\Windows\\System32\\winlogon.exe","TargetUser":"NT AUTHORITY\\SYSTEM","GrantedAccess":"0x0400","CallTrace":"C:\\Windows\\SYSTEM32\\ntdll.dll+9E1F4|C:\\Windows\\SYSTEM32\\KERNELBASE.dll+2C737|C:\\Windows\\SYSTEM32\\wbemcomn.dll+16027"}
{"provider":"Microsoft-Windows-Sysmon","event_id":1,"Level":"4","Task":"1","time_created":"2025-06-10T15:43:47.5609512Z","EventRecordID":"112884","ExecutionProcessID":"2824","ExecutionThreadID":"1464","Channel":"Microsoft-Windows-Sysmon/Operational","host":"DC-01.kestrelag.com","Computer":"DC-01.kestrelag.com","RuleName":"-","UtcTime":"2025-06-10 15:43:47.560","ProcessGuid":"{83eb9c06-52b3-6848-6724-3f9add1d8a34}","ProcessId":"8208","Image":"C:\\Windows\\System32\\wbem\\WmiPrvSE.exe","FileVersion":"10.0.17763.1","Description":"WMI Provider Host","Product":"Microsoft Windows Operating System","Company":"Microsoft Corporation","OriginalFileName":"WmiPrvSE.exe","CommandLine":"WmiPrvSE.exe -secured -Embedding","CurrentDirectory":"C:\\Windows\\System32\\","User":"NT AUTHORITY\\SYSTEM","LogonGuid":"{a3d8ed8f-60dc-4557-8c5a-6fda4ef39281}","LogonId":"0x3e7","TerminalSessionId":"0","IntegrityLevel":"System","Hashes":"SHA1=6AD156D08BB4F9B25234F96E34E653FD71462DB9,MD5=30A5B57A08718348FAB95C22B5AECB52,SHA256=41F3A56D4D7DE7B7E4D6F1A6EAB3F159A1E5C8210760E3507918D6055AD0F8CF,IMPHASH=CDFFA5B4AF7AA0CE617D43ED10715987","ParentProcessGuid":"{83eb9c06-3c50-6840-2e62-9271a2f53d72}","ParentProcessId":"2340","ParentImage":"C:\\Windows\\System32\\svchost.exe","ParentCommandLine":"svchost.exe -k DcomLaunch"}
{"provider":"Microsoft-Windows-Sysmon","event_id":5,"Level":"4","Task":"5","time_created":"2025-06-10T15:43:51.0811384Z","EventRecordID":"184209","ExecutionProcessID":"1836","ExecutionThreadID":"2452","Channel":"Microsoft-Windows-Sysmon/Operational","host":"FS-01.kestrelag.com","Computer":"FS-01.kestrelag.com","RuleName":"-","UtcTime":"2025-06-10 15:43:51.081","ProcessGuid":"{73626057-3a3f-6848-e0f4-96c4a8ce1bac}","ProcessId":"7140","Image":"C:\\Windows\\System32\\usoclient.exe","User":"NT AUTHORITY\\SYSTEM"}
{"provider":"Microsoft-Windows-Sysmon","event_id":1,"Level":"4","Task":"1","time_created":"2025-06-10T15:44:56.6642123Z","EventRecordID":"112887","ExecutionProcessID":"2824","ExecutionThreadID":"4732","Channel":"Microsoft-Windows-Sysmon/Operational","host":"DC-01.kestrelag.com","Computer":"DC-01.kestrelag.com","RuleName":"-","UtcTime":"2025-06-10 15:44:56.664","ProcessGuid":"{83eb9c06-52f8-6848-5aa6-922130553b79}","ProcessId":"8116","Image":"C:\\Windows\\System32\\wbem\\WmiPrvSE.exe","FileVersion":"10.0.17763.1","Description":"WMI Provider Host","Product":"Microsoft Windows Operating System","Company":"Microsoft Corporation","OriginalFileName":"WmiPrvSE.exe","CommandLine":"WmiPrvSE.exe -Embedding","CurrentDirectory":"C:\\Windows\\System32\\","User":"NT AUTHORITY\\SYSTEM","LogonGuid":"{a3d8ed8f-60dc-4557-8c5a-6fda4ef39281}","LogonId":"0x3e7","TerminalSessionId":"0","IntegrityLevel":"System","Hashes":"SHA1=6AD156D08BB4F9B25234F96E34E653FD71462DB9,MD5=30A5B57A08718348FAB95C22B5AECB52,SHA256=41F3A56D4D7DE7B7E4D6F1A6EAB3F159A1E5C8210760E3507918D6055AD0F8CF,IMPHASH=CDFFA5B4AF7AA0CE617D43ED10715987","ParentProcessGuid":"{83eb9c06-3c50-6840-2e62-9271a2f53d72}","ParentProcessId":"2340","ParentImage":"C:\\Windows\\System32\\svchost.exe","ParentCommandLine":"svchost.exe -k DcomLaunch"}
{"provider":"Microsoft-Windows-Sysmon","event_id":5,"Level":"4","Task":"5","time_created":"2025-06-10T15:45:07.0058344Z","EventRecordID":"184216","ExecutionProcessID":"1836","ExecutionThreadID":"2272","Channel":"Microsoft-Windows-Sysmon/Operational","host":"FS-01.kestrelag.com","Computer":"FS-01.kestrelag.com","RuleName":"-","UtcTime":"2025-06-10 15:45:07.005","ProcessGuid":"{73626057-26fe-6848-b743-b10515479608}","ProcessId":"6836","Image":"C:\\Windows\\System32\\cleanmgr.exe","User":"NT AUTHORITY\\SYSTEM"}
{"provider":"Microsoft-Windows-Sysmon","event_id":1,"Level":"4","Task":"1","time_created":"2025-06-10T15:45:13.3502572Z","EventRecordID":"112894","ExecutionProcessID":"2824","ExecutionThreadID":"1464","Channel":"Microsoft-Windows-Sysmon/Operational","host":"DC-01.kestrelag.com","Computer":"DC-01.kestrelag.com","RuleName":"-","UtcTime":"2025-06-10 15:45:13.350","ProcessGuid":"{83eb9c06-5309-6848-891c-d10f62446acb}","ProcessId":"8388","Image":"C:\\Windows\\WinSxS\\amd64_microsoft-windows-servicingstack_31bf3856ad364e35_10.0.17763.5329_none_7c91d6e7c9f7f1f5\\TiWorker.exe","FileVersion":"10.0.17763.5329","Description":"Windows Module Installer Worker","Product":"Microsoft Windows Operating System","Company":"Microsoft Corporation","OriginalFileName":"TiWorker.exe","CommandLine":"TiWorker.exe -Embedding","CurrentDirectory":"C:\\Windows\\System32\\","User":"NT AUTHORITY\\SYSTEM","LogonGuid":"{a3d8ed8f-60dc-4557-8c5a-6fda4ef39281}","LogonId":"0x3e7","TerminalSessionId":"0","IntegrityLevel":"System","Hashes":"SHA1=DFCEC41AA0EC233EC31C0EE54E13568005EC9338,MD5=C6FA6F18FDB062DC0371021D3CDC862D,SHA256=9144EE45736D7C21710276008109395FFBE50F687636251296390DFC2E168A05,IMPHASH=3B7A904FCD0C2F9BDAF7A3C1DB99406F","ParentProcessGuid":"{83eb9c06-3c50-6840-fff0-b83914b1f523}","ParentProcessId":"2368","ParentImage":"C:\\Windows\\System32\\svchost.exe","ParentCommandLine":"svchost.exe -k netsvcs"}
{"provider":"Microsoft-Windows-Sysmon","event_id":5,"Level":"4","Task":"5","time_created":"2025-06-10T15:45:30.9217346Z","EventRecordID":"356747","ExecutionProcessID":"2972","ExecutionThreadID":"2480","Channel":"Microsoft-Windows-Sysmon/Operational","host":"APP-01.kestrelag.com","Computer":"APP-01.kestrelag.com","RuleName":"-","UtcTime":"2025-06-10 15:45:30.921","ProcessGuid":"{01eec844-3753-6848-ff11-36178ca009f8}","ProcessId":"6660","Image":"C:\\Windows\\System32\\conhost.exe","User":"NT AUTHORITY\\SYSTEM"}
{"provider":"Microsoft-Windows-Sysmon","event_id":7,"Level":"4","Task":"7","time_created":"2025-06-10T15:45:55.4647462Z","EventRecordID":"184217","ExecutionProcessID":"1836","ExecutionThreadID":"2272","Channel":"Microsoft-Windows-Sysmon/Operational","host":"FS-01.kestrelag.com","Computer":"FS-01.kestrelag.com","RuleName":"-","UtcTime":"2025-06-10 15:45:55.464","ProcessGuid":"{73626057-6a4d-6830-573e-775c161b88f4}","ProcessId":"3448","Image":"C:\\Windows\\System32\\services.exe","ImageLoaded":"C:\\Program Files\\Dell\\SupportAssistAgent\\bin\\pcdrsysinfosoftware.p5x","FileVersion":"1.0.0.0","Description":"pcdrsysinfosoftware.p5x module","Product":"Dell Inc.","Company":"Dell Inc.","OriginalFileName":"pcdrsysinfosoftware.p5x","Hashes":"SHA1=DA2C7A7A281800947B5C71F4A92CE843B1DC50F2,MD5=D6EB67E7B79CE37086993703C1352704,SHA256=0DE9D6BA42DE73879DA0EAFD44873E30FCB362AF0AF13A34923E24513C239AD5,IMPHASH=EF39C50EF82A06742DB4608EF8AF9CBB","Signed":"true","Signature":"Dell Inc.","SignatureStatus":"Valid"}
{"provider":"Microsoft-Windows-Sysmon","event_id":5,"Level":"4","Task":"5","time_created":"2025-06-10T15:45:56.0671146Z","EventRecordID":"356751","ExecutionProcessID":"2972","ExecutionThreadID":"2536","Channel":"Microsoft-Windows-Sysmon/Operational","host":"APP-01.kestrelag.com","Computer":"APP-01.kestrelag.com","RuleName":"-","UtcTime":"2025-06-10 15:45:56.067","ProcessGuid":"{01eec844-356c-6848-6d72-397ccf2cfe44}","ProcessId":"6720","Image":"C:\\Windows\\System32\\cleanmgr.exe","User":"NT AUTHORITY\\SYSTEM"}
{"provider":"Microsoft-Windows-Sysmon","event_id":13,"Level":"4","Task":"13","time_created":"2025-06-10T15:46:06.1438204Z","EventRecordID":"184224","ExecutionProcessID":"1836","ExecutionThreadID":"2228","Channel":"Microsoft-Windows-Sysmon/Operational","host":"FS-01.kestrelag.com","Computer":"FS-01.kestrelag.com","RuleName":"-","EventType":"SetValue","UtcTime":"2025-06-10 15:46:06.143","ProcessGuid":"{73626057-6a63-6830-9aca-5aafa96f6427}","ProcessId":"3772","Image":"C:\\Windows\\System32\\msiexec.exe","User":"NT AUTHORITY\\SYSTEM","TargetObject":"HKLM\\SOFTWARE\\Microsoft\\Windows\\CurrentVersion\\Component Based Servicing\\Packages\\Package_for_DotNetRollup~31bf3856ad364e35~amd64~~10.0.17763.9\\CurrentState","Details":"DWORD (0x00000070)"}
{"provider":"Microsoft-Windows-Sysmon","event_id":10,"Level":"4","Task":"10","time_created":"2025-06-10T15:46:16.1392224Z","EventRecordID":"112897","ExecutionProcessID":"2824","ExecutionThreadID":"1464","Channel":"Microsoft-Windows-Sysmon/Operational","host":"DC-01.kestrelag.com","Computer":"DC-01.kestrelag.com","RuleName":"-","UtcTime":"2025-06-10 15:46:16.139","SourceProcessGUID":"{83eb9c06-3c5e-6840-430c-36e4077ad2ab}","SourceProcessId":"2420","SourceImage":"C:\\ProgramData\\Microsoft\\Windows Defender\\Platform\\4.18.2301.6-0\\MsMpEng.exe","SourceThreadId":"2828","SourceUser":"NT AUTHORITY\\SYSTEM","TargetProcessGUID":"{83eb9c06-3c4c-6840-9a7d-d55929bf8c83}","TargetProcessId":"2336","TargetImage":"C:\\Windows\\System32\\lsass.exe","TargetUser":"NT AUTHORITY\\SYSTEM","GrantedAccess":"0x1410","CallTrace":"C:\\Windows\\SYSTEM32\\ntdll.dll+9E4A8"}
{"provider":"Microsoft-Windows-Sysmon","event_id":7,"Level":"4","Task":"7","time_created":"2025-06-10T15:46:36.1891084Z","EventRecordID":"112932","ExecutionProcessID":"2824","ExecutionThreadID":"1464","Channel":"Microsoft-Windows-Sysmon/Operational","host":"DC-01.kestrelag.com","Computer":"DC-01.kestrelag.com","RuleName":"-","UtcTime":"2025-06-10 15:46:36.189","ProcessGuid":"{83eb9c06-5075-6848-65cb-7aee4cc3cebf}","ProcessId":"8340","Image":"C:\\Windows\\System32\\svchost.exe","ImageLoaded":"C:\\Program Files\\VMware\\VMware Tools\\vmStatsProvider.dll","FileVersion":"1.0.0.0","Description":"vmStatsProvider.dll module","Product":"VMware, Inc.","Company":"VMware, Inc.","OriginalFileName":"vmStatsProvider.dll","Hashes":"SHA1=59D6A2228965DEA66D7C93F926FFF5BEA58D0958,MD5=90B6BA84A505CD2472182B6A3BFF34DD,SHA256=51F5802FF35D872BE25CF1BA725DBFE7E93B2CB0E7620126E5A6CC4F506DF760,IMPHASH=96621860BADAB47E574E7B6E25AA7F61","Signed":"true","Signature":"VMware, Inc.","SignatureStatus":"Valid"}
{"provider":"Microsoft-Windows-Sysmon","event_id":1,"Level":"4","Task":"1","time_created":"2025-06-10T15:47:18.8993301Z","EventRecordID":"356757","ExecutionProcessID":"2972","ExecutionThreadID":"1868","Channel":"Microsoft-Windows-Sysmon/Operational","host":"APP-01.kestrelag.com","Computer":"APP-01.kestrelag.com","RuleName":"-","UtcTime":"2025-06-10 15:47:18.899","ProcessGuid":"{01eec844-5386-6848-24ce-7ec4a9e8023e}","ProcessId":"7444","Image":"C:\\Windows\\System32\\svchost.exe","FileVersion":"10.0.17763.1","Description":"Host Process for Windows Services","Product":"Microsoft Windows Operating System","Company":"Microsoft Corporation","OriginalFileName":"svchost.exe","CommandLine":"svchost.exe -k netsvcs -p -s wuauserv","CurrentDirectory":"C:\\Windows\\System32\\","User":"NT AUTHORITY\\SYSTEM","LogonGuid":"{6e80e2f9-de2b-480b-83cd-330a62b589f6}","LogonId":"0x3e7","TerminalSessionId":"0","IntegrityLevel":"System","Hashes":"SHA1=FD5E52F6038DA3B46E67E5FFE69F1A7559330D6A,MD5=EB48672D9EF9F83CC59D0219312B398F,SHA256=A3EF6409F80683E76DC6B4A4A3DD02D3E25751B2088B9B18C8442471FF61DAF2,IMPHASH=B021D5C7B5AECC0A9822BE11A8A924DD","ParentProcessGuid":"{01eec844-30cb-6844-c713-342d9b6db6df}","ParentProcessId":"2896","ParentImage":"C:\\Windows\\System32\\services.exe","ParentCommandLine":"services.exe"}
{"provider":"Microsoft-Windows-Sysmon","event_id":5,"Level":"4","Task":"5","time_created":"2025-06-10T15:47:40.8646927Z","EventRecordID":"356758","ExecutionProcessID":"2972","ExecutionThreadID":"1868","Channel":"Microsoft-Windows-Sysmon/Operational","host":"APP-01.kestrelag.com","Computer":"APP-01.kestrelag.com","RuleName":"-","UtcTime":"2025-06-10 15:47:40.864","ProcessGuid":"{01eec844-3e69-6848-e953-30a743fad54a}","ProcessId":"6836","Image":"C:\\Windows\\System32\\usoclient.exe","User":"NT AUTHORITY\\SYSTEM"}
{"provider":"Microsoft-Windows-Sysmon","event_id":13,"Level":"4","Task":"13","time_created":"2025-06-10T15:47:42.4269675Z","EventRecordID":"184225","ExecutionProcessID":"1836","ExecutionThreadID":"2228","Channel":"Microsoft-Windows-Sysmon/Operational","host":"FS-01.kestrelag.com","Computer":"FS-01.kestrelag.com","RuleName":"-","EventType":"SetValue","UtcTime":"2025-06-10 15:47:42.426","ProcessGuid":"{73626057-6a4d-6830-573e-775c161b88f4}","ProcessId":"3448","Image":"C:\\Windows\\System32\\services.exe","User":"NT AUTHORITY\\SYSTEM","TargetObject":"HKLM\\SOFTWARE\\Microsoft\\Windows\\CurrentVersion\\Component Based Servicing\\PackagesPending\\TrustedInstaller","Details":"DWORD (0x00000001)"}
{"provider":"Microsoft-Windows-Sysmon","event_id":1,"Level":"4","Task":"1","time_created":"2025-06-10T15:47:46.8158123Z","EventRecordID":"112933","ExecutionProcessID":"2824","ExecutionThreadID":"4208","Channel":"Microsoft-Windows-Sysmon/Operational","host":"DC-01.kestrelag.com","Computer":"DC-01.kestrelag.com","RuleName":"-","UtcTime":"2025-06-10 15:47:46.815","ProcessGuid":"{83eb9c06-53a2-6848-a263-ff4eb7843b83}","ProcessId":"8192","Image":"C:\\Windows\\System32\\conhost.exe","FileVersion":"10.0.17763.1","Description":"Console Window Host","Product":"Microsoft Windows Operating System","Company":"Microsoft Corporation","OriginalFileName":"conhost.exe","CommandLine":"conhost.exe 0x4","CurrentDirectory":"C:\\Windows\\System32\\","User":"NT AUTHORITY\\SYSTEM","LogonGuid":"{a3d8ed8f-60dc-4557-8c5a-6fda4ef39281}","LogonId":"0x3e7","TerminalSessionId":"0","IntegrityLevel":"System","Hashes":"SHA1=557074AD8C63724D84703B56EC227FDE3FB2489A,MD5=DCB5E59D04CEF4B56E122A414818296C,SHA256=75F4776894793D4C6031A15418D586152AFD71CD2FB299182FCCB695A83E3403,IMPHASH=C0DA3B1C668315577E451FFE623DA443","ParentProcessGuid":"{83eb9c06-3c4b-6840-8c8c-98abbd047e91}","ParentProcessId":"2252","ParentImage":"C:\\Windows\\System32\\csrss.exe","ParentCommandLine":"csrss.exe"}
{"provider":"Microsoft-Windows-Sysmon","event_id":1,"Level":"4","Task":"1","time_created":"2025-06-10T15:47:52.4769579Z","EventRecordID":"356763","ExecutionProcessID":"2972","ExecutionThreadID":"2480","Channel":"Microsoft-Windows-Sysmon/Operational","host":"APP-01.kestrelag.com","Computer":"APP-01.kestrelag.com","RuleName":"-","UtcTime":"2025-06-10 15:47:52.476","ProcessGuid":"{01eec844-53a8-6848-00fd-1615f545d3c3}","ProcessId":"7352","Image":"C:\\Windows\\System32\\msdtc.exe","FileVersion":"10.0.17763.1","Description":"Microsoft Distributed Transaction Coordinator","Product":"Microsoft Windows Operating System","Company":"Microsoft Corporation","OriginalFileName":"msdtc.exe","CommandLine":"msdtc.exe","CurrentDirectory":"C:\\Windows\\System32\\","User":"NT AUTHORITY\\SYSTEM","LogonGuid":"{6e80e2f9-de2b-480b-83cd-330a62b589f6}","LogonId":"0x3e7","TerminalSessionId":"0","IntegrityLevel":"System","Hashes":"SHA1=1F47848B6D4CB338EE32055B15F01FB2D1305CAB,MD5=31F0EE068D07BA7E151D5DDF095C1AAE,SHA256=7846E34EDE44A4307AB25E7800A0F824581FD4B60E2D6A2B03B535470FF16655,IMPHASH=F7350272D02D344F16A17F43499E0A5A","ParentProcessGuid":"{01eec844-30cb-6844-c713-342d9b6db6df}","ParentProcessId":"2896","ParentImage":"C:\\Windows\\System32\\services.exe","ParentCommandLine":"services.exe"}
{"provider":"Microsoft-Windows-Sysmon","event_id":10,"Level":"4","Task":"10","time_created":"2025-06-10T15:47:59.9350798Z","EventRecordID":"112940","ExecutionProcessID":"2824","ExecutionThreadID":"1464","Channel":"Microsoft-Windows-Sysmon/Operational","host":"DC-01.kestrelag.com","Computer":"DC-01.kestrelag.com","RuleName":"-","UtcTime":"2025-06-10 15:47:59.935","SourceProcessGUID":"{83eb9c06-3c5e-6840-430c-36e4077ad2ab}","SourceProcessId":"2420","SourceImage":"C:\\ProgramData\\Microsoft\\Windows Defender\\Platform\\4.18.2301.6-0\\MsMpEng.exe","SourceThreadId":"5584","SourceUser":"NT AUTHORITY\\SYSTEM","TargetProcessGUID":"{83eb9c06-3c4c-6840-9a7d-d55929bf8c83}","TargetProcessId":"2336","TargetImage":"C:\\Windows\\System32\\lsass.exe","TargetUser":"NT AUTHORITY\\SYSTEM","GrantedAccess":"0x1010","CallTrace":"C:\\Windows\\SYSTEM32\\ntdll.dll+9E796|C:\\Windows\\SYSTEM32\\RPCRT4.dll+7C732|C:\\Windows\\SYSTEM32\\KERNELBASE.dll+2D0BD"}
{"provider":"Microsoft-Windows-Sysmon","event_id":13,"Level":"4","Task":"13","time_created":"2025-06-10T15:48:07.7600807Z","EventRecordID":"184230","ExecutionProcessID":"1836","ExecutionThreadID":"2452","Channel":"Microsoft-Windows-Sysmon/Operational","host":"FS-01.kestrelag.com","Computer":"FS-01.kestrelag.com","RuleName":"-","EventType":"SetValue","UtcTime":"2025-06-10 15:48:07.760","ProcessGuid":"{73626057-6a4d-6830-573e-775c161b88f4}","ProcessId":"3448","Image":"C:\\Windows\\System32\\services.exe","User":"NT AUTHORITY\\SYSTEM","TargetObject":"HKLM\\SYSTEM\\CurrentControlSet\\Services\\LanmanWorkstation\\Parameters\\EnableSecuritySignature","Details":"DWORD (0x00000001)"}
{"provider":"Microsoft-Windows-Sysmon","event_id":1,"Level":"4","Task":"1","time_created":"2025-06-10T15:48:25.3922613Z","EventRecordID":"112942","ExecutionProcessID":"2824","ExecutionThreadID":"4732","Channel":"Microsoft-Windows-Sysmon/Operational","host":"DC-01.kestrelag.com","Computer":"DC-01.kestrelag.com","RuleName":"-","UtcTime":"2025-06-10 15:48:25.392","ProcessGuid":"{83eb9c06-53c9-6848-4c97-bcaff04646e5}","ProcessId":"8088","Image":"C:\\Windows\\System32\\wbem\\WmiPrvSE.exe","FileVersion":"10.0.17763.1","Description":"WMI Provider Host","Product":"Microsoft Windows Operating System","Company":"Microsoft Corporation","OriginalFileName":"WmiPrvSE.exe","CommandLine":"WmiPrvSE.exe -secured -Embedding","CurrentDirectory":"C:\\Windows\\System32\\","User":"NT AUTHORITY\\SYSTEM","LogonGuid":"{a3d8ed8f-60dc-4557-8c5a-6fda4ef39281}","LogonId":"0x3e7","TerminalSessionId":"0","IntegrityLevel":"System","Hashes":"SHA1=6AD156D08BB4F9B25234F96E34E653FD71462DB9,MD5=30A5B57A08718348FAB95C22B5AECB52,SHA256=41F3A56D4D7DE7B7E4D6F1A6EAB3F159A1E5C8210760E3507918D6055AD0F8CF,IMPHASH=CDFFA5B4AF7AA0CE617D43ED10715987","ParentProcessGuid":"{83eb9c06-3c50-6840-2e62-9271a2f53d72}","ParentProcessId":"2340","ParentImage":"C:\\Windows\\System32\\svchost.exe","ParentCommandLine":"svchost.exe -k DcomLaunch"}
{"provider":"Microsoft-Windows-Sysmon","event_id":13,"Level":"4","Task":"13","time_created":"2025-06-10T15:48:36.9401202Z","EventRecordID":"356767","ExecutionProcessID":"2972","ExecutionThreadID":"2480","Channel":"Microsoft-Windows-Sysmon/Operational","host":"APP-01.kestrelag.com","Computer":"APP-01.kestrelag.com","RuleName":"-","EventType":"SetValue","UtcTime":"2025-06-10 15:48:36.940","ProcessGuid":"{01eec844-30d1-6844-0496-deb55c9a5dde}","ProcessId":"2956","Image":"C:\\Windows\\System32\\svchost.exe","User":"NT AUTHORITY\\SYSTEM","TargetObject":"HKLM\\SOFTWARE\\Microsoft\\Windows Defender\\Real-Time Protection\\DisableRealtimeMonitoring","Details":"DWORD (0x00000000)"}
{"provider":"Microsoft-Windows-Sysmon","event_id":10,"Level":"4","Task":"10","time_created":"2025-06-10T15:48:47.1056307Z","EventRecordID":"184280","ExecutionProcessID":"1836","ExecutionThreadID":"2452","Channel":"Microsoft-Windows-Sysmon/Operational","host":"FS-01.kestrelag.com","Computer":"FS-01.kestrelag.com","RuleName":"-","UtcTime":"2025-06-10 15:48:47.105","SourceProcessGUID":"{73626057-6a4d-6830-573e-775c161b88f4}","SourceProcessId":"3448","SourceImage":"C:\\Windows\\System32\\services.exe","SourceThreadId":"5124","SourceUser":"NT AUTHORITY\\SYSTEM","TargetProcessGUID":"{73626057-6a4e-6830-c8d4-3dd19f8e8c46}","TargetProcessId":"3468","TargetImage":"C:\\Windows\\System32\\lsass.exe","TargetUser":"NT AUTHORITY\\SYSTEM","GrantedAccess":"0x1000","CallTrace":"C:\\Windows\\SYSTEM32\\ntdll.dll+9DCE7"}
{"provider":"Microsoft-Windows-Sysmon","event_id":10,"Level":"4","Task":"10","time_created":"2025-06-10T15:48:56.5206926Z","EventRecordID":"112947","ExecutionProcessID":"2824","ExecutionThreadID":"1464","Channel":"Microsoft-Windows-Sysmon/Operational","host":"DC-01.kestrelag.com","Computer":"DC-01.kestrelag.com","RuleName":"-","UtcTime":"2025-06-10 15:48:56.520","SourceProcessGUID":"{83eb9c06-3c61-6840-e2f7-569dfe3d2d4c}","SourceProcessId":"2428","SourceImage":"C:\\Windows\\System32\\wbem\\WmiPrvSE.exe","SourceThreadId":"4948","SourceUser":"NT AUTHORITY\\NETWORK SERVICE","TargetProcessGUID":"{83eb9c06-3c50-6840-0540-37d27b762555}","TargetProcessId":"2352","TargetImage":"C:\\Windows\\System32\\svchost.exe","TargetUser":"NT AUTHORITY\\SYSTEM","GrantedAccess":"0x1000","CallTrace":"C:\\Windows\\SYSTEM32\\ntdll.dll+9C4DC|C:\\Windows\\SYSTEM32\\KERNELBASE.dll+2ED1E|C:\\Windows\\SYSTEM32\\combase.dll+29E3E"}
{"provider":"Microsoft-Windows-Sysmon","event_id":13,"Level":"4","Task":"13","time_created":"2025-06-10T15:48:59.9206839Z","EventRecordID":"112952","ExecutionProcessID":"2824","ExecutionThreadID":"4732","Channel":"Microsoft-Windows-Sysmon/Operational","host":"DC-01.kestrelag.com","Computer":"DC-01.kestrelag.com","RuleName":"-","EventType":"SetValue","UtcTime":"2025-06-10 15:48:59.920","ProcessGuid":"{83eb9c06-3c58-6840-02ee-5fa814203eb4}","ProcessId":"2400","Image":"C:\\Windows\\System32\\svchost.exe","User":"NT AUTHORITY\\SYSTEM","TargetObject":"HKLM\\SOFTWARE\\Microsoft\\Windows\\CurrentVersion\\Component Based Servicing\\Packages\\Package_for_DotNetRollup~31bf3856ad364e35~amd64~~10.0.17763.25\\CurrentState","Details":"DWORD (0x00000070)"}
{"provider":"Microsoft-Windows-Sysmon","event_id":1,"Level":"4","Task":"1","time_created":"2025-06-10T15:49:16.9298022Z","EventRecordID":"184324","ExecutionProcessID":"1836","ExecutionThreadID":"2228","Channel":"Microsoft-Windows-Sysmon/Operational","host":"FS-01.kestrelag.com","Computer":"FS-01.kestrelag.com","RuleName":"-","UtcTime":"2025-06-10 15:49:16.929","ProcessGuid":"{73626057-53fc-6848-6fc4-f2161f0531b9}","ProcessId":"7920","Image":"C:\\Windows\\System32\\usoclient.exe","FileVersion":"10.0.17763.1","Description":"Update Session Orchestrator","Product":"Microsoft Windows Operating System","Company":"Microsoft Corporation","OriginalFileName":"UsoClient.exe","CommandLine":"usoclient.exe StartScan","CurrentDirectory":"C:\\Windows\\System32\\","User":"NT AUTHORITY\\SYSTEM","LogonGuid":"{67f6c453-3625-42d1-adcd-099656740ac3}","LogonId":"0x3e7","TerminalSessionId":"0","IntegrityLevel":"System","Hashes":"SHA1=C767054065B19A5450CFF1749D104FBB9EBBCF35,MD5=F42F3909AC031B335F1E786FB6BF598C,SHA256=43E9AAA397C85442B996052AF581B6B049EF03E4716AC3525AA695AA41967FCF,IMPHASH=E27D3E9AB8E8FD24AB0E373C60BBF32B","ParentProcessGuid":"{73626057-6a5a-6830-2671-56bfecc8d643}","ParentProcessId":"3596","ParentImage":"C:\\Windows\\System32\\svchost.exe","ParentCommandLine":"svchost.exe -k wusvcs"}
{"provider":"Microsoft-Windows-Sysmon","event_id":13,"Level":"4","Task":"13","time_created":"2025-06-10T15:49:45.4616932Z","EventRecordID":"356769","ExecutionProcessID":"2972","ExecutionThreadID":"1868","Channel":"Microsoft-Windows-Sysmon/Operational","host":"APP-01.kestrelag.com","Computer":"APP-01.kestrelag.com","RuleName":"-","EventType":"SetValue","UtcTime":"2025-06-10 15:49:45.461","ProcessGuid":"{01eec844-30cb-6844-c713-342d9b6db6df}","ProcessId":"2896","Image":"C:\\Windows\\System32\\services.exe","User":"NT AUTHORITY\\SYSTEM","TargetObject":"HKLM\\SOFTWARE\\Microsoft\\Windows\\CurrentVersion\\Component Based Servicing\\Packages\\Package_for_KB5034122~31bf3856ad364e35~amd64~~10.0.17763.31\\CurrentState","Details":"DWORD (0x00000070)"}
