{"provider":"Microsoft-Windows-Sysmon","event_id":5,"Level":"4","Task":"5","time_created":"2025-06-10T17:02:49.9363215Z","EventRecordID":"185167","ExecutionProcessID":"1836","ExecutionThreadID":"2272","Channel":"Microsoft-Windows-Sysmon/Operational","host":"FS-01.kestrelag.com","Computer":"FS-01.kestrelag.com","RuleName":"-","UtcTime":"2025-06-10 17:02:49.936","ProcessGuid":"{73626057-4adf-6848-263a-78ace2365b87}","ProcessId":"7768","Image":"C:\\Windows\\System32\\MpCmdRun.exe","User":"NT AUTHORITY\\SYSTEM"}
{"provider":"Microsoft-Windows-Sysmon","event_id":10,"Level":"4","Task":"10","time_created":"2025-06-10T17:03:04.0299691Z","EventRecordID":"357405","ExecutionProcessID":"2972","ExecutionThreadID":"2480","Channel":"Microsoft-Windows-Sysmon/Operational","host":"APP-01.kestrelag.com","Computer":"APP-01.kestrelag.com","RuleName":"-","UtcTime":"2025-06-10 17:03:04.029","SourceProcessGUID":"{01eec844-30ca-6844-0f9a-f707423126a3}","SourceProcessId":"2840","SourceImage":"C:\\Windows\\System32\\csrss.exe","SourceThreadId":"4596","SourceUser":"NT AUTHORITY\\SYSTEM","TargetProcessGUID":"{01eec844-30cd-6844-c713-1b75a798d3f0}","TargetProcessId":"2916","TargetImage":"C:\\Windows\\System32\\lsass.exe","TargetUser":"NT AUTHORITY\\SYSTEM","GrantedAccess":"0x1000","CallTrace":"C:\\Windows\\SYSTEM32\\ntdll.dll+9EB3C|C:\\Windows\\SYSTEM32\\KERNELBASE.dll+2D5FD|C:\\Windows\\SYSTEM32\\advapi32.dll+4A7EB"}
{"provider":"Microsoft-Windows-Sysmon","event_id":10,"Level":"4","Task":"10","time_created":"2025-06-10T17:03:05.6362781Z","EventRecordID":"185168","ExecutionProcessID":"1836","ExecutionThreadID":"2452","Channel":"Microsoft-Windows-Sysmon/Operational","host":"FS-01.kestrelag.com","Computer":"FS-01.kestrelag.com","RuleName":"-","UtcTime":"2025-06-10 17:03:05.636","SourceProcessGUID":"{73626057-6a4b-6830-674c-1c842456b1a8}","SourceProcessId":"3424","SourceImage":"C:\\Windows\\System32\\csrss.exe","SourceThreadId":"9520","SourceUser":"NT AUTHORITY\\SYSTEM","TargetProcessGUID":"{73626057-6a53-6830-7239-531b408f7c72}","TargetProcessId":"3508","TargetImage":"C:\\Windows\\System32\\svchost.exe","TargetUser":"NT AUTHORITY\\SYSTEM","GrantedAccess":"0x1000","CallTrace":"C:\\Windows\\SYSTEM32\\ntdll.dll+9DFFA|C:\\Windows\\SYSTEM32\\KERNELBASE.dll+2D2EE|C:\\Windows\\SYSTEM32\\combase.dll+2931D"}
{"provider":"Microsoft-Windows-Sysmon","event_id":13,"Level":"4","Task":"13","time_created":"2025-06-10T17:03:08.6060022Z","EventRecordID":"185174","ExecutionProcessID":"1836","ExecutionThreadID":"2272","Channel":"Microsoft-Windows-Sysmon/Operational","host":"FS-01.kestrelag.com","Computer":"FS-01.kestrelag.com","RuleName":"-","EventType":"SetValue","UtcTime":"2025-06-10 17:03:08.606","ProcessGuid":"{73626057-6a63-6830-9aca-5aafa96f6427}","ProcessId":"3772","Image":"C:\\Windows\\System32\\msiexec.exe","User":"NT AUTHORITY\\SYSTEM","TargetObject":"HKLM\\SOFTWARE\\Microsoft\\Windows\\CurrentVersion\\Component Based Servicing\\Packages\\Package_for_ServicingStack~31bf3856ad364e35~amd64~~10.0.17763.38\\CurrentState","Details":"DWORD (0x00000070)"}
{"provider":"Microsoft-Windows-Sysmon","event_id":10,"Level":"4","Task":"10","time_created":"2025-06-10T17:03:12.5461421Z","EventRecordID":"114850","ExecutionProcessID":"2824","ExecutionThreadID":"1464","Channel":"Microsoft-Windows-Sysmon/Operational","host":"DC-01.kestrelag.com","Computer":"DC-01.kestrelag.com","RuleName":"-","UtcTime":"2025-06-10 17:03:12.546","SourceProcessGUID":"{83eb9c06-3c62-6840-706a-7953947a2634}","SourceProcessId":"2432","SourceImage":"C:\\Windows\\System32\\dllhost.exe","SourceThreadId":"3612","SourceUser":"NT AUTHORITY\\SYSTEM","TargetProcessGUID":"{83eb9c06-3c6e-6840-a821-9a16dd0d7358}","TargetProcessId":"2504","TargetImage":"C:\\Windows\\System32\\winlogon.exe","TargetUser":"NT AUTHORITY\\SYSTEM","GrantedAccess":"0x1400","CallTrace":"C:\\Windows\\SYSTEM32\\ntdll.dll+9E4A8"}
{"provider":"Microsoft-Windows-Sysmon","event_id":13,"Level":"4","Task":"13","time_created":"2025-06-10T17:03:19.3584888Z","EventRecordID":"357407","ExecutionProcessID":"2972","ExecutionThreadID":"2480","Channel":"Microsoft-Windows-Sysmon/Operational","host":"APP-01.kestrelag.com","Computer":"APP-01.kestrelag.com","RuleName":"-","EventType":"SetValue","UtcTime":"2025-06-10 17:03:19.358","ProcessGuid":"{01eec844-30da-6844-6c9a-d9ae4bf081f3}","ProcessId":"3192","Image":"C:\\Windows\\System32\\svchost.exe","User":"NT AUTHORITY\\SYSTEM","TargetObject":"HKLM\\SOFTWARE\\Microsoft\\Windows\\CurrentVersion\\Component Based Servicing\\Packages\\Package_for_RollupFix~31bf3856ad364e35~amd64~~10.0.17763.47\\CurrentState","Details":"DWORD (0x00000070)"}
{"provider":"Microsoft-Windows-Sysmon","event_id":10,"Level":"4","Task":"10","time_created":"2025-06-10T17:03:21.1706002Z","EventRecordID":"114857","ExecutionProcessID":"2824","ExecutionThreadID":"4732","Channel":"Microsoft-Windows-Sysmon/Operational","host":"DC-01.kestrelag.com","Computer":"DC-01.kestrelag.com","RuleName":"-","UtcTime":"2025-06-10 17:03:21.170","SourceProcessGUID":"{83eb9c06-3c4d-6840-c63b-d50a7f627ba6}","SourceProcessId":"2332","SourceImage":"C:\\Windows\\System32\\services.exe","SourceThreadId":"8984","SourceUser":"NT AUTHORITY\\SYSTEM","TargetProcessGUID":"{83eb9c06-3c4c-6840-9a7d-d55929bf8c83}","TargetProcessId":"2336","TargetImage":"C:\\Windows\\System32\\lsass.exe","TargetUser":"NT AUTHORITY\\SYSTEM","GrantedAccess":"0x1400","CallTrace":"C:\\Windows\\SYSTEM32\\ntdll.dll+9D88D|C:\\Windows\\SYSTEM32\\KERNELBASE.dll+2CA14|C:\\Windows\\SYSTEM32\\kernel32.dll+1CDA2"}
{"provider":"Microsoft-Windows-Sysmon","event_id":13,"Level":"4","Task":"13","time_created":"2025-06-10T17:03:40.7863150Z","EventRecordID":"185187","ExecutionProcessID":"1836","ExecutionThreadID":"2228","Channel":"Microsoft-Windows-Sysmon/Operational","host":"FS-01.kestrelag.com","Computer":"FS-01.kestrelag.com","RuleName":"-","EventType":"SetValue","UtcTime":"2025-06-10 17:03:40.786","ProcessGuid":"{73626057-6a4d-6830-573e-775c161b88f4}","ProcessId":"3448","Image":"C:\\Windows\\System32\\services.exe","User":"NT AUTHORITY\\SYSTEM","TargetObject":"HKLM\\SOFTWARE\\Microsoft\\Windows\\CurrentVersion\\Component Based Servicing\\Packages\\Package_for_ServicingStack~31bf3856ad364e35~amd64~~10.0.17763.51\\CurrentState","Details":"DWORD (0x00000070)"}
{"provider":"Microsoft-Windows-Sysmon","event_id":22,"Level":"4","Task":"22","time_created":"2025-06-10T17:03:43.0154558Z","EventRecordID":"114862","ExecutionProcessID":"2824","ExecutionThreadID":"4732","Channel":"Microsoft-Windows-Sysmon/Operational","host":"DC-01.kestrelag.com","Computer":"DC-01.kestrelag.com","RuleName":"-","UtcTime":"2025-06-10 17:03:43.015","ProcessGuid":"{83eb9c06-3c53-6840-9b79-f1e262f44f72}","ProcessId":"2372","QueryName":"desktop.dropbox.com","QueryStatus":"0","QueryResults":"162.125.6.22;162.125.7.22;","Image":"C:\\Windows\\System32\\svchost.exe","User":"NT AUTHORITY\\LOCAL SERVICE"}
{"provider":"Microsoft-Windows-Sysmon","event_id":3,"Level":"4","Task":"3","time_created":"2025-06-10T17:03:43.2747050Z","EventRecordID":"114865","ExecutionProcessID":"2824","ExecutionThreadID":"4732","Channel":"Microsoft-Windows-Sysmon/Operational","host":"DC-01.kestrelag.com","Computer":"DC-01.kestrelag.com","RuleName":"-","UtcTime":"2025-06-10 17:03:43.274","ProcessGuid":"{83eb9c06-3c53-6840-9b79-f1e262f44f72}","ProcessId":"2372","Image":"C:\\Windows\\System32\\svchost.exe","User":"NT AUTHORITY\\LOCAL SERVICE","Protocol":"udp","Initiated":"true","SourceIsIpv6":"false","SourceIp":"10.20.20.10","SourceHostname":"DC-01.kestrelag.com","SourcePort":"54147","SourcePortName":"-","DestinationIsIpv6":"false","DestinationIp":"10.20.20.10","DestinationHostname":"DC-01.kestrelag.com","DestinationPort":"53","DestinationPortName":"domain"}
{"provider":"Microsoft-Windows-Sysmon","event_id":1,"Level":"4","Task":"1","time_created":"2025-06-10T17:03:58.7921348Z","EventRecordID":"185189","ExecutionProcessID":"1836","ExecutionThreadID":"2452","Channel":"Microsoft-Windows-Sysmon/Operational","host":"FS-01.kestrelag.com","Computer":"FS-01.kestrelag.com","RuleName":"-","UtcTime":"2025-06-10 17:03:58.792","ProcessGuid":"{73626057-657e-6848-8df9-9a8bc43165cb}","ProcessId":"8084","Image":"C:\\Windows\\System32\\wbem\\WmiPrvSE.exe","FileVersion":"10.0.17763.1","Description":"WMI Provider Host","Product":"Microsoft Windows Operating System","Company":"Microsoft Corporation","OriginalFileName":"WmiPrvSE.exe","CommandLine":"WmiPrvSE.exe -secured -Embedding","CurrentDirectory":"C:\\Windows\\System32\\","User":"NT AUTHORITY\\SYSTEM","LogonGuid":"{67f6c453-3625-42d1-adcd-099656740ac3}","LogonId":"0x3e7","TerminalSessionId":"0","IntegrityLevel":"System","Hashes":"SHA1=6AD156D08BB4F9B25234F96E34E653FD71462DB9,MD5=30A5B57A08718348FAB95C22B5AECB52,SHA256=41F3A56D4D7DE7B7E4D6F1A6EAB3F159A1E5C8210760E3507918D6055AD0F8CF,IMPHASH=CDFFA5B4AF7AA0CE617D43ED10715987","ParentProcessGuid":"{73626057-6a4f-6830-1ee0-9725ace3e290}","ParentProcessId":"3496","ParentImage":"C:\\Windows\\System32\\svchost.exe","ParentCommandLine":"svchost.exe -k DcomLaunch"}
{"provider":"Microsoft-Windows-Sysmon","event_id":1,"Level":"4","Task":"1","time_created":"2025-06-10T17:04:03.0186179Z","EventRecordID":"114871","ExecutionProcessID":"2824","ExecutionThreadID":"1464","Channel":"Microsoft-Windows-Sysmon/Operational","host":"DC-01.kestrelag.com","Computer":"DC-01.kestrelag.com","RuleName":"-","UtcTime":"2025-06-10 17:04:03.018","ProcessGuid":"{83eb9c06-6583-6848-d882-f98b36f2b4da}","ProcessId":"8844","Image":"C:\\Windows\\System32\\conhost.exe","FileVersion":"10.0.17763.1","Description":"Console Window Host","Product":"Microsoft Windows Operating System","Company":"Microsoft Corporation","OriginalFileName":"conhost.exe","CommandLine":"\\??\\C:\\Windows\\system32\\conhost.exe 0xffffffff -ForceV1","CurrentDirectory":"C:\\Windows\\System32\\","User":"NT AUTHORITY\\SYSTEM","LogonGuid":"{a3d8ed8f-60dc-4557-8c5a-6fda4ef39281}","LogonId":"0x3e7","TerminalSessionId":"0","IntegrityLevel":"System","Hashes":"SHA1=557074AD8C63724D84703B56EC227FDE3FB2489A,MD5=DCB5E59D04CEF4B56E122A414818296C,SHA256=75F4776894793D4C6031A15418D586152AFD71CD2FB299182FCCB695A83E3403,IMPHASH=C0DA3B1C668315577E451FFE623DA443","ParentProcessGuid":"{83eb9c06-3c4b-6840-8c8c-98abbd047e91}","ParentProcessId":"2252","ParentImage":"C:\\Windows\\System32\\csrss.exe","ParentCommandLine":"csrss.exe"}
{"provider":"Microsoft-Windows-Sysmon","event_id":5,"Level":"4","Task":"5","time_created":"2025-06-10T17:04:08.3608446Z","EventRecordID":"185195","ExecutionProcessID":"1836","ExecutionThreadID":"2452","Channel":"Microsoft-Windows-Sysmon/Operational","host":"FS-01.kestrelag.com","Computer":"FS-01.kestrelag.com","RuleName":"-","UtcTime":"2025-06-10 17:04:08.360","ProcessGuid":"{73626057-41a3-6848-68e8-f66b7e4306b6}","ProcessId":"7472","Image":"C:\\Windows\\System32\\dllhost.exe","User":"NT AUTHORITY\\SYSTEM"}
{"provider":"Microsoft-Windows-Sysmon","event_id":13,"Level":"4","Task":"13","time_created":"2025-06-10T17:04:14.0532049Z","EventRecordID":"357408","ExecutionProcessID":"2972","ExecutionThreadID":"2480","Channel":"Microsoft-Windows-Sysmon/Operational","host":"APP-01.kestrelag.com","Computer":"APP-01.kestrelag.com","RuleName":"-","EventType":"SetValue","UtcTime":"2025-06-10 17:04:14.053","ProcessGuid":"{01eec844-30d2-6844-7a3f-d4ef5bf38d7d}","ProcessId":"3076","Image":"C:\\Windows\\System32\\svchost.exe","User":"NT AUTHORITY\\NETWORK SERVICE","TargetObject":"HKLM\\SYSTEM\\CurrentControlSet\\Services\\SharedAccess\\Parameters\\FirewallPolicy\\StandardProfile\\EnableFirewall","Details":"DWORD (0x00000001)"}
{"provider":"Microsoft-Windows-Sysmon","event_id":10,"Level":"4","Task":"10","time_created":"2025-06-10T17:04:20.6652308Z","EventRecordID":"114878","ExecutionProcessID":"2824","ExecutionThreadID":"4732","Channel":"Microsoft-Windows-Sysmon/Operational","host":"DC-01.kestrelag.com","Computer":"DC-01.kestrelag.com","RuleName":"-","UtcTime":"2025-06-10 17:04:20.665","SourceProcessGUID":"{83eb9c06-3c4d-6840-c63b-d50a7f627ba6}","SourceProcessId":"2332","SourceImage":"C:\\Windows\\System32\\services.exe","SourceThreadId":"6236","SourceUser":"NT AUTHORITY\\SYSTEM","TargetProcessGUID":"{83eb9c06-3c4c-6840-9a7d-d55929bf8c83}","TargetProcessId":"2336","TargetImage":"C:\\Windows\\System32\\lsass.exe","TargetUser":"NT AUTHORITY\\SYSTEM","GrantedAccess":"0x0400","CallTrace":"C:\\Windows\\SYSTEM32\\ntdll.dll+9E4A8"}
{"provider":"Microsoft-Windows-Sysmon","event_id":1,"Level":"4","Task":"1","time_created":"2025-06-10T17:04:39.4356043Z","EventRecordID":"185199","ExecutionProcessID":"1836","ExecutionThreadID":"2452","Channel":"Microsoft-Windows-Sysmon/Operational","host":"FS-01.kestrelag.com","Computer":"FS-01.kestrelag.com","RuleName":"-","UtcTime":"2025-06-10 17:04:39.435","ProcessGuid":"{73626057-65a7-6848-88f5-11b689c09522}","ProcessId":"8352","Image":"C:\\Windows\\System32\\cleanmgr.exe","FileVersion":"10.0.17763.1","Description":"Disk Cleanup","Product":"Microsoft Windows Operating System","Company":"Microsoft Corporation","OriginalFileName":"cleanmgr.exe","CommandLine":"cleanmgr.exe /autoclean /d C:","CurrentDirectory":"C:\\Windows\\System32\\","User":"NT AUTHORITY\\SYSTEM","LogonGuid":"{67f6c453-3625-42d1-adcd-099656740ac3}","LogonId":"0x3e7","TerminalSessionId":"0","IntegrityLevel":"System","Hashes":"SHA1=3D2AA385720473B59BC1A4F9709023CB0029A3AC,MD5=A3774821A257B6620E8354D0D029AEAA,SHA256=540F1996DE0094BA0631C68B82E0DC128FA3348B35871F96E3A4CB92A9A2BE92,IMPHASH=1B5DFDBF8277736718091410D3161B05","ParentProcessGuid":"{73626057-6a53-6830-7239-531b408f7c72}","ParentProcessId":"3508","ParentImage":"C:\\Windows\\System32\\svchost.exe","ParentCommandLine":"svchost.exe -k LocalSystem"}
{"provider":"Microsoft-Windows-Sysmon","event_id":13,"Level":"4","Task":"13","time_created":"2025-06-10T17:04:45.5288840Z","EventRecordID":"357414","ExecutionProcessID":"2972","ExecutionThreadID":"2480","Channel":"Microsoft-Windows-Sysmon/Operational","host":"APP-01.kestrelag.com","Computer":"APP-01.kestrelag.com","RuleName":"-","EventType":"SetValue","UtcTime":"2025-06-10 17:04:45.528","ProcessGuid":"{01eec844-30e1-6844-bbcd-f1dd6bed83e8}","ProcessId":"3312","Image":"C:\\Windows\\System32\\msiexec.exe","User":"NT AUTHORITY\\SYSTEM","TargetObject":"HKLM\\SOFTWARE\\Microsoft\\Windows\\CurrentVersion\\Component Based Servicing\\PackagesPending\\TrustedInstaller","Details":"DWORD (0x00000001)"}
{"provider":"Microsoft-Windows-Sysmon","event_id":5,"Level":"4","Task":"5","time_created":"2025-06-10T17:04:49.2357817Z","EventRecordID":"185201","ExecutionProcessID":"1836","ExecutionThreadID":"2272","Channel":"Microsoft-Windows-Sysmon/Operational","host":"FS-01.kestrelag.com","Computer":"FS-01.kestrelag.com","RuleName":"-","UtcTime":"2025-06-10 17:04:49.235","ProcessGuid":"{73626057-497e-6848-83d2-17a70bb78afc}","ProcessId":"7756","Image":"C:\\Windows\\System32\\wsqmcons.exe","User":"NT AUTHORITY\\SYSTEM"}
{"provider":"Microsoft-Windows-Sysmon","event_id":13,"Level":"4","Task":"13","time_created":"2025-06-10T17:04:49.7212768Z","EventRecordID":"114885","ExecutionProcessID":"2824","ExecutionThreadID":"4208","Channel":"Microsoft-Windows-Sysmon/Operational","host":"DC-01.kestrelag.com","Computer":"DC-01.kestrelag.com","RuleName":"-","EventType":"SetValue","UtcTime":"2025-06-10 17:04:49.721","ProcessGuid":"{83eb9c06-3c58-6840-02ee-5fa814203eb4}","ProcessId":"2400","Image":"C:\\Windows\\System32\\svchost.exe","User":"NT AUTHORITY\\SYSTEM","TargetObject":"HKLM\\SOFTWARE\\Microsoft\\Windows\\CurrentVersion\\Component Based Servicing\\Packages\\Package_for_RollupFix~31bf3856ad364e35~amd64~~10.0.17763.57\\CurrentState","Details":"DWORD (0x00000070)"}
{"provider":"Microsoft-Windows-Sysmon","event_id":13,"Level":"4","Task":"13","time_created":"2025-06-10T17:05:19.2149033Z","EventRecordID":"114891","ExecutionProcessID":"2824","ExecutionThreadID":"4732","Channel":"Microsoft-Windows-Sysmon/Operational","host":"DC-01.kestrelag.com","Computer":"DC-01.kestrelag.com","RuleName":"-","EventType":"SetValue","UtcTime":"2025-06-10 17:05:19.214","ProcessGuid":"{83eb9c06-3c4d-6840-c63b-d50a7f627ba6}","ProcessId":"2332","Image":"C:\\Windows\\System32\\services.exe","User":"NT AUTHORITY\\SYSTEM","TargetObject":"HKLM\\SOFTWARE\\Microsoft\\Windows\\CurrentVersion\\Component Based Servicing\\PackagesPending\\TrustedInstaller","Details":"DWORD (0x00000001)"}
{"provider":"Microsoft-Windows-Sysmon","event_id":10,"Level":"4","Task":"10","time_created":"2025-06-10T17:05:37.7432941Z","EventRecordID":"114892","ExecutionProcessID":"2824","ExecutionThreadID":"1464","Channel":"Microsoft-Windows-Sysmon/Operational","host":"DC-01.kestrelag.com","Computer":"DC-01.kestrelag.com","RuleName":"-","UtcTime":"2025-06-10 17:05:37.743","SourceProcessGUID":"{83eb9c06-3c61-6840-e2f7-569dfe3d2d4c}","SourceProcessId":"2428","SourceImage":"C:\\Windows\\System32\\wbem\\WmiPrvSE.exe","SourceThreadId":"8304","SourceUser":"NT AUTHORITY\\NETWORK SERVICE","TargetProcessGUID":"{83eb9c06-3c50-6840-0540-37d27b762555}","TargetProcessId":"2352","TargetImage":"C:\\Windows\\System32\\svchost.exe","TargetUser":"NT AUTHORITY\\SYSTEM","GrantedAccess":"0x1400","CallTrace":"C:\\Windows\\SYSTEM32\\ntdll.dll+9DA41|C:\\Windows\\SYSTEM32\\KERNELBASE.dll+2DD3E|C:\\Windows\\SYSTEM32\\advapi32.dll+4C3AA"}
{"provider":"Microsoft-Windows-Sysmon","event_id":13,"Level":"4","Task":"13","time_created":"2025-06-10T17:05:43.8786813Z","EventRecordID":"114898","ExecutionProcessID":"2824","ExecutionThreadID":"1464","Channel":"Microsoft-Windows-Sysmon/Operational","host":"DC-01.kestrelag.com","Computer":"DC-01.kestrelag.com","RuleName":"-","EventType":"SetValue","UtcTime":"2025-06-10 17:05:43.878","ProcessGuid":"{83eb9c06-3c50-6840-fff0-b83914b1f523}","ProcessId":"2368","Image":"C:\\Windows\\System32\\svchost.exe","User":"NT AUTHORITY\\NETWORK SERVICE","TargetObject":"HKLM\\SYSTEM\\CurrentControlSet\\Services\\Netlogon\\Parameters\\DynamicSiteName","Details":"Default-First-Site-Name"}
{"provider":"Microsoft-Windows-Sysmon","event_id":1,"Level":"4","Task":"1","time_created":"2025-06-10T17:05:58.5710386Z","EventRecordID":"357417","ExecutionProcessID":"2972","ExecutionThreadID":"2568","Channel":"Microsoft-Windows-Sysmon/Operational","host":"APP-01.kestrelag.com","Computer":"APP-01.kestrelag.com","RuleName":"-","UtcTime":"2025-06-10 17:05:58.571","ProcessGuid":"{01eec844-65f6-6848-7ec4-39244d7de867}","ProcessId":"7512","Image":"C:\\Windows\\System32\\conhost.exe","FileVersion":"10.0.17763.1","Description":"Console Window Host","Product":"Microsoft Windows Operating System","Company":"Microsoft Corporation","OriginalFileName":"conhost.exe","CommandLine":"conhost.exe 0x4","CurrentDirectory":"C:\\Windows\\System32\\","User":"NT AUTHORITY\\SYSTEM","LogonGuid":"{6e80e2f9-de2b-480b-83cd-330a62b589f6}","LogonId":"0x3e7","TerminalSessionId":"0","IntegrityLevel":"System","Hashes":"SHA1=557074AD8C63724D84703B56EC227FDE3FB2489A,MD5=DCB5E59D04CEF4B56E122A414818296C,SHA256=75F4776894793D4C6031A15418D586152AFD71CD2FB299182FCCB695A83E3403,IMPHASH=C0DA3B1C668315577E451FFE623DA443","ParentProcessGuid":"{01eec844-30ca-6844-0f9a-f707423126a3}","ParentProcessId":"2840","ParentImage":"C:\\Windows\\System32\\csrss.exe","ParentCommandLine":"csrss.exe"}
{"provider":"Microsoft-Windows-Sysmon","event_id":3,"Level":"4","Task":"3","time_created":"2025-06-10T17:06:15.9371131Z","EventRecordID":"357418","ExecutionProcessID":"2972","ExecutionThreadID":"2480","Channel":"Microsoft-Windows-Sysmon/Operational","host":"APP-01.kestrelag.com","Computer":"APP-01.kestrelag.com","RuleName":"-","UtcTime":"2025-06-10 17:06:15.937","ProcessGuid":"{01eec844-30d2-6844-7a3f-d4ef5bf38d7d}","ProcessId":"3076","Image":"C:\\Windows\\System32\\svchost.exe","User":"NT AUTHORITY\\NETWORK SERVICE","Protocol":"tcp","Initiated":"true","SourceIsIpv6":"false","SourceIp":"10.20.20.30","SourceHostname":"APP-01.kestrelag.com","SourcePort":"54565","SourcePortName":"-","DestinationIsIpv6":"false","DestinationIp":"52.84.151.88","DestinationHostname":"hpia.hpcloud.hp.com","DestinationPort":"443","DestinationPortName":"https"}
{"provider":"Microsoft-Windows-Sysmon","event_id":13,"Level":"4","Task":"13","time_created":"2025-06-10T17:06:21.8660446Z","EventRecordID":"114900","ExecutionProcessID":"2824","ExecutionThreadID":"4732","Channel":"Microsoft-Windows-Sysmon/Operational","host":"DC-01.kestrelag.com","Computer":"DC-01.kestrelag.com","RuleName":"-","EventType":"SetValue","UtcTime":"2025-06-10 17:06:21.866","ProcessGuid":"{83eb9c06-3c58-6840-02ee-5fa814203eb4}","ProcessId":"2400","Image":"C:\\Windows\\System32\\svchost.exe","User":"NT AUTHORITY\\SYSTEM","TargetObject":"HKLM\\SOFTWARE\\Microsoft\\Windows\\CurrentVersion\\Component Based Servicing\\Packages\\Package_for_DotNetRollup~31bf3856ad364e35~amd64~~10.0.17763.30\\CurrentState","Details":"DWORD (0x00000070)"}
{"provider":"Microsoft-Windows-Sysmon","event_id":7,"Level":"4","Task":"7","time_created":"2025-06-10T17:06:26.5351819Z","EventRecordID":"114902","ExecutionProcessID":"2824","ExecutionThreadID":"4732","Channel":"Microsoft-Windows-Sysmon/Operational","host":"DC-01.kestrelag.com","Computer":"DC-01.kestrelag.com","RuleName":"-","UtcTime":"2025-06-10 17:06:26.535","ProcessGuid":"{83eb9c06-bad5-6847-4ab3-9cb02fd7c0ee}","ProcessId":"2916","Image":"C:\\Windows\\System32\\taskhostw.exe","ImageLoaded":"C:\\Program Files\\Windows Defender Advanced Threat Protection\\SenseCncProxy.dll","FileVersion":"10.8049.22439.1065","Description":"Microsoft Defender for Endpoint Sensor Command Proxy","Product":"Microsoft Defender for Endpoint","Company":"Microsoft Corporation","OriginalFileName":"SenseCncProxy.dll","Hashes":"SHA1=80520C50C30D947A68E2E01E4B92DF5FF29928FA,MD5=D6395FA4C4ABC4A284744C04BC2C6207,SHA256=69D6A3AB75BCB21819F7D54E69E6BA2CB32C8E958F27473FD54099ADEB4BB353,IMPHASH=D775FDE08B202AEDA21B2DF864344D45","Signed":"true","Signature":"Microsoft Corporation","SignatureStatus":"Valid"}
{"provider":"Microsoft-Windows-Sysmon","event_id":10,"Level":"4","Task":"10","time_created":"2025-06-10T17:06:38.2190379Z","EventRecordID":"114906","ExecutionProcessID":"2824","ExecutionThreadID":"4732","Channel":"Microsoft-Windows-Sysmon/Operational","host":"DC-01.kestrelag.com","Computer":"DC-01.kestrelag.com","RuleName":"-","UtcTime":"2025-06-10 17:06:38.219","SourceProcessGUID":"{83eb9c06-3c5f-6840-2856-3cf6ef4a79e0}","SourceProcessId":"2424","SourceImage":"C:\\Windows\\System32\\SearchIndexer.exe","SourceThreadId":"6480","SourceUser":"NT AUTHORITY\\SYSTEM","TargetProcessGUID":"{83eb9c06-3c65-6840-52c8-3049fb56a6ba}","TargetProcessId":"2444","TargetImage":"C:\\Windows\\System32\\SearchProtocolHost.exe","TargetUser":"NT AUTHORITY\\SYSTEM","GrantedAccess":"0x1000","CallTrace":"C:\\Windows\\SYSTEM32\\ntdll.dll+9D760|C:\\Windows\\SYSTEM32\\KERNELBASE.dll+2CD11"}
{"provider":"Microsoft-Windows-Sysmon","event_id":5,"Level":"4","Task":"5","time_created":"2025-06-10T17:06:44.0489776Z","EventRecordID":"114907","ExecutionProcessID":"2824","ExecutionThreadID":"4732","Channel":"Microsoft-Windows-Sysmon/Operational","host":"DC-01.kestrelag.com","Computer":"DC-01.kestrelag.com","RuleName":"-","UtcTime":"2025-06-10 17:06:44.048","ProcessGuid":"{83eb9c06-45a1-6848-f00a-153c57f4615b}","ProcessId":"7724","Image":"C:\\Windows\\System32\\ismserv.exe","User":"NT AUTHORITY\\SYSTEM"}
{"provider":"Microsoft-Windows-Sysmon","event_id":1,"Level":"4","Task":"1","time_created":"2025-06-10T17:06:46.8715882Z","EventRecordID":"357434","ExecutionProcessID":"2972","ExecutionThreadID":"1868","Channel":"Microsoft-Windows-Sysmon/Operational","host":"APP-01.kestrelag.com","Computer":"APP-01.kestrelag.com","RuleName":"-","UtcTime":"2025-06-10 17:06:46.871","ProcessGuid":"{01eec844-6626-6848-64aa-52f3ddb5ee7c}","ProcessId":"7520","Image":"C:\\Windows\\System32\\wbem\\WmiPrvSE.exe","FileVersion":"10.0.17763.1","Description":"WMI Provider Host","Product":"Microsoft Windows Operating System","Company":"Microsoft Corporation","OriginalFileName":"WmiPrvSE.exe","CommandLine":"WmiPrvSE.exe -secured -Embedding","CurrentDirectory":"C:\\Windows\\System32\\","User":"NT AUTHORITY\\SYSTEM","LogonGuid":"{6e80e2f9-de2b-480b-83cd-330a62b589f6}","LogonId":"0x3e7","TerminalSessionId":"0","IntegrityLevel":"System","Hashes":"SHA1=6AD156D08BB4F9B25234F96E34E653FD71462DB9,MD5=30A5B57A08718348FAB95C22B5AECB52,SHA256=41F3A56D4D7DE7B7E4D6F1A6EAB3F159A1E5C8210760E3507918D6055AD0F8CF,IMPHASH=CDFFA5B4AF7AA0CE617D43ED10715987","ParentProcessGuid":"{01eec844-30cf-6844-0ccc-54da7a5d697b}","ParentProcessId":"2948","ParentImage":"C:\\Windows\\System32\\svchost.exe","ParentCommandLine":"svchost.exe -k DcomLaunch"}
{"provider":"Microsoft-Windows-Sysmon","event_id":1,"Level":"4","Task":"1","time_created":"2025-06-10T17:06:57.6473008Z","EventRecordID":"114911","ExecutionProcessID":"2824","ExecutionThreadID":"1464","Channel":"Microsoft-Windows-Sysmon/Operational","host":"DC-01.kestrelag.com","Computer":"DC-01.kestrelag.com","RuleName":"-","UtcTime":"2025-06-10 17:06:57.647","ProcessGuid":"{83eb9c06-6631-6848-f612-590e64ecf39c}","ProcessId":"9088","Image":"C:\\Windows\\System32\\cleanmgr.exe","FileVersion":"10.0.17763.1","Description":"Disk Cleanup","Product":"Microsoft Windows Operating System","Company":"Microsoft Corporation","OriginalFileName":"cleanmgr.exe","CommandLine":"cleanmgr.exe /autoclean /d C:","CurrentDirectory":"C:\\Windows\\System32\\","User":"NT AUTHORITY\\SYSTEM","LogonGuid":"{a3d8ed8f-60dc-4557-8c5a-6fda4ef39281}","LogonId":"0x3e7","TerminalSessionId":"0","IntegrityLevel":"System","Hashes":"SHA1=3D2AA385720473B59BC1A4F9709023CB0029A3AC,MD5=A3774821A257B6620E8354D0D029AEAA,SHA256=540F1996DE0094BA0631C68B82E0DC128FA3348B35871F96E3A4CB92A9A2BE92,IMPHASH=1B5DFDBF8277736718091410D3161B05","ParentProcessGuid":"{83eb9c06-3c50-6840-0540-37d27b762555}","ParentProcessId":"2352","ParentImage":"C:\\Windows\\System32\\svchost.exe","ParentCommandLine":"svchost.exe -k LocalSystem"}
{"provider":"Microsoft-Windows-Sysmon","event_id":13,"Level":"4","Task":"13","time_created":"2025-06-10T17:07:22.1244633Z","EventRecordID":"114913","ExecutionProcessID":"2824","ExecutionThreadID":"4732","Channel":"Microsoft-Windows-Sysmon/Operational","host":"DC-01.kestrelag.com","Computer":"DC-01.kestrelag.com","RuleName":"-","EventType":"SetValue","UtcTime":"2025-06-10 17:07:22.124","ProcessGuid":"{83eb9c06-3c4d-6840-c63b-d50a7f627ba6}","ProcessId":"2332","Image":"C:\\Windows\\System32\\services.exe","User":"NT AUTHORITY\\SYSTEM","TargetObject":"HKLM\\SOFTWARE\\Policies\\Microsoft\\Windows\\WindowsUpdate\\AU\\NoAutoUpdate","Details":"DWORD (0x00000000)"}
{"provider":"Microsoft-Windows-Sysmon","event_id":5,"Level":"4","Task":"5","time_created":"2025-06-10T17:07:28.4834102Z","EventRecordID":"114914","ExecutionProcessID":"2824","ExecutionThreadID":"4732","Channel":"Microsoft-Windows-Sysmon/Operational","host":"DC-01.kestrelag.com","Computer":"DC-01.kestrelag.com","RuleName":"-","UtcTime":"2025-06-10 17:07:28.483","ProcessGuid":"{83eb9c06-4d31-6848-3a7b-13730e97fc55}","ProcessId":"7672","Image":"C:\\Windows\\System32\\dllhost.exe","User":"NT AUTHORITY\\SYSTEM"}
{"provider":"Microsoft-Windows-Sysmon","event_id":13,"Level":"4","Task":"13","time_created":"2025-06-10T17:07:42.0242385Z","EventRecordID":"357438","ExecutionProcessID":"2972","ExecutionThreadID":"2568","Channel":"Microsoft-Windows-Sysmon/Operational","host":"APP-01.kestrelag.com","Computer":"APP-01.kestrelag.com","RuleName":"-","EventType":"SetValue","UtcTime":"2025-06-10 17:07:42.024","ProcessGuid":"{01eec844-30da-6844-6c9a-d9ae4bf081f3}","ProcessId":"3192","Image":"C:\\Windows\\System32\\svchost.exe","User":"NT AUTHORITY\\SYSTEM","TargetObject":"HKLM\\SOFTWARE\\Microsoft\\Windows\\CurrentVersion\\Component Based Servicing\\Packages\\Microsoft-Windows-Client-Features~31bf3856ad364e35~amd64~~10.0.17763.7\\CurrentState","Details":"DWORD (0x00000070)"}
{"provider":"Microsoft-Windows-Sysmon","event_id":5,"Level":"4","Task":"5","time_created":"2025-06-10T17:07:43.2919313Z","EventRecordID":"114916","ExecutionProcessID":"2824","ExecutionThreadID":"4732","Channel":"Microsoft-Windows-Sysmon/Operational","host":"DC-01.kestrelag.com","Computer":"DC-01.kestrelag.com","RuleName":"-","UtcTime":"2025-06-10 17:07:43.291","ProcessGuid":"{83eb9c06-426c-6848-864b-5b5c97c780d5}","ProcessId":"7928","Image":"C:\\Windows\\System32\\MpCmdRun.exe","User":"NT AUTHORITY\\SYSTEM"}
{"provider":"Microsoft-Windows-Sysmon","event_id":10,"Level":"4","Task":"10","time_created":"2025-06-10T17:07:50.2931895Z","EventRecordID":"114921","ExecutionProcessID":"2824","ExecutionThreadID":"4732","Channel":"Microsoft-Windows-Sysmon/Operational","host":"DC-01.kestrelag.com","Computer":"DC-01.kestrelag.com","RuleName":"-","UtcTime":"2025-06-10 17:07:50.293","SourceProcessGUID":"{83eb9c06-3c5f-6840-2856-3cf6ef4a79e0}","SourceProcessId":"2424","SourceImage":"C:\\Windows\\System32\\SearchIndexer.exe","SourceThreadId":"6000","SourceUser":"NT AUTHORITY\\SYSTEM","TargetProcessGUID":"{83eb9c06-3c65-6840-52c8-3049fb56a6ba}","TargetProcessId":"2444","TargetImage":"C:\\Windows\\System32\\SearchProtocolHost.exe","TargetUser":"NT AUTHORITY\\SYSTEM","GrantedAccess":"0x1000","CallTrace":"C:\\Windows\\SYSTEM32\\ntdll.dll+9E1F4|C:\\Windows\\SYSTEM32\\KERNELBASE.dll+2C737|C:\\Windows\\SYSTEM32\\wbemcomn.dll+16027"}
{"provider":"Microsoft-Windows-Sysmon","event_id":13,"Level":"4","Task":"13","time_created":"2025-06-10T17:07:53.9051086Z","EventRecordID":"185241","ExecutionProcessID":"1836","ExecutionThreadID":"2228","Channel":"Microsoft-Windows-Sysmon/Operational","host":"FS-01.kestrelag.com","Computer":"FS-01.kestrelag.com","RuleName":"-","EventType":"SetValue","UtcTime":"2025-06-10 17:07:53.905","ProcessGuid":"{73626057-6a5a-6830-2671-56bfecc8d643}","ProcessId":"3596","Image":"C:\\Windows\\System32\\svchost.exe","User":"NT AUTHORITY\\SYSTEM","TargetObject":"HKLM\\SOFTWARE\\Microsoft\\Windows\\CurrentVersion\\Component Based Servicing\\Packages\\Package_for_KB5034122~31bf3856ad364e35~amd64~~10.0.17763.48\\CurrentState","Details":"DWORD (0x00000070)"}
{"provider":"Microsoft-Windows-Sysmon","event_id":13,"Level":"4","Task":"13","time_created":"2025-06-10T17:08:15.4632117Z","EventRecordID":"185274","ExecutionProcessID":"1836","ExecutionThreadID":"2272","Channel":"Microsoft-Windows-Sysmon/Operational","host":"FS-01.kestrelag.com","Computer":"FS-01.kestrelag.com","RuleName":"-","EventType":"SetValue","UtcTime":"2025-06-10 17:08:15.463","ProcessGuid":"{73626057-6a4d-6830-573e-775c161b88f4}","ProcessId":"3448","Image":"C:\\Windows\\System32\\services.exe","User":"NT AUTHORITY\\SYSTEM","TargetObject":"HKLM\\SOFTWARE\\Microsoft\\Windows\\CurrentVersion\\Component Based Servicing\\Packages\\Package_for_KB5034122~31bf3856ad364e35~amd64~~10.0.17763.47\\CurrentState","Details":"DWORD (0x00000070)"}
{"provider":"Microsoft-Windows-Sysmon","event_id":5,"Level":"4","Task":"5","time_created":"2025-06-10T17:08:30.9244569Z","EventRecordID":"114925","ExecutionProcessID":"2824","ExecutionThreadID":"4732","Channel":"Microsoft-Windows-Sysmon/Operational","host":"DC-01.kestrelag.com","Computer":"DC-01.kestrelag.com","RuleName":"-","UtcTime":"2025-06-10 17:08:30.924","ProcessGuid":"{83eb9c06-3e79-6848-2d9b-f39a8c71fa0c}","ProcessId":"7288","Image":"C:\\Windows\\System32\\conhost.exe","User":"NT AUTHORITY\\SYSTEM"}
{"provider":"Microsoft-Windows-Sysmon","event_id":5,"Level":"4","Task":"5","time_created":"2025-06-10T17:08:52.2210161Z","EventRecordID":"114928","ExecutionProcessID":"2824","ExecutionThreadID":"4732","Channel":"Microsoft-Windows-Sysmon/Operational","host":"DC-01.kestrelag.com","Computer":"DC-01.kestrelag.com","RuleName":"-","UtcTime":"2025-06-10 17:08:52.221","ProcessGuid":"{83eb9c06-4751-6848-a1c0-96a0db158830}","ProcessId":"7548","Image":"C:\\Windows\\System32\\ismserv.exe","User":"NT AUTHORITY\\SYSTEM"}
{"provider":"Microsoft-Windows-Sysmon","event_id":1,"Level":"4","Task":"1","time_created":"2025-06-10T17:09:15.8491185Z","EventRecordID":"185280","ExecutionProcessID":"1836","ExecutionThreadID":"2452","Channel":"Microsoft-Windows-Sysmon/Operational","host":"FS-01.kestrelag.com","Computer":"FS-01.kestrelag.com","RuleName":"-","UtcTime":"2025-06-10 17:09:15.849","ProcessGuid":"{73626057-66bb-6848-c986-f01b30b29810}","ProcessId":"8036","Image":"C:\\Windows\\System32\\conhost.exe","FileVersion":"10.0.17763.1","Description":"Console Window Host","Product":"Microsoft Windows Operating System","Company":"Microsoft Corporation","OriginalFileName":"conhost.exe","CommandLine":"\\??\\C:\\Windows\\system32\\conhost.exe 0xffffffff -ForceV1","CurrentDirectory":"C:\\Windows\\System32\\","User":"NT AUTHORITY\\SYSTEM","LogonGuid":"{67f6c453-3625-42d1-adcd-099656740ac3}","LogonId":"0x3e7","TerminalSessionId":"0","IntegrityLevel":"System","Hashes":"SHA1=557074AD8C63724D84703B56EC227FDE3FB2489A,MD5=DCB5E59D04CEF4B56E122A414818296C,SHA256=75F4776894793D4C6031A15418D586152AFD71CD2FB299182FCCB695A83E3403,IMPHASH=C0DA3B1C668315577E451FFE623DA443","ParentProcessGuid":"{73626057-6a4b-6830-674c-1c842456b1a8}","ParentProcessId":"3424","ParentImage":"C:\\Windows\\System32\\csrss.exe","ParentCommandLine":"csrss.exe"}
{"provider":"Microsoft-Windows-Sysmon","event_id":5,"Level":"4","Task":"5","time_created":"2025-06-10T17:09:18.8786271Z","EventRecordID":"357444","ExecutionProcessID":"2972","ExecutionThreadID":"1868","Channel":"Microsoft-Windows-Sysmon/Operational","host":"APP-01.kestrelag.com","Computer":"APP-01.kestrelag.com","RuleName":"-","UtcTime":"2025-06-10 17:09:18.878","ProcessGuid":"{01eec844-3795-6848-6df3-dc7ddb98aad7}","ProcessId":"6584","Image":"C:\\Windows\\System32\\dllhost.exe","User":"NT AUTHORITY\\SYSTEM"}
{"provider":"Microsoft-Windows-Sysmon","event_id":13,"Level":"4","Task":"13","time_created":"2025-06-10T17:09:24.8930431Z","EventRecordID":"114933","ExecutionProcessID":"2824","ExecutionThreadID":"4732","Channel":"Microsoft-Windows-Sysmon/Operational","host":"DC-01.kestrelag.com","Computer":"DC-01.kestrelag.com","RuleName":"-","EventType":"SetValue","UtcTime":"2025-06-10 17:09:24.893","ProcessGuid":"{83eb9c06-3c66-6840-0ddf-1d7ef6a34cb6}","ProcessId":"2460","Image":"C:\\Windows\\System32\\msiexec.exe","User":"NT AUTHORITY\\SYSTEM","TargetObject":"HKLM\\SOFTWARE\\Microsoft\\Windows\\CurrentVersion\\Component Based Servicing\\Packages\\Microsoft-Windows-Client-Features~31bf3856ad364e35~amd64~~10.0.17763.44\\CurrentState","Details":"DWORD (0x00000070)"}
{"provider":"Microsoft-Windows-Sysmon","event_id":8,"Level":"4","Task":"8","time_created":"2025-06-10T17:09:37.2798198Z","EventRecordID":"357448","ExecutionProcessID":"2972","ExecutionThreadID":"2536","Channel":"Microsoft-Windows-Sysmon/Operational","host":"APP-01.kestrelag.com","Computer":"APP-01.kestrelag.com","RuleName":"-","UtcTime":"2025-06-10 17:09:37.279","SourceProcessGuid":"{01eec844-30dc-6844-1327-bfc2763e8f9c}","SourceProcessId":"3208","SourceImage":"C:\\ProgramData\\Microsoft\\Windows Defender\\Platform\\4.18.2301.6-0\\MsMpEng.exe","TargetProcessGuid":"{01eec844-30e5-6844-ba74-90998eb3c140}","TargetProcessId":"3332","TargetImage":"C:\\Windows\\System32\\winlogon.exe","NewThreadId":"4804","StartAddress":"0x7FFCAF15AB70","StartModule":"C:\\ProgramData\\Microsoft\\Windows Defender\\Platform\\MpClient.dll","StartFunction":"MpCreateRemoteThread"}
{"provider":"Microsoft-Windows-Sysmon","event_id":13,"Level":"4","Task":"13","time_created":"2025-06-10T17:09:48.7261871Z","EventRecordID":"114935","ExecutionProcessID":"2824","ExecutionThreadID":"1464","Channel":"Microsoft-Windows-Sysmon/Operational","host":"DC-01.kestrelag.com","Computer":"DC-01.kestrelag.com","RuleName":"-","EventType":"SetValue","UtcTime":"2025-06-10 17:09:48.726","ProcessGuid":"{83eb9c06-3c61-6840-e2f7-569dfe3d2d4c}","ProcessId":"2428","Image":"C:\\Windows\\System32\\wbem\\WmiPrvSE.exe","User":"NT AUTHORITY\\NETWORK SERVICE","TargetObject":"HKLM\\SOFTWARE\\Microsoft\\WBEM\\CIMOM\\Logging","Details":"DWORD (0x00000002)"}
{"provider":"Microsoft-Windows-Sysmon","event_id":13,"Level":"4","Task":"13","time_created":"2025-06-10T17:09:55.1337509Z","EventRecordID":"114936","ExecutionProcessID":"2824","ExecutionThreadID":"4732","Channel":"Microsoft-Windows-Sysmon/Operational","host":"DC-01.kestrelag.com","Computer":"DC-01.kestrelag.com","RuleName":"-","EventType":"SetValue","UtcTime":"2025-06-10 17:09:55.133","ProcessGuid":"{83eb9c06-3c4d-6840-c63b-d50a7f627ba6}","ProcessId":"2332","Image":"C:\\Windows\\System32\\services.exe","User":"NT AUTHORITY\\SYSTEM","TargetObject":"HKLM\\SOFTWARE\\Microsoft\\Windows\\CurrentVersion\\Component Based Servicing\\Packages\\Package_for_RollupFix~31bf3856ad364e35~amd64~~10.0.17763.48\\CurrentState","Details":"DWORD (0x00000070)"}
{"provider":"Microsoft-Windows-Sysmon","event_id":7,"Level":"4","Task":"7","time_created":"2025-06-10T17:10:00.5040238Z","EventRecordID":"185285","ExecutionProcessID":"1836","ExecutionThreadID":"2452","Channel":"Microsoft-Windows-Sysmon/Operational","host":"FS-01.kestrelag.com","Computer":"FS-01.kestrelag.com","RuleName":"-","UtcTime":"2025-06-10 17:10:00.504","ProcessGuid":"{73626057-25b9-6848-6f7f-1c6e9030551a}","ProcessId":"6820","Image":"C:\\Windows\\System32\\taskhostw.exe","ImageLoaded":"C:\\Program Files\\Dell\\SupportAssistAgent\\bin\\pcdrsysinfosoftware.p5x","FileVersion":"1.0.0.0","Description":"pcdrsysinfosoftware.p5x module","Product":"Dell Inc.","Company":"Dell Inc.","OriginalFileName":"pcdrsysinfosoftware.p5x","Hashes":"SHA1=DA2C7A7A281800947B5C71F4A92CE843B1DC50F2,MD5=D6EB67E7B79CE37086993703C1352704,SHA256=0DE9D6BA42DE73879DA0EAFD44873E30FCB362AF0AF13A34923E24513C239AD5,IMPHASH=EF39C50EF82A06742DB4608EF8AF9CBB","Signed":"true","Signature":"Dell Inc.","SignatureStatus":"Valid"}
{"provider":"Microsoft-Windows-Sysmon","event_id":1,"Level":"4","Task":"1","time_created":"2025-06-10T17:10:08.5628087Z","EventRecordID":"185288","ExecutionProcessID":"1836","ExecutionThreadID":"2452","Channel":"Microsoft-Windows-Sysmon/Operational","host":"FS-01.kestrelag.com","Computer":"FS-01.kestrelag.com","RuleName":"-","UtcTime":"2025-06-10 17:10:08.562","ProcessGuid":"{73626057-66f0-6848-f5bd-d225c88b420f}","ProcessId":"8356","Image":"C:\\Windows\\System32\\taskhostw.exe","FileVersion":"10.0.17763.1","Description":"Host Process for Windows Tasks","Product":"Microsoft Windows Operating System","Company":"Microsoft Corporation","OriginalFileName":"taskhostw.exe","CommandLine":"taskhostw.exe /Run","CurrentDirectory":"C:\\Windows\\System32\\","User":"NT AUTHORITY\\SYSTEM","LogonGuid":"{67f6c453-3625-42d1-adcd-099656740ac3}","LogonId":"0x3e7","TerminalSessionId":"0","IntegrityLevel":"System","Hashes":"SHA1=E9D89BE9F06C87CE3F0ED2C902086D665079AC3F,MD5=BFB4F13826BAF7E99DC8635665152633,SHA256=17EEB63FFF746AC1E28410EF5F2A7393F799E01860AB3CC7FE4700E909266323,IMPHASH=625D48FCB9529D002E844734F583C0E5","ParentProcessGuid":"{73626057-6a53-6830-7239-531b408f7c72}","ParentProcessId":"3508","ParentImage":"C:\\Windows\\System32\\svchost.exe","ParentCommandLine":"svchost.exe -k LocalSystem"}
{"provider":"Microsoft-Windows-Sysmon","event_id":10,"Level":"4","Task":"10","time_created":"2025-06-10T17:10:18.1171249Z","EventRecordID":"114956","ExecutionProcessID":"2824","ExecutionThreadID":"4732","Channel":"Microsoft-Windows-Sysmon/Operational","host":"DC-01.kestrelag.com","Computer":"DC-01.kestrelag.com","RuleName":"-","UtcTime":"2025-06-10 17:10:18.117","SourceProcessGUID":"{83eb9c06-3c62-6840-706a-7953947a2634}","SourceProcessId":"2432","SourceImage":"C:\\Windows\\System32\\dllhost.exe","SourceThreadId":"3244","SourceUser":"NT AUTHORITY\\SYSTEM","TargetProcessGUID":"{83eb9c06-3c6e-6840-a821-9a16dd0d7358}","TargetProcessId":"2504","TargetImage":"C:\\Windows\\System32\\winlogon.exe","TargetUser":"NT AUTHORITY\\SYSTEM","GrantedAccess":"0x0400","CallTrace":"C:\\Windows\\SYSTEM32\\ntdll.dll+9E1F4|C:\\Windows\\SYSTEM32\\KERNELBASE.dll+2C737|C:\\Windows\\SYSTEM32\\wbemcomn.dll+16027"}
{"provider":"Microsoft-Windows-Sysmon","event_id":13,"Level":"4","Task":"13","time_created":"2025-06-10T17:10:18.7650162Z","EventRecordID":"357454","ExecutionProcessID":"2972","ExecutionThreadID":"2568","Channel":"Microsoft-Windows-Sysmon/Operational","host":"APP-01.kestrelag.com","Computer":"APP-01.kestrelag.com","RuleName":"-","EventType":"SetValue","UtcTime":"2025-06-10 17:10:18.765","ProcessGuid":"{01eec844-30dc-6844-08f8-381985f72980}","ProcessId":"3272","Image":"C:\\Windows\\System32\\wbem\\WmiPrvSE.exe","User":"NT AUTHORITY\\NETWORK SERVICE","TargetObject":"HKLM\\SOFTWARE\\Microsoft\\WBEM\\CIMOM\\Logging","Details":"DWORD (0x00000002)"}
{"provider":"Microsoft-Windows-Sysmon","event_id":1,"Level":"4","Task":"1","time_created":"2025-06-10T17:10:27.6606055Z","EventRecordID":"114958","ExecutionProcessID":"2824","ExecutionThreadID":"4208","Channel":"Microsoft-Windows-Sysmon/Operational","host":"DC-01.kestrelag.com","Computer":"DC-01.kestrelag.com","RuleName":"-","UtcTime":"2025-06-10 17:10:27.660","ProcessGuid":"{83eb9c06-6703-6848-add6-5a91492e28d0}","ProcessId":"8656","Image":"C:\\Windows\\System32\\conhost.exe","FileVersion":"10.0.17763.1","Description":"Console Window Host","Product":"Microsoft Windows Operating System","Company":"Microsoft Corporation","OriginalFileName":"conhost.exe","CommandLine":"conhost.exe 0x4","CurrentDirectory":"C:\\Windows\\System32\\","User":"NT AUTHORITY\\SYSTEM","LogonGuid":"{a3d8ed8f-60dc-4557-8c5a-6fda4ef39281}","LogonId":"0x3e7","TerminalSessionId":"0","IntegrityLevel":"System","Hashes":"SHA1=557074AD8C63724D84703B56EC227FDE3FB2489A,MD5=DCB5E59D04CEF4B56E122A414818296C,SHA256=75F4776894793D4C6031A15418D586152AFD71CD2FB299182FCCB695A83E3403,IMPHASH=C0DA3B1C668315577E451FFE623DA443","ParentProcessGuid":"{83eb9c06-3c4b-6840-8c8c-98abbd047e91}","ParentProcessId":"2252","ParentImage":"C:\\Windows\\System32\\csrss.exe","ParentCommandLine":"csrss.exe"}
{"provider":"Microsoft-Windows-Sysmon","event_id":5,"Level":"4","Task":"5","time_created":"2025-06-10T17:10:34.5155075Z","EventRecordID":"357488","ExecutionProcessID":"2972","ExecutionThreadID":"1868","Channel":"Microsoft-Windows-Sysmon/Operational","host":"APP-01.kestrelag.com","Computer":"APP-01.kestrelag.com","RuleName":"-","UtcTime":"2025-06-10 17:10:34.515","ProcessGuid":"{01eec844-3df3-6848-22a1-565dd8c3ccf5}","ProcessId":"6712","Image":"C:\\Windows\\System32\\dllhost.exe","User":"NT AUTHORITY\\SYSTEM"}
{"provider":"Microsoft-Windows-Sysmon","event_id":10,"Level":"4","Task":"10","time_created":"2025-06-10T17:10:38.0737261Z","EventRecordID":"114965","ExecutionProcessID":"2824","ExecutionThreadID":"1464","Channel":"Microsoft-Windows-Sysmon/Operational","host":"DC-01.kestrelag.com","Computer":"DC-01.kestrelag.com","RuleName":"-","UtcTime":"2025-06-10 17:10:38.073","SourceProcessGUID":"{83eb9c06-3c62-6840-706a-7953947a2634}","SourceProcessId":"2432","SourceImage":"C:\\Windows\\System32\\dllhost.exe","SourceThreadId":"8020","SourceUser":"NT AUTHORITY\\SYSTEM","TargetProcessGUID":"{83eb9c06-3c6e-6840-a821-9a16dd0d7358}","TargetProcessId":"2504","TargetImage":"C:\\Windows\\System32\\winlogon.exe","TargetUser":"NT AUTHORITY\\SYSTEM","GrantedAccess":"0x0400","CallTrace":"C:\\Windows\\SYSTEM32\\ntdll.dll+9C4DC|C:\\Windows\\SYSTEM32\\KERNELBASE.dll+2ED1E|C:\\Windows\\SYSTEM32\\combase.dll+29E3E"}
{"provider":"Microsoft-Windows-Sysmon","event_id":13,"Level":"4","Task":"13","time_created":"2025-06-10T17:11:00.2871809Z","EventRecordID":"357490","ExecutionProcessID":"2972","ExecutionThreadID":"2536","Channel":"Microsoft-Windows-Sysmon/Operational","host":"APP-01.kestrelag.com","Computer":"APP-01.kestrelag.com","RuleName":"-","EventType":"SetValue","UtcTime":"2025-06-10 17:11:00.287","ProcessGuid":"{01eec844-30e1-6844-bbcd-f1dd6bed83e8}","ProcessId":"3312","Image":"C:\\Windows\\System32\\msiexec.exe","User":"NT AUTHORITY\\SYSTEM","TargetObject":"HKLM\\SOFTWARE\\Microsoft\\Windows\\CurrentVersion\\Component Based Servicing\\Packages\\Microsoft-Windows-Client-Features~31bf3856ad364e35~amd64~~10.0.17763.32\\CurrentState","Details":"DWORD (0x00000070)"}
{"provider":"Microsoft-Windows-Sysmon","event_id":13,"Level":"4","Task":"13","time_created":"2025-06-10T17:11:16.1532791Z","EventRecordID":"185292","ExecutionProcessID":"1836","ExecutionThreadID":"2452","Channel":"Microsoft-Windows-Sysmon/Operational","host":"FS-01.kestrelag.com","Computer":"FS-01.kestrelag.com","RuleName":"-","EventType":"SetValue","UtcTime":"2025-06-10 17:11:16.153","ProcessGuid":"{73626057-6a5a-6830-2671-56bfecc8d643}","ProcessId":"3596","Image":"C:\\Windows\\System32\\svchost.exe","User":"NT AUTHORITY\\SYSTEM","TargetObject":"HKLM\\SOFTWARE\\Microsoft\\Windows\\CurrentVersion\\Component Based Servicing\\Packages\\Package_for_ServicingStack~31bf3856ad364e35~amd64~~10.0.17763.8\\CurrentState","Details":"DWORD (0x00000070)"}
{"provider":"Microsoft-Windows-Sysmon","event_id":22,"Level":"4","Task":"22","time_created":"2025-06-10T17:11:46.2002660Z","EventRecordID":"114968","ExecutionProcessID":"2824","ExecutionThreadID":"4732","Channel":"Microsoft-Windows-Sysmon/Operational","host":"DC-01.kestrelag.com","Computer":"DC-01.kestrelag.com","RuleName":"-","UtcTime":"2025-06-10 17:11:46.200","ProcessGuid":"{83eb9c06-3c53-6840-9b79-f1e262f44f72}","ProcessId":"2372","QueryName":"armmf.adobe.com","QueryStatus":"0","QueryResults":"23.45.120.20;23.45.121.20;","Image":"C:\\Windows\\System32\\svchost.exe","User":"NT AUTHORITY\\LOCAL SERVICE"}
{"provider":"Microsoft-Windows-Sysmon","event_id":1,"Level":"4","Task":"1","time_created":"2025-06-10T17:11:47.2840738Z","EventRecordID":"114973","ExecutionProcessID":"2824","ExecutionThreadID":"1464","Channel":"Microsoft-Windows-Sysmon/Operational","host":"DC-01.kestrelag.com","Computer":"DC-01.kestrelag.com","RuleName":"-","UtcTime":"2025-06-10 17:11:47.284","ProcessGuid":"{83eb9c06-6753-6848-9bbc-bb6c17123816}","ProcessId":"8832","Image":"C:\\Windows\\System32\\wbem\\WmiPrvSE.exe","FileVersion":"10.0.17763.1","Description":"WMI Provider Host","Product":"Microsoft Windows Operating System","Company":"Microsoft Corporation","OriginalFileName":"WmiPrvSE.exe","CommandLine":"WmiPrvSE.exe -Embedding","CurrentDirectory":"C:\\Windows\\System32\\","User":"NT AUTHORITY\\SYSTEM","LogonGuid":"{a3d8ed8f-60dc-4557-8c5a-6fda4ef39281}","LogonId":"0x3e7","TerminalSessionId":"0","IntegrityLevel":"System","Hashes":"SHA1=6AD156D08BB4F9B25234F96E34E653FD71462DB9,MD5=30A5B57A08718348FAB95C22B5AECB52,SHA256=41F3A56D4D7DE7B7E4D6F1A6EAB3F159A1E5C8210760E3507918D6055AD0F8CF,IMPHASH=CDFFA5B4AF7AA0CE617D43ED10715987","ParentProcessGuid":"{83eb9c06-3c50-6840-2e62-9271a2f53d72}","ParentProcessId":"2340","ParentImage":"C:\\Windows\\System32\\svchost.exe","ParentCommandLine":"svchost.exe -k DcomLaunch"}
{"provider":"Microsoft-Windows-Sysmon","event_id":1,"Level":"4","Task":"1","time_created":"2025-06-10T17:11:59.3732915Z","EventRecordID":"114979","ExecutionProcessID":"2824","ExecutionThreadID":"1464","Channel":"Microsoft-Windows-Sysmon/Operational","host":"DC-01.kestrelag.com","Computer":"DC-01.kestrelag.com","RuleName":"-","UtcTime":"2025-06-10 17:11:59.373","ProcessGuid":"{83eb9c06-675f-6848-d2b6-f4f73b88456e}","ProcessId":"9092","Image":"C:\\Windows\\System32\\taskhostw.exe","FileVersion":"10.0.17763.1","Description":"Host Process for Windows Tasks","Product":"Microsoft Windows Operating System","Company":"Microsoft Corporation","OriginalFileName":"taskhostw.exe","CommandLine":"taskhostw.exe","CurrentDirectory":"C:\\Windows\\System32\\","User":"NT AUTHORITY\\SYSTEM","LogonGuid":"{a3d8ed8f-60dc-4557-8c5a-6fda4ef39281}","LogonId":"0x3e7","TerminalSessionId":"0","IntegrityLevel":"System","Hashes":"SHA1=E9D89BE9F06C87CE3F0ED2C902086D665079AC3F,MD5=BFB4F13826BAF7E99DC8635665152633,SHA256=17EEB63FFF746AC1E28410EF5F2A7393F799E01860AB3CC7FE4700E909266323,IMPHASH=625D48FCB9529D002E844734F583C0E5","ParentProcessGuid":"{83eb9c06-3c50-6840-0540-37d27b762555}","ParentProcessId":"2352","ParentImage":"C:\\Windows\\System32\\svchost.exe","ParentCommandLine":"svchost.exe -k LocalSystem"}
{"provider":"Microsoft-Windows-Sysmon","event_id":22,"Level":"4","Task":"22","time_created":"2025-06-10T17:12:22.9178924Z","EventRecordID":"114983","ExecutionProcessID":"2824","ExecutionThreadID":"4208","Channel":"Microsoft-Windows-Sysmon/Operational","host":"DC-01.kestrelag.com","Computer":"DC-01.kestrelag.com","RuleName":"-","UtcTime":"2025-06-10 17:12:22.917","ProcessGuid":"{83eb9c06-3c53-6840-9b79-f1e262f44f72}","ProcessId":"2372","QueryName":"settings-win.data.microsoft.com","QueryStatus":"0","QueryResults":"13.107.4.50;13.107.4.52;","Image":"C:\\Windows\\System32\\svchost.exe","User":"NT AUTHORITY\\LOCAL SERVICE"}
{"provider":"Microsoft-Windows-Sysmon","event_id":13,"Level":"4","Task":"13","time_created":"2025-06-10T17:12:31.2217590Z","EventRecordID":"114989","ExecutionProcessID":"2824","ExecutionThreadID":"4732","Channel":"Microsoft-Windows-Sysmon/Operational","host":"DC-01.kestrelag.com","Computer":"DC-01.kestrelag.com","RuleName":"-","EventType":"SetValue","UtcTime":"2025-06-10 17:12:31.221","ProcessGuid":"{83eb9c06-3c4d-6840-c63b-d50a7f627ba6}","ProcessId":"2332","Image":"C:\\Windows\\System32\\services.exe","User":"NT AUTHORITY\\SYSTEM","TargetObject":"HKLM\\SOFTWARE\\Microsoft\\Windows\\CurrentVersion\\Component Based Servicing\\Packages\\Package_for_DotNetRollup~31bf3856ad364e35~amd64~~10.0.17763.30\\CurrentState","Details":"DWORD (0x00000070)"}
