{"provider":"Microsoft-Windows-Sysmon","event_id":13,"Level":"4","Task":"13","time_created":"2025-06-10T16:34:14.4396166Z","EventRecordID":"114075","ExecutionProcessID":"2824","ExecutionThreadID":"4732","Channel":"Microsoft-Windows-Sysmon/Operational","host":"DC-01.kestrelag.com","Computer":"DC-01.kestrelag.com","RuleName":"-","EventType":"SetValue","UtcTime":"2025-06-10 16:34:14.439","ProcessGuid":"{83eb9c06-3c58-6840-02ee-5fa814203eb4}","ProcessId":"2400","Image":"C:\\Windows\\System32\\svchost.exe","User":"NT AUTHORITY\\SYSTEM","TargetObject":"HKLM\\SOFTWARE\\Microsoft\\Windows\\CurrentVersion\\Component Based Servicing\\Packages\\Package_for_ServicingStack~31bf3856ad364e35~amd64~~10.0.17763.9\\CurrentState","Details":"DWORD (0x00000070)"}
{"provider":"Microsoft-Windows-Sysmon","event_id":13,"Level":"4","Task":"13","time_created":"2025-06-10T16:34:17.4807876Z","EventRecordID":"114076","ExecutionProcessID":"2824","ExecutionThreadID":"4732","Channel":"Microsoft-Windows-Sysmon/Operational","host":"DC-01.kestrelag.com","Computer":"DC-01.kestrelag.com","RuleName":"-","EventType":"SetValue","UtcTime":"2025-06-10 16:34:17.480","ProcessGuid":"{83eb9c06-3c4d-6840-c63b-d50a7f627ba6}","ProcessId":"2332","Image":"C:\\Windows\\System32\\services.exe","User":"NT AUTHORITY\\SYSTEM","TargetObject":"HKLM\\SOFTWARE\\Microsoft\\Windows\\CurrentVersion\\Component Based Servicing\\Packages\\Package_for_KB5034122~31bf3856ad364e35~amd64~~10.0.17763.59\\CurrentState","Details":"DWORD (0x00000070)"}
{"provider":"Microsoft-Windows-Sysmon","event_id":13,"Level":"4","Task":"13","time_created":"2025-06-10T16:34:19.1178269Z","EventRecordID":"114104","ExecutionProcessID":"2824","ExecutionThreadID":"4732","Channel":"Microsoft-Windows-Sysmon/Operational","host":"DC-01.kestrelag.com","Computer":"DC-01.kestrelag.com","RuleName":"-","EventType":"SetValue","UtcTime":"2025-06-10 16:34:19.117","ProcessGuid":"{83eb9c06-3c4d-6840-c63b-d50a7f627ba6}","ProcessId":"2332","Image":"C:\\Windows\\System32\\services.exe","User":"NT AUTHORITY\\SYSTEM","TargetObject":"HKLM\\SOFTWARE\\Policies\\Microsoft\\Windows\\WindowsUpdate\\AU\\NoAutoUpdate","Details":"DWORD (0x00000000)"}
{"provider":"Microsoft-Windows-Sysmon","event_id":10,"Level":"4","Task":"10","time_created":"2025-06-10T16:34:22.3086637Z","EventRecordID":"114109","ExecutionProcessID":"2824","ExecutionThreadID":"1464","Channel":"Microsoft-Windows-Sysmon/Operational","host":"DC-01.kestrelag.com","Computer":"DC-01.kestrelag.com","RuleName":"-","UtcTime":"2025-06-10 16:34:22.308","SourceProcessGUID":"{83eb9c06-3c62-6840-706a-7953947a2634}","SourceProcessId":"2432","SourceImage":"C:\\Windows\\System32\\dllhost.exe","SourceThreadId":"5916","SourceUser":"NT AUTHORITY\\SYSTEM","TargetProcessGUID":"{83eb9c06-3c6e-6840-a821-9a16dd0d7358}","TargetProcessId":"2504","TargetImage":"C:\\Windows\\System32\\winlogon.exe","TargetUser":"NT AUTHORITY\\SYSTEM","GrantedAccess":"0x1400","CallTrace":"C:\\Windows\\SYSTEM32\\ntdll.dll+9D88D|C:\\Windows\\SYSTEM32\\KERNELBASE.dll+2CA14|C:\\Windows\\SYSTEM32\\kernel32.dll+1CDA2"}
{"provider":"Microsoft-Windows-Sysmon","event_id":5,"Level":"4","Task":"5","time_created":"2025-06-10T16:34:24.5130926Z","EventRecordID":"114112","ExecutionProcessID":"2824","ExecutionThreadID":"1464","Channel":"Microsoft-Windows-Sysmon/Operational","host":"DC-01.kestrelag.com","Computer":"DC-01.kestrelag.com","RuleName":"-","UtcTime":"2025-06-10 16:34:24.513","ProcessGuid":"{83eb9c06-49ac-6848-0697-d5e5e133f617}","ProcessId":"7780","Image":"C:\\Windows\\System32\\conhost.exe","User":"NT AUTHORITY\\SYSTEM"}
{"provider":"Microsoft-Windows-Sysmon","event_id":13,"Level":"4","Task":"13","time_created":"2025-06-10T16:34:25.0145268Z","EventRecordID":"184770","ExecutionProcessID":"1836","ExecutionThreadID":"2272","Channel":"Microsoft-Windows-Sysmon/Operational","host":"FS-01.kestrelag.com","Computer":"FS-01.kestrelag.com","RuleName":"-","EventType":"SetValue","UtcTime":"2025-06-10 16:34:25.014","ProcessGuid":"{73626057-6a5a-6830-2671-56bfecc8d643}","ProcessId":"3596","Image":"C:\\Windows\\System32\\svchost.exe","User":"NT AUTHORITY\\SYSTEM","TargetObject":"HKLM\\SOFTWARE\\Microsoft\\Windows\\CurrentVersion\\Component Based Servicing\\Packages\\Package_for_ServicingStack~31bf3856ad364e35~amd64~~10.0.17763.72\\CurrentState","Details":"DWORD (0x00000070)"}
{"provider":"Microsoft-Windows-Sysmon","event_id":13,"Level":"4","Task":"13","time_created":"2025-06-10T16:34:28.3349955Z","EventRecordID":"184777","ExecutionProcessID":"1836","ExecutionThreadID":"2228","Channel":"Microsoft-Windows-Sysmon/Operational","host":"FS-01.kestrelag.com","Computer":"FS-01.kestrelag.com","RuleName":"-","EventType":"SetValue","UtcTime":"2025-06-10 16:34:28.334","ProcessGuid":"{73626057-6a5a-6830-2671-56bfecc8d643}","ProcessId":"3596","Image":"C:\\Windows\\System32\\svchost.exe","User":"NT AUTHORITY\\SYSTEM","TargetObject":"HKLM\\SOFTWARE\\Microsoft\\Windows\\CurrentVersion\\Component Based Servicing\\Packages\\Package_for_ServicingStack~31bf3856ad364e35~amd64~~10.0.17763.58\\CurrentState","Details":"DWORD (0x00000070)"}
{"provider":"Microsoft-Windows-Sysmon","event_id":13,"Level":"4","Task":"13","time_created":"2025-06-10T16:34:30.3153563Z","EventRecordID":"114115","ExecutionProcessID":"2824","ExecutionThreadID":"4208","Channel":"Microsoft-Windows-Sysmon/Operational","host":"DC-01.kestrelag.com","Computer":"DC-01.kestrelag.com","RuleName":"-","EventType":"SetValue","UtcTime":"2025-06-10 16:34:30.315","ProcessGuid":"{83eb9c06-3c66-6840-0ddf-1d7ef6a34cb6}","ProcessId":"2460","Image":"C:\\Windows\\System32\\msiexec.exe","User":"NT AUTHORITY\\SYSTEM","TargetObject":"HKLM\\SOFTWARE\\Microsoft\\Windows\\CurrentVersion\\Component Based Servicing\\Packages\\Package_for_ServicingStack~31bf3856ad364e35~amd64~~10.0.17763.30\\CurrentState","Details":"DWORD (0x00000070)"}
{"provider":"Microsoft-Windows-Sysmon","event_id":1,"Level":"4","Task":"1","time_created":"2025-06-10T16:34:32.5299404Z","EventRecordID":"114118","ExecutionProcessID":"2824","ExecutionThreadID":"1464","Channel":"Microsoft-Windows-Sysmon/Operational","host":"DC-01.kestrelag.com","Computer":"DC-01.kestrelag.com","RuleName":"-","UtcTime":"2025-06-10 16:34:32.529","ProcessGuid":"{83eb9c06-5e98-6848-2a7e-9eb6fbddc1bc}","ProcessId":"8840","Image":"C:\\Windows\\System32\\spoolsv.exe","FileVersion":"10.0.17763.1","Description":"Spooler SubSystem App","Product":"Microsoft Windows Operating System","Company":"Microsoft Corporation","OriginalFileName":"spoolsv.exe","CommandLine":"spoolsv.exe","CurrentDirectory":"C:\\Windows\\System32\\","User":"NT AUTHORITY\\SYSTEM","LogonGuid":"{a3d8ed8f-60dc-4557-8c5a-6fda4ef39281}","LogonId":"0x3e7","TerminalSessionId":"0","IntegrityLevel":"System","Hashes":"SHA1=8B59008737D33B5BCA045151AF021AABD98439A3,MD5=4F536831C985CBDD3249858CF932D323,SHA256=07678F8EF3083FD98A053BD645A18CE0B942E4B233FBF3CF43F260265BEA96D7,IMPHASH=4513BBB7C5050F93AF0F3FAE3DF44DC9","ParentProcessGuid":"{83eb9c06-3c4d-6840-c63b-d50a7f627ba6}","ParentProcessId":"2332","ParentImage":"C:\\Windows\\System32\\services.exe","ParentCommandLine":"services.exe"}
{"provider":"Microsoft-Windows-Sysmon","event_id":7,"Level":"4","Task":"7","time_created":"2025-06-10T16:34:33.7275817Z","EventRecordID":"114129","ExecutionProcessID":"2824","ExecutionThreadID":"4732","Channel":"Microsoft-Windows-Sysmon/Operational","host":"DC-01.kestrelag.com","Computer":"DC-01.kestrelag.com","RuleName":"-","UtcTime":"2025-06-10 16:34:33.727","ProcessGuid":"{83eb9c06-3c50-6840-2e62-9271a2f53d72}","ProcessId":"2340","Image":"C:\\Windows\\System32\\svchost.exe","ImageLoaded":"C:\\Program Files\\VMware\\VMware Tools\\vmStatsProvider.dll","FileVersion":"1.0.0.0","Description":"vmStatsProvider.dll module","Product":"VMware, Inc.","Company":"VMware, Inc.","OriginalFileName":"vmStatsProvider.dll","Hashes":"SHA1=59D6A2228965DEA66D7C93F926FFF5BEA58D0958,MD5=90B6BA84A505CD2472182B6A3BFF34DD,SHA256=51F5802FF35D872BE25CF1BA725DBFE7E93B2CB0E7620126E5A6CC4F506DF760,IMPHASH=96621860BADAB47E574E7B6E25AA7F61","Signed":"true","Signature":"VMware, Inc.","SignatureStatus":"Valid"}
{"provider":"Microsoft-Windows-Sysmon","event_id":1,"Level":"4","Task":"1","time_created":"2025-06-10T16:34:55.0959626Z","EventRecordID":"114136","ExecutionProcessID":"2824","ExecutionThreadID":"4208","Channel":"Microsoft-Windows-Sysmon/Operational","host":"DC-01.kestrelag.com","Computer":"DC-01.kestrelag.com","RuleName":"-","UtcTime":"2025-06-10 16:34:55.095","ProcessGuid":"{83eb9c06-5eaf-6848-a9ed-77884f9c1390}","ProcessId":"8984","Image":"C:\\Windows\\System32\\cleanmgr.exe","FileVersion":"10.0.17763.1","Description":"Disk Cleanup","Product":"Microsoft Windows Operating System","Company":"Microsoft Corporation","OriginalFileName":"cleanmgr.exe","CommandLine":"cleanmgr.exe /autoclean /d C:","CurrentDirectory":"C:\\Windows\\System32\\","User":"NT AUTHORITY\\SYSTEM","LogonGuid":"{a3d8ed8f-60dc-4557-8c5a-6fda4ef39281}","LogonId":"0x3e7","TerminalSessionId":"0","IntegrityLevel":"System","Hashes":"SHA1=3D2AA385720473B59BC1A4F9709023CB0029A3AC,MD5=A3774821A257B6620E8354D0D029AEAA,SHA256=540F1996DE0094BA0631C68B82E0DC128FA3348B35871F96E3A4CB92A9A2BE92,IMPHASH=1B5DFDBF8277736718091410D3161B05","ParentProcessGuid":"{83eb9c06-3c50-6840-0540-37d27b762555}","ParentProcessId":"2352","ParentImage":"C:\\Windows\\System32\\svchost.exe","ParentCommandLine":"svchost.exe -k LocalSystem"}
{"provider":"Microsoft-Windows-Sysmon","event_id":1,"Level":"4","Task":"1","time_created":"2025-06-10T16:35:25.1881610Z","EventRecordID":"357083","ExecutionProcessID":"2972","ExecutionThreadID":"1868","Channel":"Microsoft-Windows-Sysmon/Operational","host":"APP-01.kestrelag.com","Computer":"APP-01.kestrelag.com","RuleName":"-","UtcTime":"2025-06-10 16:35:25.188","ProcessGuid":"{01eec844-5ecd-6848-b60b-de988941785d}","ProcessId":"7536","Image":"C:\\Windows\\System32\\dllhost.exe","FileVersion":"10.0.17763.1","Description":"COM Surrogate","Product":"Microsoft Windows Operating System","Company":"Microsoft Corporation","OriginalFileName":"dllhost.exe","CommandLine":"dllhost.exe /Processid:{73E709EA-5D93-4B2E-BBB0-99B7938DA9E4}","CurrentDirectory":"C:\\Windows\\System32\\","User":"NT AUTHORITY\\SYSTEM","LogonGuid":"{6e80e2f9-de2b-480b-83cd-330a62b589f6}","LogonId":"0x3e7","TerminalSessionId":"0","IntegrityLevel":"System","Hashes":"SHA1=E9843285F306715E9377A11649761552EAB1A78D,MD5=99E15BCE4A20CCD57152F4560FE025DD,SHA256=AE87276FEB54EB8E5D8CF628D65D2300337F1BDBEF5D6F1CDE2FBDBCDA2178B6,IMPHASH=9C46F35652CBE94C2DC7B1693268CB59","ParentProcessGuid":"{01eec844-30cf-6844-0ccc-54da7a5d697b}","ParentProcessId":"2948","ParentImage":"C:\\Windows\\System32\\svchost.exe","ParentCommandLine":"svchost.exe -k DcomLaunch"}
{"provider":"Microsoft-Windows-Sysmon","event_id":10,"Level":"4","Task":"10","time_created":"2025-06-10T16:35:41.2891877Z","EventRecordID":"357086","ExecutionProcessID":"2972","ExecutionThreadID":"1868","Channel":"Microsoft-Windows-Sysmon/Operational","host":"APP-01.kestrelag.com","Computer":"APP-01.kestrelag.com","RuleName":"-","UtcTime":"2025-06-10 16:35:41.289","SourceProcessGUID":"{01eec844-30dc-6844-1327-bfc2763e8f9c}","SourceProcessId":"3208","SourceImage":"C:\\ProgramData\\Microsoft\\Windows Defender\\Platform\\4.18.2301.6-0\\MsMpEng.exe","SourceThreadId":"1984","SourceUser":"NT AUTHORITY\\SYSTEM","TargetProcessGUID":"{01eec844-30cd-6844-c713-1b75a798d3f0}","TargetProcessId":"2916","TargetImage":"C:\\Windows\\System32\\lsass.exe","TargetUser":"NT AUTHORITY\\SYSTEM","GrantedAccess":"0x1410","CallTrace":"C:\\Windows\\SYSTEM32\\ntdll.dll+9E35F|C:\\Windows\\SYSTEM32\\KERNELBASE.dll+2E1C4|C:\\Windows\\SYSTEM32\\sechost.dll+12058"}
{"provider":"Microsoft-Windows-Sysmon","event_id":22,"Level":"4","Task":"22","time_created":"2025-06-10T16:36:04.8618451Z","EventRecordID":"114142","ExecutionProcessID":"2824","ExecutionThreadID":"4732","Channel":"Microsoft-Windows-Sysmon/Operational","host":"DC-01.kestrelag.com","Computer":"DC-01.kestrelag.com","RuleName":"-","UtcTime":"2025-06-10 16:36:04.861","ProcessGuid":"{83eb9c06-3c53-6840-9b79-f1e262f44f72}","ProcessId":"2372","QueryName":"ccmdl.adobe.com","QueryStatus":"0","QueryResults":"23.45.120.22;23.45.121.22;","Image":"C:\\Windows\\System32\\svchost.exe","User":"NT AUTHORITY\\LOCAL SERVICE"}
{"provider":"Microsoft-Windows-Sysmon","event_id":10,"Level":"4","Task":"10","time_created":"2025-06-10T16:36:07.6103168Z","EventRecordID":"357102","ExecutionProcessID":"2972","ExecutionThreadID":"1868","Channel":"Microsoft-Windows-Sysmon/Operational","host":"APP-01.kestrelag.com","Computer":"APP-01.kestrelag.com","RuleName":"-","UtcTime":"2025-06-10 16:36:07.610","SourceProcessGUID":"{01eec844-30dc-6844-08f8-381985f72980}","SourceProcessId":"3272","SourceImage":"C:\\Windows\\System32\\wbem\\WmiPrvSE.exe","SourceThreadId":"2836","SourceUser":"NT AUTHORITY\\NETWORK SERVICE","TargetProcessGUID":"{01eec844-30d1-6844-0496-deb55c9a5dde}","TargetProcessId":"2956","TargetImage":"C:\\Windows\\System32\\svchost.exe","TargetUser":"NT AUTHORITY\\SYSTEM","GrantedAccess":"0x1400","CallTrace":"C:\\Windows\\SYSTEM32\\ntdll.dll+9EC03"}
{"provider":"Microsoft-Windows-Sysmon","event_id":1,"Level":"4","Task":"1","time_created":"2025-06-10T16:36:14.4640859Z","EventRecordID":"114149","ExecutionProcessID":"2824","ExecutionThreadID":"4732","Channel":"Microsoft-Windows-Sysmon/Operational","host":"DC-01.kestrelag.com","Computer":"DC-01.kestrelag.com","RuleName":"-","UtcTime":"2025-06-10 16:36:14.464","ProcessGuid":"{83eb9c06-5efe-6848-5928-96f7d4fba557}","ProcessId":"8988","Image":"C:\\Windows\\System32\\cleanmgr.exe","FileVersion":"10.0.17763.1","Description":"Disk Cleanup","Product":"Microsoft Windows Operating System","Company":"Microsoft Corporation","OriginalFileName":"cleanmgr.exe","CommandLine":"cleanmgr.exe /autoclean /d C:","CurrentDirectory":"C:\\Windows\\System32\\","User":"NT AUTHORITY\\SYSTEM","LogonGuid":"{a3d8ed8f-60dc-4557-8c5a-6fda4ef39281}","LogonId":"0x3e7","TerminalSessionId":"0","IntegrityLevel":"System","Hashes":"SHA1=3D2AA385720473B59BC1A4F9709023CB0029A3AC,MD5=A3774821A257B6620E8354D0D029AEAA,SHA256=540F1996DE0094BA0631C68B82E0DC128FA3348B35871F96E3A4CB92A9A2BE92,IMPHASH=1B5DFDBF8277736718091410D3161B05","ParentProcessGuid":"{83eb9c06-3c50-6840-0540-37d27b762555}","ParentProcessId":"2352","ParentImage":"C:\\Windows\\System32\\svchost.exe","ParentCommandLine":"svchost.exe -k LocalSystem"}
{"provider":"Microsoft-Windows-Sysmon","event_id":13,"Level":"4","Task":"13","time_created":"2025-06-10T16:36:22.0635737Z","EventRecordID":"114150","ExecutionProcessID":"2824","ExecutionThreadID":"1464","Channel":"Microsoft-Windows-Sysmon/Operational","host":"DC-01.kestrelag.com","Computer":"DC-01.kestrelag.com","RuleName":"-","EventType":"SetValue","UtcTime":"2025-06-10 16:36:22.063","ProcessGuid":"{83eb9c06-3c50-6840-fff0-b83914b1f523}","ProcessId":"2368","Image":"C:\\Windows\\System32\\svchost.exe","User":"NT AUTHORITY\\NETWORK SERVICE","TargetObject":"HKLM\\SYSTEM\\CurrentControlSet\\Services\\W32Time\\Config\\MaxPollInterval","Details":"DWORD (0x0000000f)"}
{"provider":"Microsoft-Windows-Sysmon","event_id":1,"Level":"4","Task":"1","time_created":"2025-06-10T16:36:25.8700211Z","EventRecordID":"114152","ExecutionProcessID":"2824","ExecutionThreadID":"1464","Channel":"Microsoft-Windows-Sysmon/Operational","host":"DC-01.kestrelag.com","Computer":"DC-01.kestrelag.com","RuleName":"-","UtcTime":"2025-06-10 16:36:25.870","ProcessGuid":"{83eb9c06-5f09-6848-d0ef-bb4558204637}","ProcessId":"8596","Image":"C:\\Windows\\System32\\conhost.exe","FileVersion":"10.0.17763.1","Description":"Console Window Host","Product":"Microsoft Windows Operating System","Company":"Microsoft Corporation","OriginalFileName":"conhost.exe","CommandLine":"conhost.exe 0x4","CurrentDirectory":"C:\\Windows\\System32\\","User":"NT AUTHORITY\\SYSTEM","LogonGuid":"{a3d8ed8f-60dc-4557-8c5a-6fda4ef39281}","LogonId":"0x3e7","TerminalSessionId":"0","IntegrityLevel":"System","Hashes":"SHA1=557074AD8C63724D84703B56EC227FDE3FB2489A,MD5=DCB5E59D04CEF4B56E122A414818296C,SHA256=75F4776894793D4C6031A15418D586152AFD71CD2FB299182FCCB695A83E3403,IMPHASH=C0DA3B1C668315577E451FFE623DA443","ParentProcessGuid":"{83eb9c06-3c4b-6840-8c8c-98abbd047e91}","ParentProcessId":"2252","ParentImage":"C:\\Windows\\System32\\csrss.exe","ParentCommandLine":"csrss.exe"}
{"provider":"Microsoft-Windows-Sysmon","event_id":1,"Level":"4","Task":"1","time_created":"2025-06-10T16:36:59.5242561Z","EventRecordID":"357103","ExecutionProcessID":"2972","ExecutionThreadID":"2536","Channel":"Microsoft-Windows-Sysmon/Operational","host":"APP-01.kestrelag.com","Computer":"APP-01.kestrelag.com","RuleName":"-","UtcTime":"2025-06-10 16:36:59.524","ProcessGuid":"{01eec844-5f2b-6848-c0c3-55269db3fc49}","ProcessId":"7572","Image":"C:\\Windows\\System32\\wbem\\WmiPrvSE.exe","FileVersion":"10.0.17763.1","Description":"WMI Provider Host","Product":"Microsoft Windows Operating System","Company":"Microsoft Corporation","OriginalFileName":"WmiPrvSE.exe","CommandLine":"WmiPrvSE.exe -secured -Embedding","CurrentDirectory":"C:\\Windows\\System32\\","User":"NT AUTHORITY\\SYSTEM","LogonGuid":"{6e80e2f9-de2b-480b-83cd-330a62b589f6}","LogonId":"0x3e7","TerminalSessionId":"0","IntegrityLevel":"System","Hashes":"SHA1=6AD156D08BB4F9B25234F96E34E653FD71462DB9,MD5=30A5B57A08718348FAB95C22B5AECB52,SHA256=41F3A56D4D7DE7B7E4D6F1A6EAB3F159A1E5C8210760E3507918D6055AD0F8CF,IMPHASH=CDFFA5B4AF7AA0CE617D43ED10715987","ParentProcessGuid":"{01eec844-30cf-6844-0ccc-54da7a5d697b}","ParentProcessId":"2948","ParentImage":"C:\\Windows\\System32\\svchost.exe","ParentCommandLine":"svchost.exe -k DcomLaunch"}
{"provider":"Microsoft-Windows-Sysmon","event_id":5,"Level":"4","Task":"5","time_created":"2025-06-10T16:37:08.9605024Z","EventRecordID":"357107","ExecutionProcessID":"2972","ExecutionThreadID":"2480","Channel":"Microsoft-Windows-Sysmon/Operational","host":"APP-01.kestrelag.com","Computer":"APP-01.kestrelag.com","RuleName":"-","UtcTime":"2025-06-10 16:37:08.960","ProcessGuid":"{01eec844-4d70-6848-ffbb-15d79726d6b7}","ProcessId":"7092","Image":"C:\\Windows\\System32\\wsqmcons.exe","User":"NT AUTHORITY\\SYSTEM"}
{"provider":"Microsoft-Windows-Sysmon","event_id":1,"Level":"4","Task":"1","time_created":"2025-06-10T16:37:31.4639597Z","EventRecordID":"184778","ExecutionProcessID":"1836","ExecutionThreadID":"2272","Channel":"Microsoft-Windows-Sysmon/Operational","host":"FS-01.kestrelag.com","Computer":"FS-01.kestrelag.com","RuleName":"-","UtcTime":"2025-06-10 16:37:31.463","ProcessGuid":"{73626057-5f4b-6848-dd85-118214c58f97}","ProcessId":"8252","Image":"C:\\Windows\\WinSxS\\amd64_microsoft-windows-servicingstack_31bf3856ad364e35_10.0.17763.5329_none_7c91d6e7c9f7f1f5\\TiWorker.exe","FileVersion":"10.0.17763.5329","Description":"Windows Module Installer Worker","Product":"Microsoft Windows Operating System","Company":"Microsoft Corporation","OriginalFileName":"TiWorker.exe","CommandLine":"TiWorker.exe -Embedding","CurrentDirectory":"C:\\Windows\\System32\\","User":"NT AUTHORITY\\SYSTEM","LogonGuid":"{67f6c453-3625-42d1-adcd-099656740ac3}","LogonId":"0x3e7","TerminalSessionId":"0","IntegrityLevel":"System","Hashes":"SHA1=DFCEC41AA0EC233EC31C0EE54E13568005EC9338,MD5=C6FA6F18FDB062DC0371021D3CDC862D,SHA256=9144EE45736D7C21710276008109395FFBE50F687636251296390DFC2E168A05,IMPHASH=3B7A904FCD0C2F9BDAF7A3C1DB99406F","ParentProcessGuid":"{73626057-6a54-6830-3b9a-fd8334072425}","ParentProcessId":"3524","ParentImage":"C:\\Windows\\System32\\svchost.exe","ParentCommandLine":"svchost.exe -k netsvcs"}
{"provider":"Microsoft-Windows-Sysmon","event_id":1,"Level":"4","Task":"1","time_created":"2025-06-10T16:37:38.9492965Z","EventRecordID":"114154","ExecutionProcessID":"2824","ExecutionThreadID":"4208","Channel":"Microsoft-Windows-Sysmon/Operational","host":"DC-01.kestrelag.com","Computer":"DC-01.kestrelag.com","RuleName":"-","UtcTime":"2025-06-10 16:37:38.949","ProcessGuid":"{83eb9c06-5f52-6848-5ab9-54543b731c04}","ProcessId":"8660","Image":"C:\\Windows\\System32\\conhost.exe","FileVersion":"10.0.17763.1","Description":"Console Window Host","Product":"Microsoft Windows Operating System","Company":"Microsoft Corporation","OriginalFileName":"conhost.exe","CommandLine":"conhost.exe 0x4","CurrentDirectory":"C:\\Windows\\System32\\","User":"NT AUTHORITY\\SYSTEM","LogonGuid":"{a3d8ed8f-60dc-4557-8c5a-6fda4ef39281}","LogonId":"0x3e7","TerminalSessionId":"0","IntegrityLevel":"System","Hashes":"SHA1=557074AD8C63724D84703B56EC227FDE3FB2489A,MD5=DCB5E59D04CEF4B56E122A414818296C,SHA256=75F4776894793D4C6031A15418D586152AFD71CD2FB299182FCCB695A83E3403,IMPHASH=C0DA3B1C668315577E451FFE623DA443","ParentProcessGuid":"{83eb9c06-3c4b-6840-8c8c-98abbd047e91}","ParentProcessId":"2252","ParentImage":"C:\\Windows\\System32\\csrss.exe","ParentCommandLine":"csrss.exe"}
{"provider":"Microsoft-Windows-Sysmon","event_id":13,"Level":"4","Task":"13","time_created":"2025-06-10T16:37:39.9822800Z","EventRecordID":"114157","ExecutionProcessID":"2824","ExecutionThreadID":"4732","Channel":"Microsoft-Windows-Sysmon/Operational","host":"DC-01.kestrelag.com","Computer":"DC-01.kestrelag.com","RuleName":"-","EventType":"SetValue","UtcTime":"2025-06-10 16:37:39.982","ProcessGuid":"{83eb9c06-3c58-6840-02ee-5fa814203eb4}","ProcessId":"2400","Image":"C:\\Windows\\System32\\svchost.exe","User":"NT AUTHORITY\\SYSTEM","TargetObject":"HKLM\\SOFTWARE\\Microsoft\\Windows\\CurrentVersion\\Component Based Servicing\\Packages\\Microsoft-Windows-Client-Features~31bf3856ad364e35~amd64~~10.0.17763.70\\CurrentState","Details":"DWORD (0x00000070)"}
{"provider":"Microsoft-Windows-Sysmon","event_id":13,"Level":"4","Task":"13","time_created":"2025-06-10T16:37:57.4754316Z","EventRecordID":"184780","ExecutionProcessID":"1836","ExecutionThreadID":"2452","Channel":"Microsoft-Windows-Sysmon/Operational","host":"FS-01.kestrelag.com","Computer":"FS-01.kestrelag.com","RuleName":"-","EventType":"SetValue","UtcTime":"2025-06-10 16:37:57.475","ProcessGuid":"{73626057-6a54-6830-3b9a-fd8334072425}","ProcessId":"3524","Image":"C:\\Windows\\System32\\svchost.exe","User":"NT AUTHORITY\\NETWORK SERVICE","TargetObject":"HKLM\\SYSTEM\\CurrentControlSet\\Services\\SharedAccess\\Parameters\\FirewallPolicy\\StandardProfile\\EnableFirewall","Details":"DWORD (0x00000001)"}
{"provider":"Microsoft-Windows-Sysmon","event_id":1,"Level":"4","Task":"1","time_created":"2025-06-10T16:37:57.7481277Z","EventRecordID":"357156","ExecutionProcessID":"2972","ExecutionThreadID":"2568","Channel":"Microsoft-Windows-Sysmon/Operational","host":"APP-01.kestrelag.com","Computer":"APP-01.kestrelag.com","RuleName":"-","UtcTime":"2025-06-10 16:37:57.748","ProcessGuid":"{01eec844-5f65-6848-478a-7f96391fd3e5}","ProcessId":"7516","Image":"C:\\Windows\\System32\\wbem\\WmiPrvSE.exe","FileVersion":"10.0.17763.1","Description":"WMI Provider Host","Product":"Microsoft Windows Operating System","Company":"Microsoft Corporation","OriginalFileName":"WmiPrvSE.exe","CommandLine":"WmiPrvSE.exe -secured -Embedding","CurrentDirectory":"C:\\Windows\\System32\\","User":"NT AUTHORITY\\SYSTEM","LogonGuid":"{6e80e2f9-de2b-480b-83cd-330a62b589f6}","LogonId":"0x3e7","TerminalSessionId":"0","IntegrityLevel":"System","Hashes":"SHA1=6AD156D08BB4F9B25234F96E34E653FD71462DB9,MD5=30A5B57A08718348FAB95C22B5AECB52,SHA256=41F3A56D4D7DE7B7E4D6F1A6EAB3F159A1E5C8210760E3507918D6055AD0F8CF,IMPHASH=CDFFA5B4AF7AA0CE617D43ED10715987","ParentProcessGuid":"{01eec844-30cf-6844-0ccc-54da7a5d697b}","ParentProcessId":"2948","ParentImage":"C:\\Windows\\System32\\svchost.exe","ParentCommandLine":"svchost.exe -k DcomLaunch"}
{"provider":"Microsoft-Windows-Sysmon","event_id":5,"Level":"4","Task":"5","time_created":"2025-06-10T16:38:36.0172647Z","EventRecordID":"357158","ExecutionProcessID":"2972","ExecutionThreadID":"1868","Channel":"Microsoft-Windows-Sysmon/Operational","host":"APP-01.kestrelag.com","Computer":"APP-01.kestrelag.com","RuleName":"-","UtcTime":"2025-06-10 16:38:36.017","ProcessGuid":"{01eec844-43dd-6848-9b79-12d49440acba}","ProcessId":"7036","Image":"C:\\Windows\\System32\\cleanmgr.exe","User":"NT AUTHORITY\\SYSTEM"}
{"provider":"Microsoft-Windows-Sysmon","event_id":10,"Level":"4","Task":"10","time_created":"2025-06-10T16:38:59.1546221Z","EventRecordID":"114159","ExecutionProcessID":"2824","ExecutionThreadID":"1464","Channel":"Microsoft-Windows-Sysmon/Operational","host":"DC-01.kestrelag.com","Computer":"DC-01.kestrelag.com","RuleName":"-","UtcTime":"2025-06-10 16:38:59.154","SourceProcessGUID":"{83eb9c06-3c50-6840-0540-37d27b762555}","SourceProcessId":"2352","SourceImage":"C:\\Windows\\System32\\svchost.exe","SourceThreadId":"3468","SourceUser":"NT AUTHORITY\\SYSTEM","TargetProcessGUID":"{83eb9c06-3c4c-6840-9a7d-d55929bf8c83}","TargetProcessId":"2336","TargetImage":"C:\\Windows\\System32\\lsass.exe","TargetUser":"NT AUTHORITY\\SYSTEM","GrantedAccess":"0x1010","CallTrace":"C:\\Windows\\SYSTEM32\\ntdll.dll+9E4A8"}
{"provider":"Microsoft-Windows-Sysmon","event_id":1,"Level":"4","Task":"1","time_created":"2025-06-10T16:39:09.1233597Z","EventRecordID":"114166","ExecutionProcessID":"2824","ExecutionThreadID":"4732","Channel":"Microsoft-Windows-Sysmon/Operational","host":"DC-01.kestrelag.com","Computer":"DC-01.kestrelag.com","RuleName":"-","UtcTime":"2025-06-10 16:39:09.123","ProcessGuid":"{83eb9c06-5fad-6848-692a-7827f78e1183}","ProcessId":"8632","Image":"C:\\Windows\\System32\\dllhost.exe","FileVersion":"10.0.17763.1","Description":"COM Surrogate","Product":"Microsoft Windows Operating System","Company":"Microsoft Corporation","OriginalFileName":"dllhost.exe","CommandLine":"dllhost.exe /Processid:{3EB3C877-1F16-487C-9050-104DBCD66683}","CurrentDirectory":"C:\\Windows\\System32\\","User":"NT AUTHORITY\\SYSTEM","LogonGuid":"{a3d8ed8f-60dc-4557-8c5a-6fda4ef39281}","LogonId":"0x3e7","TerminalSessionId":"0","IntegrityLevel":"System","Hashes":"SHA1=E9843285F306715E9377A11649761552EAB1A78D,MD5=99E15BCE4A20CCD57152F4560FE025DD,SHA256=AE87276FEB54EB8E5D8CF628D65D2300337F1BDBEF5D6F1CDE2FBDBCDA2178B6,IMPHASH=9C46F35652CBE94C2DC7B1693268CB59","ParentProcessGuid":"{83eb9c06-3c50-6840-2e62-9271a2f53d72}","ParentProcessId":"2340","ParentImage":"C:\\Windows\\System32\\svchost.exe","ParentCommandLine":"svchost.exe -k DcomLaunch"}
{"provider":"Microsoft-Windows-Sysmon","event_id":13,"Level":"4","Task":"13","time_created":"2025-06-10T16:39:35.4448947Z","EventRecordID":"184813","ExecutionProcessID":"1836","ExecutionThreadID":"2452","Channel":"Microsoft-Windows-Sysmon/Operational","host":"FS-01.kestrelag.com","Computer":"FS-01.kestrelag.com","RuleName":"-","EventType":"SetValue","UtcTime":"2025-06-10 16:39:35.444","ProcessGuid":"{73626057-6a4d-6830-573e-775c161b88f4}","ProcessId":"3448","Image":"C:\\Windows\\System32\\services.exe","User":"NT AUTHORITY\\SYSTEM","TargetObject":"HKLM\\SYSTEM\\CurrentControlSet\\Services\\W32Time\\Config\\MaxPollInterval","Details":"DWORD (0x0000000f)"}
{"provider":"Microsoft-Windows-Sysmon","event_id":10,"Level":"4","Task":"10","time_created":"2025-06-10T16:39:36.9840826Z","EventRecordID":"114171","ExecutionProcessID":"2824","ExecutionThreadID":"1464","Channel":"Microsoft-Windows-Sysmon/Operational","host":"DC-01.kestrelag.com","Computer":"DC-01.kestrelag.com","RuleName":"-","UtcTime":"2025-06-10 16:39:36.984","SourceProcessGUID":"{83eb9c06-3c4d-6840-c63b-d50a7f627ba6}","SourceProcessId":"2332","SourceImage":"C:\\Windows\\System32\\services.exe","SourceThreadId":"9888","SourceUser":"NT AUTHORITY\\SYSTEM","TargetProcessGUID":"{83eb9c06-3c5e-6840-430c-36e4077ad2ab}","TargetProcessId":"2420","TargetImage":"C:\\ProgramData\\Microsoft\\Windows Defender\\Platform\\4.18.2301.6-0\\MsMpEng.exe","TargetUser":"NT AUTHORITY\\SYSTEM","GrantedAccess":"0x1000","CallTrace":"C:\\Windows\\SYSTEM32\\ntdll.dll+9E4A8"}
{"provider":"Microsoft-Windows-Sysmon","event_id":1,"Level":"4","Task":"1","time_created":"2025-06-10T16:39:43.4563700Z","EventRecordID":"184823","ExecutionProcessID":"1836","ExecutionThreadID":"2272","Channel":"Microsoft-Windows-Sysmon/Operational","host":"FS-01.kestrelag.com","Computer":"FS-01.kestrelag.com","RuleName":"-","UtcTime":"2025-06-10 16:39:43.456","ProcessGuid":"{73626057-5fcf-6848-df54-1734bc378024}","ProcessId":"8260","Image":"C:\\Windows\\System32\\svchost.exe","FileVersion":"10.0.17763.1","Description":"Host Process for Windows Services","Product":"Microsoft Windows Operating System","Company":"Microsoft Corporation","OriginalFileName":"svchost.exe","CommandLine":"svchost.exe -k netsvcs -p -s CryptSvc","CurrentDirectory":"C:\\Windows\\System32\\","User":"NT AUTHORITY\\SYSTEM","LogonGuid":"{67f6c453-3625-42d1-adcd-099656740ac3}","LogonId":"0x3e7","TerminalSessionId":"0","IntegrityLevel":"System","Hashes":"SHA1=FD5E52F6038DA3B46E67E5FFE69F1A7559330D6A,MD5=EB48672D9EF9F83CC59D0219312B398F,SHA256=A3EF6409F80683E76DC6B4A4A3DD02D3E25751B2088B9B18C8442471FF61DAF2,IMPHASH=B021D5C7B5AECC0A9822BE11A8A924DD","ParentProcessGuid":"{73626057-6a4d-6830-573e-775c161b88f4}","ParentProcessId":"3448","ParentImage":"C:\\Windows\\System32\\services.exe","ParentCommandLine":"services.exe"}
{"provider":"Microsoft-Windows-Sysmon","event_id":13,"Level":"4","Task":"13","time_created":"2025-06-10T16:39:49.3442230Z","EventRecordID":"184828","ExecutionProcessID":"1836","ExecutionThreadID":"2228","Channel":"Microsoft-Windows-Sysmon/Operational","host":"FS-01.kestrelag.com","Computer":"FS-01.kestrelag.com","RuleName":"-","EventType":"SetValue","UtcTime":"2025-06-10 16:39:49.344","ProcessGuid":"{73626057-6a5f-6830-6051-946048ea9788}","ProcessId":"3724","Image":"C:\\Windows\\System32\\dllhost.exe","User":"NT AUTHORITY\\SYSTEM","TargetObject":"HKLM\\SOFTWARE\\Microsoft\\Windows\\CurrentVersion\\WINEVT\\Channels\\Microsoft-Windows-Sysmon/Operational\\Enabled","Details":"DWORD (0x00000001)"}
{"provider":"Microsoft-Windows-Sysmon","event_id":1,"Level":"4","Task":"1","time_created":"2025-06-10T16:40:19.0081157Z","EventRecordID":"357160","ExecutionProcessID":"2972","ExecutionThreadID":"2480","Channel":"Microsoft-Windows-Sysmon/Operational","host":"APP-01.kestrelag.com","Computer":"APP-01.kestrelag.com","RuleName":"-","UtcTime":"2025-06-10 16:40:19.008","ProcessGuid":"{01eec844-5ff3-6848-ee8a-9ce5c6c4c31b}","ProcessId":"7776","Image":"C:\\Windows\\System32\\taskhostw.exe","FileVersion":"10.0.17763.1","Description":"Host Process for Windows Tasks","Product":"Microsoft Windows Operating System","Company":"Microsoft Corporation","OriginalFileName":"taskhostw.exe","CommandLine":"taskhostw.exe","CurrentDirectory":"C:\\Windows\\System32\\","User":"NT AUTHORITY\\SYSTEM","LogonGuid":"{6e80e2f9-de2b-480b-83cd-330a62b589f6}","LogonId":"0x3e7","TerminalSessionId":"0","IntegrityLevel":"System","Hashes":"SHA1=E9D89BE9F06C87CE3F0ED2C902086D665079AC3F,MD5=BFB4F13826BAF7E99DC8635665152633,SHA256=17EEB63FFF746AC1E28410EF5F2A7393F799E01860AB3CC7FE4700E909266323,IMPHASH=625D48FCB9529D002E844734F583C0E5","ParentProcessGuid":"{01eec844-30d1-6844-0496-deb55c9a5dde}","ParentProcessId":"2956","ParentImage":"C:\\Windows\\System32\\svchost.exe","ParentCommandLine":"svchost.exe -k LocalSystem"}
{"provider":"Microsoft-Windows-Sysmon","event_id":1,"Level":"4","Task":"1","time_created":"2025-06-10T16:40:23.4791820Z","EventRecordID":"114173","ExecutionProcessID":"2824","ExecutionThreadID":"4732","Channel":"Microsoft-Windows-Sysmon/Operational","host":"DC-01.kestrelag.com","Computer":"DC-01.kestrelag.com","RuleName":"-","UtcTime":"2025-06-10 16:40:23.479","ProcessGuid":"{83eb9c06-5ff7-6848-52b5-759952c37ea1}","ProcessId":"9000","Image":"C:\\Windows\\System32\\usoclient.exe","FileVersion":"10.0.17763.1","Description":"Update Session Orchestrator","Product":"Microsoft Windows Operating System","Company":"Microsoft Corporation","OriginalFileName":"UsoClient.exe","CommandLine":"usoclient.exe ResumeUpdate","CurrentDirectory":"C:\\Windows\\System32\\","User":"NT AUTHORITY\\SYSTEM","LogonGuid":"{a3d8ed8f-60dc-4557-8c5a-6fda4ef39281}","LogonId":"0x3e7","TerminalSessionId":"0","IntegrityLevel":"System","Hashes":"SHA1=C767054065B19A5450CFF1749D104FBB9EBBCF35,MD5=F42F3909AC031B335F1E786FB6BF598C,SHA256=43E9AAA397C85442B996052AF581B6B049EF03E4716AC3525AA695AA41967FCF,IMPHASH=E27D3E9AB8E8FD24AB0E373C60BBF32B","ParentProcessGuid":"{83eb9c06-3c58-6840-02ee-5fa814203eb4}","ParentProcessId":"2400","ParentImage":"C:\\Windows\\System32\\svchost.exe","ParentCommandLine":"svchost.exe -k wusvcs"}
{"provider":"Microsoft-Windows-Sysmon","event_id":5,"Level":"4","Task":"5","time_created":"2025-06-10T16:40:51.1024806Z","EventRecordID":"184831","ExecutionProcessID":"1836","ExecutionThreadID":"2452","Channel":"Microsoft-Windows-Sysmon/Operational","host":"FS-01.kestrelag.com","Computer":"FS-01.kestrelag.com","RuleName":"-","UtcTime":"2025-06-10 16:40:51.102","ProcessGuid":"{73626057-4394-6848-ae6c-932dd81b6be0}","ProcessId":"7648","Image":"C:\\Windows\\System32\\cleanmgr.exe","User":"NT AUTHORITY\\SYSTEM"}
{"provider":"Microsoft-Windows-Sysmon","event_id":13,"Level":"4","Task":"13","time_created":"2025-06-10T16:40:58.2729823Z","EventRecordID":"114180","ExecutionProcessID":"2824","ExecutionThreadID":"1464","Channel":"Microsoft-Windows-Sysmon/Operational","host":"DC-01.kestrelag.com","Computer":"DC-01.kestrelag.com","RuleName":"-","EventType":"SetValue","UtcTime":"2025-06-10 16:40:58.272","ProcessGuid":"{83eb9c06-3c4d-6840-c63b-d50a7f627ba6}","ProcessId":"2332","Image":"C:\\Windows\\System32\\services.exe","User":"NT AUTHORITY\\SYSTEM","TargetObject":"HKLM\\SOFTWARE\\Microsoft\\Windows\\CurrentVersion\\Component Based Servicing\\Packages\\Package_for_RollupFix~31bf3856ad364e35~amd64~~10.0.17763.58\\CurrentState","Details":"DWORD (0x00000070)"}
{"provider":"Microsoft-Windows-Sysmon","event_id":1,"Level":"4","Task":"1","time_created":"2025-06-10T16:40:59.7285860Z","EventRecordID":"357191","ExecutionProcessID":"2972","ExecutionThreadID":"2536","Channel":"Microsoft-Windows-Sysmon/Operational","host":"APP-01.kestrelag.com","Computer":"APP-01.kestrelag.com","RuleName":"-","UtcTime":"2025-06-10 16:40:59.728","ProcessGuid":"{01eec844-601b-6848-dab8-36d05206f640}","ProcessId":"7744","Image":"C:\\Windows\\System32\\wbem\\WmiPrvSE.exe","FileVersion":"10.0.17763.1","Description":"WMI Provider Host","Product":"Microsoft Windows Operating System","Company":"Microsoft Corporation","OriginalFileName":"WmiPrvSE.exe","CommandLine":"WmiPrvSE.exe -secured -Embedding","CurrentDirectory":"C:\\Windows\\System32\\","User":"NT AUTHORITY\\SYSTEM","LogonGuid":"{6e80e2f9-de2b-480b-83cd-330a62b589f6}","LogonId":"0x3e7","TerminalSessionId":"0","IntegrityLevel":"System","Hashes":"SHA1=6AD156D08BB4F9B25234F96E34E653FD71462DB9,MD5=30A5B57A08718348FAB95C22B5AECB52,SHA256=41F3A56D4D7DE7B7E4D6F1A6EAB3F159A1E5C8210760E3507918D6055AD0F8CF,IMPHASH=CDFFA5B4AF7AA0CE617D43ED10715987","ParentProcessGuid":"{01eec844-30cf-6844-0ccc-54da7a5d697b}","ParentProcessId":"2948","ParentImage":"C:\\Windows\\System32\\svchost.exe","ParentCommandLine":"svchost.exe -k DcomLaunch"}
{"provider":"Microsoft-Windows-Sysmon","event_id":13,"Level":"4","Task":"13","time_created":"2025-06-10T16:41:10.5058468Z","EventRecordID":"357195","ExecutionProcessID":"2972","ExecutionThreadID":"2480","Channel":"Microsoft-Windows-Sysmon/Operational","host":"APP-01.kestrelag.com","Computer":"APP-01.kestrelag.com","RuleName":"-","EventType":"SetValue","UtcTime":"2025-06-10 16:41:10.505","ProcessGuid":"{01eec844-30da-6844-6c9a-d9ae4bf081f3}","ProcessId":"3192","Image":"C:\\Windows\\System32\\svchost.exe","User":"NT AUTHORITY\\SYSTEM","TargetObject":"HKLM\\SOFTWARE\\Microsoft\\Windows\\CurrentVersion\\Component Based Servicing\\Packages\\Package_for_DotNetRollup~31bf3856ad364e35~amd64~~10.0.17763.51\\CurrentState","Details":"DWORD (0x00000070)"}
{"provider":"Microsoft-Windows-Sysmon","event_id":22,"Level":"4","Task":"22","time_created":"2025-06-10T16:41:20.8310503Z","EventRecordID":"114182","ExecutionProcessID":"2824","ExecutionThreadID":"4732","Channel":"Microsoft-Windows-Sysmon/Operational","host":"DC-01.kestrelag.com","Computer":"DC-01.kestrelag.com","RuleName":"-","UtcTime":"2025-06-10 16:41:20.831","ProcessGuid":"{83eb9c06-3c53-6840-9b79-f1e262f44f72}","ProcessId":"2372","QueryName":"ctldl.windowsupdate.com","QueryStatus":"0","QueryResults":"52.114.128.40;52.114.132.73;","Image":"C:\\Windows\\System32\\svchost.exe","User":"NT AUTHORITY\\LOCAL SERVICE"}
{"provider":"Microsoft-Windows-Sysmon","event_id":22,"Level":"4","Task":"22","time_created":"2025-06-10T16:41:20.8870740Z","EventRecordID":"114211","ExecutionProcessID":"2824","ExecutionThreadID":"4732","Channel":"Microsoft-Windows-Sysmon/Operational","host":"DC-01.kestrelag.com","Computer":"DC-01.kestrelag.com","RuleName":"-","UtcTime":"2025-06-10 16:41:20.887","ProcessGuid":"{83eb9c06-3c53-6840-9b79-f1e262f44f72}","ProcessId":"2372","QueryName":"windowsupdate.com","QueryStatus":"0","QueryResults":"ns1-205.azure-dns.com;ns2-205.azure-dns.net;ns3-205.azure-dns.org;ns4-205.azure-dns.info;","Image":"C:\\Windows\\System32\\svchost.exe","User":"NT AUTHORITY\\LOCAL SERVICE"}
{"provider":"Microsoft-Windows-Sysmon","event_id":13,"Level":"4","Task":"13","time_created":"2025-06-10T16:41:34.5947871Z","EventRecordID":"357199","ExecutionProcessID":"2972","ExecutionThreadID":"2568","Channel":"Microsoft-Windows-Sysmon/Operational","host":"APP-01.kestrelag.com","Computer":"APP-01.kestrelag.com","RuleName":"-","EventType":"SetValue","UtcTime":"2025-06-10 16:41:34.594","ProcessGuid":"{01eec844-30d1-6844-0496-deb55c9a5dde}","ProcessId":"2956","Image":"C:\\Windows\\System32\\svchost.exe","User":"NT AUTHORITY\\SYSTEM","TargetObject":"HKLM\\SOFTWARE\\Microsoft\\Windows Defender\\Real-Time Protection\\DisableRealtimeMonitoring","Details":"DWORD (0x00000000)"}
{"provider":"Microsoft-Windows-Sysmon","event_id":10,"Level":"4","Task":"10","time_created":"2025-06-10T16:41:34.7263272Z","EventRecordID":"184857","ExecutionProcessID":"1836","ExecutionThreadID":"2272","Channel":"Microsoft-Windows-Sysmon/Operational","host":"FS-01.kestrelag.com","Computer":"FS-01.kestrelag.com","RuleName":"-","UtcTime":"2025-06-10 16:41:34.726","SourceProcessGUID":"{73626057-6a5a-6830-decf-94ef7dc2c111}","SourceProcessId":"3616","SourceImage":"C:\\ProgramData\\Microsoft\\Windows Defender\\Platform\\4.18.2301.6-0\\MsMpEng.exe","SourceThreadId":"1088","SourceUser":"NT AUTHORITY\\SYSTEM","TargetProcessGUID":"{73626057-6a6a-6830-a3c7-1553639d2862}","TargetProcessId":"3804","TargetImage":"C:\\Windows\\System32\\winlogon.exe","TargetUser":"NT AUTHORITY\\SYSTEM","GrantedAccess":"0x1010","CallTrace":"C:\\Windows\\SYSTEM32\\ntdll.dll+9CF8A|C:\\Windows\\SYSTEM32\\KERNELBASE.dll+2D424|C:\\Windows\\SYSTEM32\\sechost.dll+1381F"}
{"provider":"Microsoft-Windows-Sysmon","event_id":22,"Level":"4","Task":"22","time_created":"2025-06-10T16:41:59.1657404Z","EventRecordID":"114217","ExecutionProcessID":"2824","ExecutionThreadID":"4732","Channel":"Microsoft-Windows-Sysmon/Operational","host":"DC-01.kestrelag.com","Computer":"DC-01.kestrelag.com","RuleName":"-","UtcTime":"2025-06-10 16:41:59.165","ProcessGuid":"{83eb9c06-3c53-6840-9b79-f1e262f44f72}","ProcessId":"2372","QueryName":"downloads.cloud.com","QueryStatus":"0","QueryResults":"23.45.126.51;23.45.127.51;","Image":"C:\\Windows\\System32\\svchost.exe","User":"NT AUTHORITY\\LOCAL SERVICE"}
{"provider":"Microsoft-Windows-Sysmon","event_id":7,"Level":"4","Task":"7","time_created":"2025-06-10T16:42:02.6193123Z","EventRecordID":"357206","ExecutionProcessID":"2972","ExecutionThreadID":"1868","Channel":"Microsoft-Windows-Sysmon/Operational","host":"APP-01.kestrelag.com","Computer":"APP-01.kestrelag.com","RuleName":"-","UtcTime":"2025-06-10 16:42:02.619","ProcessGuid":"{01eec844-3a41-6848-82c3-d2278ca1b02e}","ProcessId":"6888","Image":"C:\\Program Files\\Google\\Chrome\\Application\\chrome.exe","ImageLoaded":"C:\\Program Files\\Google\\Chrome\\Application\\122.0.6261.129\\chrome_elf.dll","FileVersion":"120.0.6099.225","Description":"Google Chrome ELF","Product":"Google Chrome","Company":"Google LLC","OriginalFileName":"chrome_elf.dll","Hashes":"SHA1=7574931FC3C5C44C41C8D9657D2DC7D0905221EC,MD5=BB80140DFB145B63918A80B7EB2309EC,SHA256=3BD14FF2C058D270BA828F56A35F7745168EB0B3C152EDE17347A35057C4F06F,IMPHASH=8FE133F676F92BE059B1B228005A282D","Signed":"true","Signature":"Google LLC","SignatureStatus":"Valid"}
{"provider":"Microsoft-Windows-Sysmon","event_id":13,"Level":"4","Task":"13","time_created":"2025-06-10T16:42:27.8045199Z","EventRecordID":"184862","ExecutionProcessID":"1836","ExecutionThreadID":"2228","Channel":"Microsoft-Windows-Sysmon/Operational","host":"FS-01.kestrelag.com","Computer":"FS-01.kestrelag.com","RuleName":"-","EventType":"SetValue","UtcTime":"2025-06-10 16:42:27.804","ProcessGuid":"{73626057-6a4d-6830-573e-775c161b88f4}","ProcessId":"3448","Image":"C:\\Windows\\System32\\services.exe","User":"NT AUTHORITY\\SYSTEM","TargetObject":"HKLM\\SOFTWARE\\Microsoft\\Windows\\CurrentVersion\\WINEVT\\Channels\\Microsoft-Windows-Sysmon/Operational\\Enabled","Details":"DWORD (0x00000001)"}
{"provider":"Microsoft-Windows-Sysmon","event_id":10,"Level":"4","Task":"10","time_created":"2025-06-10T16:42:30.5888430Z","EventRecordID":"114220","ExecutionProcessID":"2824","ExecutionThreadID":"4732","Channel":"Microsoft-Windows-Sysmon/Operational","host":"DC-01.kestrelag.com","Computer":"DC-01.kestrelag.com","RuleName":"-","UtcTime":"2025-06-10 16:42:30.588","SourceProcessGUID":"{83eb9c06-3c50-6840-0540-37d27b762555}","SourceProcessId":"2352","SourceImage":"C:\\Windows\\System32\\svchost.exe","SourceThreadId":"7116","SourceUser":"NT AUTHORITY\\SYSTEM","TargetProcessGUID":"{83eb9c06-3c4c-6840-9a7d-d55929bf8c83}","TargetProcessId":"2336","TargetImage":"C:\\Windows\\System32\\lsass.exe","TargetUser":"NT AUTHORITY\\SYSTEM","GrantedAccess":"0x1000","CallTrace":"C:\\Windows\\SYSTEM32\\ntdll.dll+9E4A8"}
{"provider":"Microsoft-Windows-Sysmon","event_id":1,"Level":"4","Task":"1","time_created":"2025-06-10T16:42:32.9794972Z","EventRecordID":"114221","ExecutionProcessID":"2824","ExecutionThreadID":"1464","Channel":"Microsoft-Windows-Sysmon/Operational","host":"DC-01.kestrelag.com","Computer":"DC-01.kestrelag.com","RuleName":"-","UtcTime":"2025-06-10 16:42:32.979","ProcessGuid":"{83eb9c06-6078-6848-6791-d42b05a7dd97}","ProcessId":"8852","Image":"C:\\Windows\\System32\\wbem\\WmiPrvSE.exe","FileVersion":"10.0.17763.1","Description":"WMI Provider Host","Product":"Microsoft Windows Operating System","Company":"Microsoft Corporation","OriginalFileName":"WmiPrvSE.exe","CommandLine":"WmiPrvSE.exe -secured -Embedding","CurrentDirectory":"C:\\Windows\\System32\\","User":"NT AUTHORITY\\SYSTEM","LogonGuid":"{a3d8ed8f-60dc-4557-8c5a-6fda4ef39281}","LogonId":"0x3e7","TerminalSessionId":"0","IntegrityLevel":"System","Hashes":"SHA1=6AD156D08BB4F9B25234F96E34E653FD71462DB9,MD5=30A5B57A08718348FAB95C22B5AECB52,SHA256=41F3A56D4D7DE7B7E4D6F1A6EAB3F159A1E5C8210760E3507918D6055AD0F8CF,IMPHASH=CDFFA5B4AF7AA0CE617D43ED10715987","ParentProcessGuid":"{83eb9c06-3c50-6840-2e62-9271a2f53d72}","ParentProcessId":"2340","ParentImage":"C:\\Windows\\System32\\svchost.exe","ParentCommandLine":"svchost.exe -k DcomLaunch"}
{"provider":"Microsoft-Windows-Sysmon","event_id":5,"Level":"4","Task":"5","time_created":"2025-06-10T16:42:34.2495107Z","EventRecordID":"114222","ExecutionProcessID":"2824","ExecutionThreadID":"4732","Channel":"Microsoft-Windows-Sysmon/Operational","host":"DC-01.kestrelag.com","Computer":"DC-01.kestrelag.com","RuleName":"-","UtcTime":"2025-06-10 16:42:34.249","ProcessGuid":"{83eb9c06-3243-6848-b726-df797680c113}","ProcessId":"7036","Image":"C:\\Windows\\WinSxS\\amd64_microsoft-windows-servicingstack_31bf3856ad364e35_10.0.17763.5329_none_7c91d6e7c9f7f1f5\\TiWorker.exe","User":"NT AUTHORITY\\SYSTEM"}
{"provider":"Microsoft-Windows-Sysmon","event_id":10,"Level":"4","Task":"10","time_created":"2025-06-10T16:42:38.5078769Z","EventRecordID":"114228","ExecutionProcessID":"2824","ExecutionThreadID":"4732","Channel":"Microsoft-Windows-Sysmon/Operational","host":"DC-01.kestrelag.com","Computer":"DC-01.kestrelag.com","RuleName":"-","UtcTime":"2025-06-10 16:42:38.507","SourceProcessGUID":"{83eb9c06-3c4d-6840-c63b-d50a7f627ba6}","SourceProcessId":"2332","SourceImage":"C:\\Windows\\System32\\services.exe","SourceThreadId":"1900","SourceUser":"NT AUTHORITY\\SYSTEM","TargetProcessGUID":"{83eb9c06-3c4c-6840-9a7d-d55929bf8c83}","TargetProcessId":"2336","TargetImage":"C:\\Windows\\System32\\lsass.exe","TargetUser":"NT AUTHORITY\\SYSTEM","GrantedAccess":"0x1000","CallTrace":"C:\\Windows\\SYSTEM32\\ntdll.dll+9E1F4|C:\\Windows\\SYSTEM32\\KERNELBASE.dll+2C737|C:\\Windows\\SYSTEM32\\wbemcomn.dll+16027"}
{"provider":"Microsoft-Windows-Sysmon","event_id":1,"Level":"4","Task":"1","time_created":"2025-06-10T16:42:46.3701924Z","EventRecordID":"357207","ExecutionProcessID":"2972","ExecutionThreadID":"2536","Channel":"Microsoft-Windows-Sysmon/Operational","host":"APP-01.kestrelag.com","Computer":"APP-01.kestrelag.com","RuleName":"-","UtcTime":"2025-06-10 16:42:46.370","ProcessGuid":"{01eec844-6086-6848-5741-faa5718422ea}","ProcessId":"7692","Image":"C:\\Windows\\System32\\wbem\\WmiPrvSE.exe","FileVersion":"10.0.17763.1","Description":"WMI Provider Host","Product":"Microsoft Windows Operating System","Company":"Microsoft Corporation","OriginalFileName":"WmiPrvSE.exe","CommandLine":"WmiPrvSE.exe -secured -Embedding","CurrentDirectory":"C:\\Windows\\System32\\","User":"NT AUTHORITY\\SYSTEM","LogonGuid":"{6e80e2f9-de2b-480b-83cd-330a62b589f6}","LogonId":"0x3e7","TerminalSessionId":"0","IntegrityLevel":"System","Hashes":"SHA1=6AD156D08BB4F9B25234F96E34E653FD71462DB9,MD5=30A5B57A08718348FAB95C22B5AECB52,SHA256=41F3A56D4D7DE7B7E4D6F1A6EAB3F159A1E5C8210760E3507918D6055AD0F8CF,IMPHASH=CDFFA5B4AF7AA0CE617D43ED10715987","ParentProcessGuid":"{01eec844-30cf-6844-0ccc-54da7a5d697b}","ParentProcessId":"2948","ParentImage":"C:\\Windows\\System32\\svchost.exe","ParentCommandLine":"svchost.exe -k DcomLaunch"}
{"provider":"Microsoft-Windows-Sysmon","event_id":5,"Level":"4","Task":"5","time_created":"2025-06-10T16:43:04.7440459Z","EventRecordID":"184868","ExecutionProcessID":"1836","ExecutionThreadID":"2228","Channel":"Microsoft-Windows-Sysmon/Operational","host":"FS-01.kestrelag.com","Computer":"FS-01.kestrelag.com","RuleName":"-","UtcTime":"2025-06-10 16:43:04.744","ProcessGuid":"{73626057-372d-6848-b8bd-162e80ed66d3}","ProcessId":"6932","Image":"C:\\Windows\\System32\\dllhost.exe","User":"NT AUTHORITY\\SYSTEM"}
{"provider":"Microsoft-Windows-Sysmon","event_id":5,"Level":"4","Task":"5","time_created":"2025-06-10T16:43:09.9895927Z","EventRecordID":"184874","ExecutionProcessID":"1836","ExecutionThreadID":"2272","Channel":"Microsoft-Windows-Sysmon/Operational","host":"FS-01.kestrelag.com","Computer":"FS-01.kestrelag.com","RuleName":"-","UtcTime":"2025-06-10 16:43:09.989","ProcessGuid":"{73626057-3ef2-6848-cc22-113e0e3a4ad3}","ProcessId":"7216","Image":"C:\\Windows\\System32\\wsqmcons.exe","User":"NT AUTHORITY\\SYSTEM"}
{"provider":"Microsoft-Windows-Sysmon","event_id":13,"Level":"4","Task":"13","time_created":"2025-06-10T16:43:14.3300753Z","EventRecordID":"357210","ExecutionProcessID":"2972","ExecutionThreadID":"2568","Channel":"Microsoft-Windows-Sysmon/Operational","host":"APP-01.kestrelag.com","Computer":"APP-01.kestrelag.com","RuleName":"-","EventType":"SetValue","UtcTime":"2025-06-10 16:43:14.330","ProcessGuid":"{01eec844-30cb-6844-c713-342d9b6db6df}","ProcessId":"2896","Image":"C:\\Windows\\System32\\services.exe","User":"NT AUTHORITY\\SYSTEM","TargetObject":"HKLM\\SOFTWARE\\Microsoft\\Windows\\CurrentVersion\\Component Based Servicing\\Packages\\Package_for_RollupFix~31bf3856ad364e35~amd64~~10.0.17763.50\\CurrentState","Details":"DWORD (0x00000070)"}
{"provider":"Microsoft-Windows-Sysmon","event_id":13,"Level":"4","Task":"13","time_created":"2025-06-10T16:43:21.1367840Z","EventRecordID":"357222","ExecutionProcessID":"2972","ExecutionThreadID":"1868","Channel":"Microsoft-Windows-Sysmon/Operational","host":"APP-01.kestrelag.com","Computer":"APP-01.kestrelag.com","RuleName":"-","EventType":"SetValue","UtcTime":"2025-06-10 16:43:21.136","ProcessGuid":"{01eec844-30da-6844-6c9a-d9ae4bf081f3}","ProcessId":"3192","Image":"C:\\Windows\\System32\\svchost.exe","User":"NT AUTHORITY\\SYSTEM","TargetObject":"HKLM\\SOFTWARE\\Microsoft\\Windows\\CurrentVersion\\Component Based Servicing\\Packages\\Package_for_ServicingStack~31bf3856ad364e35~amd64~~10.0.17763.8\\CurrentState","Details":"DWORD (0x00000070)"}
{"provider":"Microsoft-Windows-Sysmon","event_id":10,"Level":"4","Task":"10","time_created":"2025-06-10T16:43:26.5585398Z","EventRecordID":"114233","ExecutionProcessID":"2824","ExecutionThreadID":"4732","Channel":"Microsoft-Windows-Sysmon/Operational","host":"DC-01.kestrelag.com","Computer":"DC-01.kestrelag.com","RuleName":"-","UtcTime":"2025-06-10 16:43:26.558","SourceProcessGUID":"{83eb9c06-3c50-6840-0540-37d27b762555}","SourceProcessId":"2352","SourceImage":"C:\\Windows\\System32\\svchost.exe","SourceThreadId":"3116","SourceUser":"NT AUTHORITY\\SYSTEM","TargetProcessGUID":"{83eb9c06-3c4c-6840-9a7d-d55929bf8c83}","TargetProcessId":"2336","TargetImage":"C:\\Windows\\System32\\lsass.exe","TargetUser":"NT AUTHORITY\\SYSTEM","GrantedAccess":"0x1400","CallTrace":"C:\\Windows\\SYSTEM32\\ntdll.dll+9E1F4|C:\\Windows\\SYSTEM32\\KERNELBASE.dll+2C737|C:\\Windows\\SYSTEM32\\wbemcomn.dll+16027"}
